[0.197s] DEBUG:colcon:Command line arguments: ['/usr/bin/colcon', 'build']
[0.197s] DEBUG:colcon:Parsed command line arguments: Namespace(log_base=None, log_level=None, verb_name='build', build_base='build', install_base='install', merge_install=False, symlink_install=False, test_result_base=None, continue_on_error=False, executor='parallel', parallel_workers=4, event_handlers=None, ignore_user_meta=False, metas=['./colcon.meta'], base_paths=['.'], packages_ignore=None, packages_ignore_regex=None, paths=None, packages_up_to=None, packages_up_to_regex=None, packages_above=None, packages_above_and_dependencies=None, packages_above_depth=None, packages_select_by_dep=None, packages_skip_by_dep=None, packages_skip_up_to=None, packages_select_build_failed=False, packages_skip_build_finished=False, packages_select_test_failures=False, packages_skip_test_passed=False, packages_select=None, packages_skip=None, packages_select_regex=None, packages_skip_regex=None, packages_start=None, packages_end=None, allow_overriding=[], cmake_args=None, cmake_target=None, cmake_target_skip_unavailable=False, cmake_clean_cache=False, cmake_clean_first=False, cmake_force_configure=False, ament_cmake_args=None, catkin_cmake_args=None, catkin_skip_building_tests=False, mixin_files=None, mixin=None, verb_parser=<colcon_mixin.mixin.mixin_argument.MixinArgumentDecorator object at 0x7c74e9865c90>, verb_extension=<colcon_core.verb.build.BuildVerb object at 0x7c74e9865210>, main=<bound method BuildVerb.main of <colcon_core.verb.build.BuildVerb object at 0x7c74e9865210>>, mixin_verb=('build',))
[0.458s] Level 1:colcon.colcon_core.package_discovery:discover_packages(colcon_meta) check parameters
[0.458s] Level 1:colcon.colcon_core.package_discovery:discover_packages(recursive) check parameters
[0.458s] Level 1:colcon.colcon_core.package_discovery:discover_packages(ignore) check parameters
[0.458s] Level 1:colcon.colcon_core.package_discovery:discover_packages(path) check parameters
[0.458s] Level 1:colcon.colcon_core.package_discovery:discover_packages(colcon_meta) discover
[0.458s] Level 1:colcon.colcon_core.package_discovery:discover_packages(recursive) discover
[0.459s] INFO:colcon.colcon_core.package_discovery:Crawling recursively for packages in '/home/ubuntu_ros2/model_ws'
[0.459s] Level 1:colcon.colcon_core.package_identification:_identify(.) by extensions ['ignore', 'ignore_ament_install']
[0.459s] Level 1:colcon.colcon_core.package_identification:_identify(.) by extension 'ignore'
[0.459s] Level 1:colcon.colcon_core.package_identification:_identify(.) by extension 'ignore_ament_install'
[0.459s] Level 1:colcon.colcon_core.package_identification:_identify(.) by extensions ['colcon_pkg']
[0.459s] Level 1:colcon.colcon_core.package_identification:_identify(.) by extension 'colcon_pkg'
[0.459s] Level 1:colcon.colcon_core.package_identification:_identify(.) by extensions ['colcon_meta']
[0.459s] Level 1:colcon.colcon_core.package_identification:_identify(.) by extension 'colcon_meta'
[0.459s] Level 1:colcon.colcon_core.package_identification:_identify(.) by extensions ['ros']
[0.459s] Level 1:colcon.colcon_core.package_identification:_identify(.) by extension 'ros'
[0.477s] Level 1:colcon.colcon_core.package_identification:_identify(.) by extensions ['cmake', 'python']
[0.477s] Level 1:colcon.colcon_core.package_identification:_identify(.) by extension 'cmake'
[0.477s] Level 1:colcon.colcon_core.package_identification:_identify(.) by extension 'python'
[0.477s] Level 1:colcon.colcon_core.package_identification:_identify(.) by extensions ['python_setup_py']
[0.477s] Level 1:colcon.colcon_core.package_identification:_identify(.) by extension 'python_setup_py'
[0.477s] Level 1:colcon.colcon_core.package_identification:_identify(build) by extensions ['ignore', 'ignore_ament_install']
[0.477s] Level 1:colcon.colcon_core.package_identification:_identify(build) by extension 'ignore'
[0.477s] Level 1:colcon.colcon_core.package_identification:_identify(build) ignored
[0.478s] Level 1:colcon.colcon_core.package_identification:_identify(install) by extensions ['ignore', 'ignore_ament_install']
[0.478s] Level 1:colcon.colcon_core.package_identification:_identify(install) by extension 'ignore'
[0.478s] Level 1:colcon.colcon_core.package_identification:_identify(install) ignored
[0.480s] Level 1:colcon.colcon_core.package_identification:_identify(log) by extensions ['ignore', 'ignore_ament_install']
[0.481s] Level 1:colcon.colcon_core.package_identification:_identify(log) by extension 'ignore'
[0.481s] Level 1:colcon.colcon_core.package_identification:_identify(log) ignored
[0.481s] Level 1:colcon.colcon_core.package_identification:_identify(src) by extensions ['ignore', 'ignore_ament_install']
[0.481s] Level 1:colcon.colcon_core.package_identification:_identify(src) by extension 'ignore'
[0.482s] Level 1:colcon.colcon_core.package_identification:_identify(src) by extension 'ignore_ament_install'
[0.482s] Level 1:colcon.colcon_core.package_identification:_identify(src) by extensions ['colcon_pkg']
[0.482s] Level 1:colcon.colcon_core.package_identification:_identify(src) by extension 'colcon_pkg'
[0.482s] Level 1:colcon.colcon_core.package_identification:_identify(src) by extensions ['colcon_meta']
[0.482s] Level 1:colcon.colcon_core.package_identification:_identify(src) by extension 'colcon_meta'
[0.482s] Level 1:colcon.colcon_core.package_identification:_identify(src) by extensions ['ros']
[0.482s] Level 1:colcon.colcon_core.package_identification:_identify(src) by extension 'ros'
[0.482s] Level 1:colcon.colcon_core.package_identification:_identify(src) by extensions ['cmake', 'python']
[0.482s] Level 1:colcon.colcon_core.package_identification:_identify(src) by extension 'cmake'
[0.482s] Level 1:colcon.colcon_core.package_identification:_identify(src) by extension 'python'
[0.482s] Level 1:colcon.colcon_core.package_identification:_identify(src) by extensions ['python_setup_py']
[0.482s] Level 1:colcon.colcon_core.package_identification:_identify(src) by extension 'python_setup_py'
[0.482s] Level 1:colcon.colcon_core.package_identification:_identify(src/my_robot_brightup) by extensions ['ignore', 'ignore_ament_install']
[0.482s] Level 1:colcon.colcon_core.package_identification:_identify(src/my_robot_brightup) by extension 'ignore'
[0.482s] Level 1:colcon.colcon_core.package_identification:_identify(src/my_robot_brightup) by extension 'ignore_ament_install'
[0.483s] Level 1:colcon.colcon_core.package_identification:_identify(src/my_robot_brightup) by extensions ['colcon_pkg']
[0.483s] Level 1:colcon.colcon_core.package_identification:_identify(src/my_robot_brightup) by extension 'colcon_pkg'
[0.483s] Level 1:colcon.colcon_core.package_identification:_identify(src/my_robot_brightup) by extensions ['colcon_meta']
[0.483s] Level 1:colcon.colcon_core.package_identification:_identify(src/my_robot_brightup) by extension 'colcon_meta'
[0.483s] Level 1:colcon.colcon_core.package_identification:_identify(src/my_robot_brightup) by extensions ['ros']
[0.483s] Level 1:colcon.colcon_core.package_identification:_identify(src/my_robot_brightup) by extension 'ros'
[0.487s] DEBUG:colcon.colcon_core.package_identification:Package 'src/my_robot_brightup' with type 'ros.ament_cmake' and name 'my_robot_brightup'
[0.487s] Level 1:colcon.colcon_core.package_identification:_identify(src/nav2_ipso_planner) by extensions ['ignore', 'ignore_ament_install']
[0.487s] Level 1:colcon.colcon_core.package_identification:_identify(src/nav2_ipso_planner) by extension 'ignore'
[0.487s] Level 1:colcon.colcon_core.package_identification:_identify(src/nav2_ipso_planner) by extension 'ignore_ament_install'
[0.487s] Level 1:colcon.colcon_core.package_identification:_identify(src/nav2_ipso_planner) by extensions ['colcon_pkg']
[0.487s] Level 1:colcon.colcon_core.package_identification:_identify(src/nav2_ipso_planner) by extension 'colcon_pkg'
[0.487s] Level 1:colcon.colcon_core.package_identification:_identify(src/nav2_ipso_planner) by extensions ['colcon_meta']
[0.488s] Level 1:colcon.colcon_core.package_identification:_identify(src/nav2_ipso_planner) by extension 'colcon_meta'
[0.488s] Level 1:colcon.colcon_core.package_identification:_identify(src/nav2_ipso_planner) by extensions ['ros']
[0.488s] Level 1:colcon.colcon_core.package_identification:_identify(src/nav2_ipso_planner) by extension 'ros'
[0.489s] DEBUG:colcon.colcon_core.package_identification:Package 'src/nav2_ipso_planner' with type 'ros.ament_cmake' and name 'nav2_ipso_planner'
[0.489s] Level 1:colcon.colcon_core.package_identification:_identify(src/nav2_pso_planner) by extensions ['ignore', 'ignore_ament_install']
[0.490s] Level 1:colcon.colcon_core.package_identification:_identify(src/nav2_pso_planner) by extension 'ignore'
[0.490s] Level 1:colcon.colcon_core.package_identification:_identify(src/nav2_pso_planner) by extension 'ignore_ament_install'
[0.490s] Level 1:colcon.colcon_core.package_identification:_identify(src/nav2_pso_planner) by extensions ['colcon_pkg']
[0.490s] Level 1:colcon.colcon_core.package_identification:_identify(src/nav2_pso_planner) by extension 'colcon_pkg'
[0.490s] Level 1:colcon.colcon_core.package_identification:_identify(src/nav2_pso_planner) by extensions ['colcon_meta']
[0.490s] Level 1:colcon.colcon_core.package_identification:_identify(src/nav2_pso_planner) by extension 'colcon_meta'
[0.490s] Level 1:colcon.colcon_core.package_identification:_identify(src/nav2_pso_planner) by extensions ['ros']
[0.490s] Level 1:colcon.colcon_core.package_identification:_identify(src/nav2_pso_planner) by extension 'ros'
[0.491s] DEBUG:colcon.colcon_core.package_identification:Package 'src/nav2_pso_planner' with type 'ros.ament_cmake' and name 'nav2_pso_planner'
[0.491s] Level 1:colcon.colcon_core.package_discovery:discover_packages(recursive) using defaults
[0.491s] Level 1:colcon.colcon_core.package_discovery:discover_packages(ignore) discover
[0.491s] Level 1:colcon.colcon_core.package_discovery:discover_packages(ignore) using defaults
[0.492s] Level 1:colcon.colcon_core.package_discovery:discover_packages(path) discover
[0.492s] Level 1:colcon.colcon_core.package_discovery:discover_packages(path) using defaults
[0.542s] Level 1:colcon.colcon_core.package_discovery:discover_packages(prefix_path) check parameters
[0.543s] Level 1:colcon.colcon_core.package_discovery:discover_packages(prefix_path) discover
[0.550s] DEBUG:colcon.colcon_installed_package_information.package_discovery:Found 3 installed packages in /home/ubuntu_ros2/model_ws/install
[0.553s] DEBUG:colcon.colcon_installed_package_information.package_discovery:Found 55 installed packages in /home/ubuntu_ros2/ws_moveit2/install
[0.556s] DEBUG:colcon.colcon_installed_package_information.package_discovery:Found 398 installed packages in /opt/ros/humble
[0.559s] Level 1:colcon.colcon_core.package_discovery:discover_packages(prefix_path) using defaults
[0.640s] Level 5:colcon.colcon_core.verb:set package 'my_robot_brightup' build argument 'cmake_args' from command line to 'None'
[0.640s] Level 5:colcon.colcon_core.verb:set package 'my_robot_brightup' build argument 'cmake_target' from command line to 'None'
[0.640s] Level 5:colcon.colcon_core.verb:set package 'my_robot_brightup' build argument 'cmake_target_skip_unavailable' from command line to 'False'
[0.640s] Level 5:colcon.colcon_core.verb:set package 'my_robot_brightup' build argument 'cmake_clean_cache' from command line to 'False'
[0.640s] Level 5:colcon.colcon_core.verb:set package 'my_robot_brightup' build argument 'cmake_clean_first' from command line to 'False'
[0.640s] Level 5:colcon.colcon_core.verb:set package 'my_robot_brightup' build argument 'cmake_force_configure' from command line to 'False'
[0.640s] Level 5:colcon.colcon_core.verb:set package 'my_robot_brightup' build argument 'ament_cmake_args' from command line to 'None'
[0.640s] Level 5:colcon.colcon_core.verb:set package 'my_robot_brightup' build argument 'catkin_cmake_args' from command line to 'None'
[0.640s] Level 5:colcon.colcon_core.verb:set package 'my_robot_brightup' build argument 'catkin_skip_building_tests' from command line to 'False'
[0.640s] DEBUG:colcon.colcon_core.verb:Building package 'my_robot_brightup' with the following arguments: {'ament_cmake_args': None, 'build_base': '/home/ubuntu_ros2/model_ws/build/my_robot_brightup', 'catkin_cmake_args': None, 'catkin_skip_building_tests': False, 'cmake_args': None, 'cmake_clean_cache': False, 'cmake_clean_first': False, 'cmake_force_configure': False, 'cmake_target': None, 'cmake_target_skip_unavailable': False, 'install_base': '/home/ubuntu_ros2/model_ws/install/my_robot_brightup', 'merge_install': False, 'path': '/home/ubuntu_ros2/model_ws/src/my_robot_brightup', 'symlink_install': False, 'test_result_base': None}
[0.641s] Level 5:colcon.colcon_core.verb:set package 'nav2_ipso_planner' build argument 'cmake_args' from command line to 'None'
[0.641s] Level 5:colcon.colcon_core.verb:set package 'nav2_ipso_planner' build argument 'cmake_target' from command line to 'None'
[0.641s] Level 5:colcon.colcon_core.verb:set package 'nav2_ipso_planner' build argument 'cmake_target_skip_unavailable' from command line to 'False'
[0.641s] Level 5:colcon.colcon_core.verb:set package 'nav2_ipso_planner' build argument 'cmake_clean_cache' from command line to 'False'
[0.641s] Level 5:colcon.colcon_core.verb:set package 'nav2_ipso_planner' build argument 'cmake_clean_first' from command line to 'False'
[0.641s] Level 5:colcon.colcon_core.verb:set package 'nav2_ipso_planner' build argument 'cmake_force_configure' from command line to 'False'
[0.641s] Level 5:colcon.colcon_core.verb:set package 'nav2_ipso_planner' build argument 'ament_cmake_args' from command line to 'None'
[0.641s] Level 5:colcon.colcon_core.verb:set package 'nav2_ipso_planner' build argument 'catkin_cmake_args' from command line to 'None'
[0.641s] Level 5:colcon.colcon_core.verb:set package 'nav2_ipso_planner' build argument 'catkin_skip_building_tests' from command line to 'False'
[0.641s] DEBUG:colcon.colcon_core.verb:Building package 'nav2_ipso_planner' with the following arguments: {'ament_cmake_args': None, 'build_base': '/home/ubuntu_ros2/model_ws/build/nav2_ipso_planner', 'catkin_cmake_args': None, 'catkin_skip_building_tests': False, 'cmake_args': None, 'cmake_clean_cache': False, 'cmake_clean_first': False, 'cmake_force_configure': False, 'cmake_target': None, 'cmake_target_skip_unavailable': False, 'install_base': '/home/ubuntu_ros2/model_ws/install/nav2_ipso_planner', 'merge_install': False, 'path': '/home/ubuntu_ros2/model_ws/src/nav2_ipso_planner', 'symlink_install': False, 'test_result_base': None}
[0.642s] Level 5:colcon.colcon_core.verb:set package 'nav2_pso_planner' build argument 'cmake_args' from command line to 'None'
[0.642s] Level 5:colcon.colcon_core.verb:set package 'nav2_pso_planner' build argument 'cmake_target' from command line to 'None'
[0.642s] Level 5:colcon.colcon_core.verb:set package 'nav2_pso_planner' build argument 'cmake_target_skip_unavailable' from command line to 'False'
[0.642s] Level 5:colcon.colcon_core.verb:set package 'nav2_pso_planner' build argument 'cmake_clean_cache' from command line to 'False'
[0.642s] Level 5:colcon.colcon_core.verb:set package 'nav2_pso_planner' build argument 'cmake_clean_first' from command line to 'False'
[0.642s] Level 5:colcon.colcon_core.verb:set package 'nav2_pso_planner' build argument 'cmake_force_configure' from command line to 'False'
[0.642s] Level 5:colcon.colcon_core.verb:set package 'nav2_pso_planner' build argument 'ament_cmake_args' from command line to 'None'
[0.642s] Level 5:colcon.colcon_core.verb:set package 'nav2_pso_planner' build argument 'catkin_cmake_args' from command line to 'None'
[0.642s] Level 5:colcon.colcon_core.verb:set package 'nav2_pso_planner' build argument 'catkin_skip_building_tests' from command line to 'False'
[0.642s] DEBUG:colcon.colcon_core.verb:Building package 'nav2_pso_planner' with the following arguments: {'ament_cmake_args': None, 'build_base': '/home/ubuntu_ros2/model_ws/build/nav2_pso_planner', 'catkin_cmake_args': None, 'catkin_skip_building_tests': False, 'cmake_args': None, 'cmake_clean_cache': False, 'cmake_clean_first': False, 'cmake_force_configure': False, 'cmake_target': None, 'cmake_target_skip_unavailable': False, 'install_base': '/home/ubuntu_ros2/model_ws/install/nav2_pso_planner', 'merge_install': False, 'path': '/home/ubuntu_ros2/model_ws/src/nav2_pso_planner', 'symlink_install': False, 'test_result_base': None}
[0.642s] INFO:colcon.colcon_core.executor:Executing jobs using 'parallel' executor
[0.646s] DEBUG:colcon.colcon_parallel_executor.executor.parallel:run_until_complete
[0.647s] INFO:colcon.colcon_ros.task.ament_cmake.build:Building ROS package in '/home/ubuntu_ros2/model_ws/src/my_robot_brightup' with build type 'ament_cmake'
[0.647s] INFO:colcon.colcon_cmake.task.cmake.build:Building CMake package in '/home/ubuntu_ros2/model_ws/src/my_robot_brightup'
[0.651s] INFO:colcon.colcon_core.plugin_system:Skipping extension 'colcon_core.shell.bat': Not used on non-Windows systems
[0.651s] INFO:colcon.colcon_core.shell:Skip shell extension 'powershell' for command environment: Not usable outside of PowerShell
[0.651s] DEBUG:colcon.colcon_core.shell:Skip shell extension 'dsv' for command environment
[0.665s] INFO:colcon.colcon_ros.task.ament_cmake.build:Building ROS package in '/home/ubuntu_ros2/model_ws/src/nav2_ipso_planner' with build type 'ament_cmake'
[0.665s] INFO:colcon.colcon_cmake.task.cmake.build:Building CMake package in '/home/ubuntu_ros2/model_ws/src/nav2_ipso_planner'
[0.666s] INFO:colcon.colcon_core.shell:Skip shell extension 'powershell' for command environment: Not usable outside of PowerShell
[0.667s] DEBUG:colcon.colcon_core.shell:Skip shell extension 'dsv' for command environment
[0.682s] INFO:colcon.colcon_ros.task.ament_cmake.build:Building ROS package in '/home/ubuntu_ros2/model_ws/src/nav2_pso_planner' with build type 'ament_cmake'
[0.683s] INFO:colcon.colcon_cmake.task.cmake.build:Building CMake package in '/home/ubuntu_ros2/model_ws/src/nav2_pso_planner'
[0.683s] INFO:colcon.colcon_core.shell:Skip shell extension 'powershell' for command environment: Not usable outside of PowerShell
[0.683s] DEBUG:colcon.colcon_core.shell:Skip shell extension 'dsv' for command environment
[0.707s] DEBUG:colcon.colcon_core.event_handler.log_command:Invoking command in '/home/ubuntu_ros2/model_ws/build/my_robot_brightup': CMAKE_PREFIX_PATH=${CMAKE_PREFIX_PATH}:/home/ubuntu_ros2/ws_moveit2/install/moveit_configs_utils:/home/ubuntu_ros2/ws_moveit2/install/launch_param_builder:/opt/ros/humble /usr/bin/cmake --build /home/ubuntu_ros2/model_ws/build/my_robot_brightup -- -j4 -l4
[0.723s] DEBUG:colcon.colcon_core.event_handler.log_command:Invoking command in '/home/ubuntu_ros2/model_ws/build/nav2_ipso_planner': CMAKE_PREFIX_PATH=${CMAKE_PREFIX_PATH}:/home/ubuntu_ros2/ws_moveit2/install/moveit_configs_utils:/home/ubuntu_ros2/ws_moveit2/install/launch_param_builder:/opt/ros/humble /usr/bin/cmake --build /home/ubuntu_ros2/model_ws/build/nav2_ipso_planner -- -j4 -l4
[0.737s] DEBUG:colcon.colcon_core.event_handler.log_command:Invoking command in '/home/ubuntu_ros2/model_ws/build/nav2_pso_planner': CMAKE_PREFIX_PATH=${CMAKE_PREFIX_PATH}:/home/ubuntu_ros2/ws_moveit2/install/moveit_configs_utils:/home/ubuntu_ros2/ws_moveit2/install/launch_param_builder:/opt/ros/humble /usr/bin/cmake --build /home/ubuntu_ros2/model_ws/build/nav2_pso_planner -- -j4 -l4
[0.831s] DEBUG:colcon.colcon_core.event_handler.log_command:Invoked command in '/home/ubuntu_ros2/model_ws/build/my_robot_brightup' returned '0': CMAKE_PREFIX_PATH=${CMAKE_PREFIX_PATH}:/home/ubuntu_ros2/ws_moveit2/install/moveit_configs_utils:/home/ubuntu_ros2/ws_moveit2/install/launch_param_builder:/opt/ros/humble /usr/bin/cmake --build /home/ubuntu_ros2/model_ws/build/my_robot_brightup -- -j4 -l4
[0.874s] DEBUG:colcon.colcon_core.event_handler.log_command:Invoking command in '/home/ubuntu_ros2/model_ws/build/my_robot_brightup': CMAKE_PREFIX_PATH=${CMAKE_PREFIX_PATH}:/home/ubuntu_ros2/ws_moveit2/install/moveit_configs_utils:/home/ubuntu_ros2/ws_moveit2/install/launch_param_builder:/opt/ros/humble /usr/bin/cmake --install /home/ubuntu_ros2/model_ws/build/my_robot_brightup
[0.908s] Level 1:colcon.colcon_core.environment:create_environment_scripts_only(my_robot_brightup)
[0.924s] Level 1:colcon.colcon_core.environment:checking '/home/ubuntu_ros2/model_ws/install/my_robot_brightup' for CMake module files
[0.925s] DEBUG:colcon.colcon_core.event_handler.log_command:Invoked command in '/home/ubuntu_ros2/model_ws/build/my_robot_brightup' returned '0': CMAKE_PREFIX_PATH=${CMAKE_PREFIX_PATH}:/home/ubuntu_ros2/ws_moveit2/install/moveit_configs_utils:/home/ubuntu_ros2/ws_moveit2/install/launch_param_builder:/opt/ros/humble /usr/bin/cmake --install /home/ubuntu_ros2/model_ws/build/my_robot_brightup
[0.933s] Level 1:colcon.colcon_core.environment:checking '/home/ubuntu_ros2/model_ws/install/my_robot_brightup' for CMake config files
[0.934s] Level 1:colcon.colcon_core.shell:create_environment_hook('my_robot_brightup', 'cmake_prefix_path')
[0.940s] INFO:colcon.colcon_core.shell:Creating environment hook '/home/ubuntu_ros2/model_ws/install/my_robot_brightup/share/my_robot_brightup/hook/cmake_prefix_path.ps1'
[0.959s] INFO:colcon.colcon_core.shell:Creating environment descriptor '/home/ubuntu_ros2/model_ws/install/my_robot_brightup/share/my_robot_brightup/hook/cmake_prefix_path.dsv'
[0.960s] INFO:colcon.colcon_core.shell:Creating environment hook '/home/ubuntu_ros2/model_ws/install/my_robot_brightup/share/my_robot_brightup/hook/cmake_prefix_path.sh'
[0.961s] Level 1:colcon.colcon_core.environment:checking '/home/ubuntu_ros2/model_ws/install/my_robot_brightup/bin'
[0.965s] Level 1:colcon.colcon_core.environment:checking '/home/ubuntu_ros2/model_ws/install/my_robot_brightup/lib/pkgconfig/my_robot_brightup.pc'
[0.965s] Level 1:colcon.colcon_core.environment:checking '/home/ubuntu_ros2/model_ws/install/my_robot_brightup/lib/python3.10/site-packages'
[0.966s] Level 1:colcon.colcon_core.environment:checking '/home/ubuntu_ros2/model_ws/install/my_robot_brightup/bin'
[0.966s] INFO:colcon.colcon_core.shell:Creating package script '/home/ubuntu_ros2/model_ws/install/my_robot_brightup/share/my_robot_brightup/package.ps1'
[0.972s] INFO:colcon.colcon_core.shell:Creating package descriptor '/home/ubuntu_ros2/model_ws/install/my_robot_brightup/share/my_robot_brightup/package.dsv'
[0.974s] INFO:colcon.colcon_core.shell:Creating package script '/home/ubuntu_ros2/model_ws/install/my_robot_brightup/share/my_robot_brightup/package.sh'
[0.976s] INFO:colcon.colcon_core.shell:Creating package script '/home/ubuntu_ros2/model_ws/install/my_robot_brightup/share/my_robot_brightup/package.bash'
[0.977s] INFO:colcon.colcon_core.shell:Creating package script '/home/ubuntu_ros2/model_ws/install/my_robot_brightup/share/my_robot_brightup/package.zsh'
[0.978s] Level 1:colcon.colcon_core.environment:create_file_with_runtime_dependencies(/home/ubuntu_ros2/model_ws/install/my_robot_brightup/share/colcon-core/packages/my_robot_brightup)
[0.979s] Level 1:colcon.colcon_core.environment:create_environment_scripts_only(my_robot_brightup)
[0.980s] Level 1:colcon.colcon_core.environment:checking '/home/ubuntu_ros2/model_ws/install/my_robot_brightup' for CMake module files
[0.982s] Level 1:colcon.colcon_core.environment:checking '/home/ubuntu_ros2/model_ws/install/my_robot_brightup' for CMake config files
[0.983s] Level 1:colcon.colcon_core.shell:create_environment_hook('my_robot_brightup', 'cmake_prefix_path')
[0.983s] INFO:colcon.colcon_core.shell:Creating environment hook '/home/ubuntu_ros2/model_ws/install/my_robot_brightup/share/my_robot_brightup/hook/cmake_prefix_path.ps1'
[0.984s] INFO:colcon.colcon_core.shell:Creating environment descriptor '/home/ubuntu_ros2/model_ws/install/my_robot_brightup/share/my_robot_brightup/hook/cmake_prefix_path.dsv'
[0.986s] INFO:colcon.colcon_core.shell:Creating environment hook '/home/ubuntu_ros2/model_ws/install/my_robot_brightup/share/my_robot_brightup/hook/cmake_prefix_path.sh'
[0.991s] Level 1:colcon.colcon_core.environment:checking '/home/ubuntu_ros2/model_ws/install/my_robot_brightup/bin'
[0.991s] Level 1:colcon.colcon_core.environment:checking '/home/ubuntu_ros2/model_ws/install/my_robot_brightup/lib/pkgconfig/my_robot_brightup.pc'
[0.991s] Level 1:colcon.colcon_core.environment:checking '/home/ubuntu_ros2/model_ws/install/my_robot_brightup/lib/python3.10/site-packages'
[0.991s] Level 1:colcon.colcon_core.environment:checking '/home/ubuntu_ros2/model_ws/install/my_robot_brightup/bin'
[0.992s] INFO:colcon.colcon_core.shell:Creating package script '/home/ubuntu_ros2/model_ws/install/my_robot_brightup/share/my_robot_brightup/package.ps1'
[0.993s] INFO:colcon.colcon_core.shell:Creating package descriptor '/home/ubuntu_ros2/model_ws/install/my_robot_brightup/share/my_robot_brightup/package.dsv'
[0.993s] INFO:colcon.colcon_core.shell:Creating package script '/home/ubuntu_ros2/model_ws/install/my_robot_brightup/share/my_robot_brightup/package.sh'
[0.994s] INFO:colcon.colcon_core.shell:Creating package script '/home/ubuntu_ros2/model_ws/install/my_robot_brightup/share/my_robot_brightup/package.bash'
[0.995s] INFO:colcon.colcon_core.shell:Creating package script '/home/ubuntu_ros2/model_ws/install/my_robot_brightup/share/my_robot_brightup/package.zsh'
[0.995s] Level 1:colcon.colcon_core.environment:create_file_with_runtime_dependencies(/home/ubuntu_ros2/model_ws/install/my_robot_brightup/share/colcon-core/packages/my_robot_brightup)
[0.999s] DEBUG:colcon.colcon_core.event_handler.log_command:Invoked command in '/home/ubuntu_ros2/model_ws/build/nav2_ipso_planner' returned '0': CMAKE_PREFIX_PATH=${CMAKE_PREFIX_PATH}:/home/ubuntu_ros2/ws_moveit2/install/moveit_configs_utils:/home/ubuntu_ros2/ws_moveit2/install/launch_param_builder:/opt/ros/humble /usr/bin/cmake --build /home/ubuntu_ros2/model_ws/build/nav2_ipso_planner -- -j4 -l4
[1.003s] DEBUG:colcon.colcon_core.event_handler.log_command:Invoking command in '/home/ubuntu_ros2/model_ws/build/nav2_ipso_planner': CMAKE_PREFIX_PATH=${CMAKE_PREFIX_PATH}:/home/ubuntu_ros2/ws_moveit2/install/moveit_configs_utils:/home/ubuntu_ros2/ws_moveit2/install/launch_param_builder:/opt/ros/humble /usr/bin/cmake --install /home/ubuntu_ros2/model_ws/build/nav2_ipso_planner
[1.007s] DEBUG:colcon.colcon_core.event_handler.log_command:Invoked command in '/home/ubuntu_ros2/model_ws/build/nav2_pso_planner' returned '0': CMAKE_PREFIX_PATH=${CMAKE_PREFIX_PATH}:/home/ubuntu_ros2/ws_moveit2/install/moveit_configs_utils:/home/ubuntu_ros2/ws_moveit2/install/launch_param_builder:/opt/ros/humble /usr/bin/cmake --build /home/ubuntu_ros2/model_ws/build/nav2_pso_planner -- -j4 -l4
[1.015s] DEBUG:colcon.colcon_core.event_handler.log_command:Invoking command in '/home/ubuntu_ros2/model_ws/build/nav2_pso_planner': CMAKE_PREFIX_PATH=${CMAKE_PREFIX_PATH}:/home/ubuntu_ros2/ws_moveit2/install/moveit_configs_utils:/home/ubuntu_ros2/ws_moveit2/install/launch_param_builder:/opt/ros/humble /usr/bin/cmake --install /home/ubuntu_ros2/model_ws/build/nav2_pso_planner
[1.041s] Level 1:colcon.colcon_core.environment:create_environment_scripts_only(nav2_ipso_planner)
[1.041s] Level 1:colcon.colcon_core.environment:checking '/home/ubuntu_ros2/model_ws/install/nav2_ipso_planner' for CMake module files
[1.042s] DEBUG:colcon.colcon_core.event_handler.log_command:Invoked command in '/home/ubuntu_ros2/model_ws/build/nav2_ipso_planner' returned '0': CMAKE_PREFIX_PATH=${CMAKE_PREFIX_PATH}:/home/ubuntu_ros2/ws_moveit2/install/moveit_configs_utils:/home/ubuntu_ros2/ws_moveit2/install/launch_param_builder:/opt/ros/humble /usr/bin/cmake --install /home/ubuntu_ros2/model_ws/build/nav2_ipso_planner
[1.048s] Level 1:colcon.colcon_core.environment:checking '/home/ubuntu_ros2/model_ws/install/nav2_ipso_planner' for CMake config files
[1.048s] Level 1:colcon.colcon_core.shell:create_environment_hook('nav2_ipso_planner', 'cmake_prefix_path')
[1.048s] INFO:colcon.colcon_core.shell:Creating environment hook '/home/ubuntu_ros2/model_ws/install/nav2_ipso_planner/share/nav2_ipso_planner/hook/cmake_prefix_path.ps1'
[1.049s] INFO:colcon.colcon_core.shell:Creating environment descriptor '/home/ubuntu_ros2/model_ws/install/nav2_ipso_planner/share/nav2_ipso_planner/hook/cmake_prefix_path.dsv'
[1.050s] INFO:colcon.colcon_core.shell:Creating environment hook '/home/ubuntu_ros2/model_ws/install/nav2_ipso_planner/share/nav2_ipso_planner/hook/cmake_prefix_path.sh'
[1.053s] Level 1:colcon.colcon_core.environment:checking '/home/ubuntu_ros2/model_ws/install/nav2_ipso_planner/lib'
[1.054s] Level 1:colcon.colcon_core.shell:create_environment_hook('nav2_ipso_planner', 'ld_library_path_lib')
[1.054s] INFO:colcon.colcon_core.shell:Creating environment hook '/home/ubuntu_ros2/model_ws/install/nav2_ipso_planner/share/nav2_ipso_planner/hook/ld_library_path_lib.ps1'
[1.057s] INFO:colcon.colcon_core.shell:Creating environment descriptor '/home/ubuntu_ros2/model_ws/install/nav2_ipso_planner/share/nav2_ipso_planner/hook/ld_library_path_lib.dsv'
[1.058s] INFO:colcon.colcon_core.shell:Creating environment hook '/home/ubuntu_ros2/model_ws/install/nav2_ipso_planner/share/nav2_ipso_planner/hook/ld_library_path_lib.sh'
[1.059s] Level 1:colcon.colcon_core.environment:checking '/home/ubuntu_ros2/model_ws/install/nav2_ipso_planner/bin'
[1.059s] Level 1:colcon.colcon_core.environment:checking '/home/ubuntu_ros2/model_ws/install/nav2_ipso_planner/lib/pkgconfig/nav2_ipso_planner.pc'
[1.059s] Level 1:colcon.colcon_core.environment:checking '/home/ubuntu_ros2/model_ws/install/nav2_ipso_planner/lib/python3.10/site-packages'
[1.059s] Level 1:colcon.colcon_core.environment:checking '/home/ubuntu_ros2/model_ws/install/nav2_ipso_planner/bin'
[1.060s] INFO:colcon.colcon_core.shell:Creating package script '/home/ubuntu_ros2/model_ws/install/nav2_ipso_planner/share/nav2_ipso_planner/package.ps1'
[1.060s] INFO:colcon.colcon_core.shell:Creating package descriptor '/home/ubuntu_ros2/model_ws/install/nav2_ipso_planner/share/nav2_ipso_planner/package.dsv'
[1.061s] INFO:colcon.colcon_core.shell:Creating package script '/home/ubuntu_ros2/model_ws/install/nav2_ipso_planner/share/nav2_ipso_planner/package.sh'
[1.063s] INFO:colcon.colcon_core.shell:Creating package script '/home/ubuntu_ros2/model_ws/install/nav2_ipso_planner/share/nav2_ipso_planner/package.bash'
[1.063s] INFO:colcon.colcon_core.shell:Creating package script '/home/ubuntu_ros2/model_ws/install/nav2_ipso_planner/share/nav2_ipso_planner/package.zsh'
[1.064s] Level 1:colcon.colcon_core.environment:create_file_with_runtime_dependencies(/home/ubuntu_ros2/model_ws/install/nav2_ipso_planner/share/colcon-core/packages/nav2_ipso_planner)
[1.065s] Level 1:colcon.colcon_core.environment:create_environment_scripts_only(nav2_ipso_planner)
[1.065s] Level 1:colcon.colcon_core.environment:checking '/home/ubuntu_ros2/model_ws/install/nav2_ipso_planner' for CMake module files
[1.066s] Level 1:colcon.colcon_core.environment:checking '/home/ubuntu_ros2/model_ws/install/nav2_ipso_planner' for CMake config files
[1.066s] Level 1:colcon.colcon_core.shell:create_environment_hook('nav2_ipso_planner', 'cmake_prefix_path')
[1.066s] INFO:colcon.colcon_core.shell:Creating environment hook '/home/ubuntu_ros2/model_ws/install/nav2_ipso_planner/share/nav2_ipso_planner/hook/cmake_prefix_path.ps1'
[1.067s] INFO:colcon.colcon_core.shell:Creating environment descriptor '/home/ubuntu_ros2/model_ws/install/nav2_ipso_planner/share/nav2_ipso_planner/hook/cmake_prefix_path.dsv'
[1.068s] INFO:colcon.colcon_core.shell:Creating environment hook '/home/ubuntu_ros2/model_ws/install/nav2_ipso_planner/share/nav2_ipso_planner/hook/cmake_prefix_path.sh'
[1.070s] Level 1:colcon.colcon_core.environment:checking '/home/ubuntu_ros2/model_ws/install/nav2_ipso_planner/lib'
[1.073s] Level 1:colcon.colcon_core.shell:create_environment_hook('nav2_ipso_planner', 'ld_library_path_lib')
[1.073s] INFO:colcon.colcon_core.shell:Creating environment hook '/home/ubuntu_ros2/model_ws/install/nav2_ipso_planner/share/nav2_ipso_planner/hook/ld_library_path_lib.ps1'
[1.074s] INFO:colcon.colcon_core.shell:Creating environment descriptor '/home/ubuntu_ros2/model_ws/install/nav2_ipso_planner/share/nav2_ipso_planner/hook/ld_library_path_lib.dsv'
[1.075s] INFO:colcon.colcon_core.shell:Creating environment hook '/home/ubuntu_ros2/model_ws/install/nav2_ipso_planner/share/nav2_ipso_planner/hook/ld_library_path_lib.sh'
[1.075s] Level 1:colcon.colcon_core.environment:checking '/home/ubuntu_ros2/model_ws/install/nav2_ipso_planner/bin'
[1.075s] Level 1:colcon.colcon_core.environment:checking '/home/ubuntu_ros2/model_ws/install/nav2_ipso_planner/lib/pkgconfig/nav2_ipso_planner.pc'
[1.076s] Level 1:colcon.colcon_core.environment:checking '/home/ubuntu_ros2/model_ws/install/nav2_ipso_planner/lib/python3.10/site-packages'
[1.076s] Level 1:colcon.colcon_core.environment:checking '/home/ubuntu_ros2/model_ws/install/nav2_ipso_planner/bin'
[1.076s] INFO:colcon.colcon_core.shell:Creating package script '/home/ubuntu_ros2/model_ws/install/nav2_ipso_planner/share/nav2_ipso_planner/package.ps1'
[1.077s] INFO:colcon.colcon_core.shell:Creating package descriptor '/home/ubuntu_ros2/model_ws/install/nav2_ipso_planner/share/nav2_ipso_planner/package.dsv'
[1.078s] INFO:colcon.colcon_core.shell:Creating package script '/home/ubuntu_ros2/model_ws/install/nav2_ipso_planner/share/nav2_ipso_planner/package.sh'
[1.079s] INFO:colcon.colcon_core.shell:Creating package script '/home/ubuntu_ros2/model_ws/install/nav2_ipso_planner/share/nav2_ipso_planner/package.bash'
[1.080s] INFO:colcon.colcon_core.shell:Creating package script '/home/ubuntu_ros2/model_ws/install/nav2_ipso_planner/share/nav2_ipso_planner/package.zsh'
[1.081s] Level 1:colcon.colcon_core.environment:create_file_with_runtime_dependencies(/home/ubuntu_ros2/model_ws/install/nav2_ipso_planner/share/colcon-core/packages/nav2_ipso_planner)
[1.084s] Level 1:colcon.colcon_core.environment:create_environment_scripts_only(nav2_pso_planner)
[1.086s] Level 1:colcon.colcon_core.environment:checking '/home/ubuntu_ros2/model_ws/install/nav2_pso_planner' for CMake module files
[1.087s] DEBUG:colcon.colcon_core.event_handler.log_command:Invoked command in '/home/ubuntu_ros2/model_ws/build/nav2_pso_planner' returned '0': CMAKE_PREFIX_PATH=${CMAKE_PREFIX_PATH}:/home/ubuntu_ros2/ws_moveit2/install/moveit_configs_utils:/home/ubuntu_ros2/ws_moveit2/install/launch_param_builder:/opt/ros/humble /usr/bin/cmake --install /home/ubuntu_ros2/model_ws/build/nav2_pso_planner
[1.088s] Level 1:colcon.colcon_core.environment:checking '/home/ubuntu_ros2/model_ws/install/nav2_pso_planner' for CMake config files
[1.088s] Level 1:colcon.colcon_core.shell:create_environment_hook('nav2_pso_planner', 'cmake_prefix_path')
[1.091s] INFO:colcon.colcon_core.shell:Creating environment hook '/home/ubuntu_ros2/model_ws/install/nav2_pso_planner/share/nav2_pso_planner/hook/cmake_prefix_path.ps1'
[1.092s] INFO:colcon.colcon_core.shell:Creating environment descriptor '/home/ubuntu_ros2/model_ws/install/nav2_pso_planner/share/nav2_pso_planner/hook/cmake_prefix_path.dsv'
[1.093s] INFO:colcon.colcon_core.shell:Creating environment hook '/home/ubuntu_ros2/model_ws/install/nav2_pso_planner/share/nav2_pso_planner/hook/cmake_prefix_path.sh'
[1.093s] Level 1:colcon.colcon_core.environment:checking '/home/ubuntu_ros2/model_ws/install/nav2_pso_planner/lib'
[1.094s] Level 1:colcon.colcon_core.shell:create_environment_hook('nav2_pso_planner', 'ld_library_path_lib')
[1.094s] INFO:colcon.colcon_core.shell:Creating environment hook '/home/ubuntu_ros2/model_ws/install/nav2_pso_planner/share/nav2_pso_planner/hook/ld_library_path_lib.ps1'
[1.095s] INFO:colcon.colcon_core.shell:Creating environment descriptor '/home/ubuntu_ros2/model_ws/install/nav2_pso_planner/share/nav2_pso_planner/hook/ld_library_path_lib.dsv'
[1.095s] INFO:colcon.colcon_core.shell:Creating environment hook '/home/ubuntu_ros2/model_ws/install/nav2_pso_planner/share/nav2_pso_planner/hook/ld_library_path_lib.sh'
[1.096s] Level 1:colcon.colcon_core.environment:checking '/home/ubuntu_ros2/model_ws/install/nav2_pso_planner/bin'
[1.096s] Level 1:colcon.colcon_core.environment:checking '/home/ubuntu_ros2/model_ws/install/nav2_pso_planner/lib/pkgconfig/nav2_pso_planner.pc'
[1.096s] Level 1:colcon.colcon_core.environment:checking '/home/ubuntu_ros2/model_ws/install/nav2_pso_planner/lib/python3.10/site-packages'
[1.097s] Level 1:colcon.colcon_core.environment:checking '/home/ubuntu_ros2/model_ws/install/nav2_pso_planner/bin'
[1.097s] INFO:colcon.colcon_core.shell:Creating package script '/home/ubuntu_ros2/model_ws/install/nav2_pso_planner/share/nav2_pso_planner/package.ps1'
[1.098s] INFO:colcon.colcon_core.shell:Creating package descriptor '/home/ubuntu_ros2/model_ws/install/nav2_pso_planner/share/nav2_pso_planner/package.dsv'
[1.098s] INFO:colcon.colcon_core.shell:Creating package script '/home/ubuntu_ros2/model_ws/install/nav2_pso_planner/share/nav2_pso_planner/package.sh'
[1.099s] INFO:colcon.colcon_core.shell:Creating package script '/home/ubuntu_ros2/model_ws/install/nav2_pso_planner/share/nav2_pso_planner/package.bash'
[1.100s] INFO:colcon.colcon_core.shell:Creating package script '/home/ubuntu_ros2/model_ws/install/nav2_pso_planner/share/nav2_pso_planner/package.zsh'
[1.100s] Level 1:colcon.colcon_core.environment:create_file_with_runtime_dependencies(/home/ubuntu_ros2/model_ws/install/nav2_pso_planner/share/colcon-core/packages/nav2_pso_planner)
[1.102s] Level 1:colcon.colcon_core.environment:create_environment_scripts_only(nav2_pso_planner)
[1.103s] Level 1:colcon.colcon_core.environment:checking '/home/ubuntu_ros2/model_ws/install/nav2_pso_planner' for CMake module files
[1.104s] Level 1:colcon.colcon_core.environment:checking '/home/ubuntu_ros2/model_ws/install/nav2_pso_planner' for CMake config files
[1.104s] Level 1:colcon.colcon_core.shell:create_environment_hook('nav2_pso_planner', 'cmake_prefix_path')
[1.104s] INFO:colcon.colcon_core.shell:Creating environment hook '/home/ubuntu_ros2/model_ws/install/nav2_pso_planner/share/nav2_pso_planner/hook/cmake_prefix_path.ps1'
[1.106s] INFO:colcon.colcon_core.shell:Creating environment descriptor '/home/ubuntu_ros2/model_ws/install/nav2_pso_planner/share/nav2_pso_planner/hook/cmake_prefix_path.dsv'
[1.108s] INFO:colcon.colcon_core.shell:Creating environment hook '/home/ubuntu_ros2/model_ws/install/nav2_pso_planner/share/nav2_pso_planner/hook/cmake_prefix_path.sh'
[1.109s] Level 1:colcon.colcon_core.environment:checking '/home/ubuntu_ros2/model_ws/install/nav2_pso_planner/lib'
[1.109s] Level 1:colcon.colcon_core.shell:create_environment_hook('nav2_pso_planner', 'ld_library_path_lib')
[1.109s] INFO:colcon.colcon_core.shell:Creating environment hook '/home/ubuntu_ros2/model_ws/install/nav2_pso_planner/share/nav2_pso_planner/hook/ld_library_path_lib.ps1'
[1.110s] INFO:colcon.colcon_core.shell:Creating environment descriptor '/home/ubuntu_ros2/model_ws/install/nav2_pso_planner/share/nav2_pso_planner/hook/ld_library_path_lib.dsv'
[1.110s] INFO:colcon.colcon_core.shell:Creating environment hook '/home/ubuntu_ros2/model_ws/install/nav2_pso_planner/share/nav2_pso_planner/hook/ld_library_path_lib.sh'
[1.111s] Level 1:colcon.colcon_core.environment:checking '/home/ubuntu_ros2/model_ws/install/nav2_pso_planner/bin'
[1.111s] Level 1:colcon.colcon_core.environment:checking '/home/ubuntu_ros2/model_ws/install/nav2_pso_planner/lib/pkgconfig/nav2_pso_planner.pc'
[1.112s] Level 1:colcon.colcon_core.environment:checking '/home/ubuntu_ros2/model_ws/install/nav2_pso_planner/lib/python3.10/site-packages'
[1.112s] Level 1:colcon.colcon_core.environment:checking '/home/ubuntu_ros2/model_ws/install/nav2_pso_planner/bin'
[1.112s] INFO:colcon.colcon_core.shell:Creating package script '/home/ubuntu_ros2/model_ws/install/nav2_pso_planner/share/nav2_pso_planner/package.ps1'
[1.113s] INFO:colcon.colcon_core.shell:Creating package descriptor '/home/ubuntu_ros2/model_ws/install/nav2_pso_planner/share/nav2_pso_planner/package.dsv'
[1.114s] INFO:colcon.colcon_core.shell:Creating package script '/home/ubuntu_ros2/model_ws/install/nav2_pso_planner/share/nav2_pso_planner/package.sh'
[1.115s] INFO:colcon.colcon_core.shell:Creating package script '/home/ubuntu_ros2/model_ws/install/nav2_pso_planner/share/nav2_pso_planner/package.bash'
[1.115s] INFO:colcon.colcon_core.shell:Creating package script '/home/ubuntu_ros2/model_ws/install/nav2_pso_planner/share/nav2_pso_planner/package.zsh'
[1.116s] Level 1:colcon.colcon_core.environment:create_file_with_runtime_dependencies(/home/ubuntu_ros2/model_ws/install/nav2_pso_planner/share/colcon-core/packages/nav2_pso_planner)
[1.116s] DEBUG:colcon.colcon_parallel_executor.executor.parallel:closing loop
[1.117s] DEBUG:colcon.colcon_parallel_executor.executor.parallel:loop closed
[1.117s] DEBUG:colcon.colcon_parallel_executor.executor.parallel:run_until_complete finished with '0'
[1.117s] DEBUG:colcon.colcon_core.event_reactor:joining thread
[1.130s] INFO:colcon.colcon_core.plugin_system:Skipping extension 'colcon_notification.desktop_notification.terminal_notifier': Not used on non-Darwin systems
[1.130s] INFO:colcon.colcon_core.plugin_system:Skipping extension 'colcon_notification.desktop_notification.win32': Not used on non-Windows systems
[1.130s] INFO:colcon.colcon_notification.desktop_notification:Sending desktop notification using 'notify2'
[1.154s] DEBUG:colcon.colcon_core.event_reactor:joined thread
[1.155s] INFO:colcon.colcon_core.shell:Creating prefix script '/home/ubuntu_ros2/model_ws/install/local_setup.ps1'
[1.160s] INFO:colcon.colcon_core.shell:Creating prefix util module '/home/ubuntu_ros2/model_ws/install/_local_setup_util_ps1.py'
[1.162s] INFO:colcon.colcon_core.shell:Creating prefix chain script '/home/ubuntu_ros2/model_ws/install/setup.ps1'
[1.166s] INFO:colcon.colcon_core.shell:Creating prefix script '/home/ubuntu_ros2/model_ws/install/local_setup.sh'
[1.167s] INFO:colcon.colcon_core.shell:Creating prefix util module '/home/ubuntu_ros2/model_ws/install/_local_setup_util_sh.py'
[1.169s] INFO:colcon.colcon_core.shell:Creating prefix chain script '/home/ubuntu_ros2/model_ws/install/setup.sh'
[1.174s] INFO:colcon.colcon_core.shell:Creating prefix script '/home/ubuntu_ros2/model_ws/install/local_setup.bash'
[1.175s] INFO:colcon.colcon_core.shell:Creating prefix chain script '/home/ubuntu_ros2/model_ws/install/setup.bash'
[1.183s] INFO:colcon.colcon_core.shell:Creating prefix script '/home/ubuntu_ros2/model_ws/install/local_setup.zsh'
[1.185s] INFO:colcon.colcon_core.shell:Creating prefix chain script '/home/ubuntu_ros2/model_ws/install/setup.zsh'
