[0.059s] Invoking command in '/home/ubuntu_ros2/model_ws/build/nav2_pso_planner': CMAKE_PREFIX_PATH=${CMAKE_PREFIX_PATH}:/home/ubuntu_ros2/ws_moveit2/install/moveit_configs_utils:/home/ubuntu_ros2/ws_moveit2/install/launch_param_builder:/opt/ros/humble /usr/bin/cmake --build /home/ubuntu_ros2/model_ws/build/nav2_pso_planner -- -j4 -l4
[0.199s] [100%] Built target nav2_pso_planner
[0.228s] Invoked command in '/home/ubuntu_ros2/model_ws/build/nav2_pso_planner' returned '0': CMAKE_PREFIX_PATH=${CMAKE_PREFIX_PATH}:/home/ubuntu_ros2/ws_moveit2/install/moveit_configs_utils:/home/ubuntu_ros2/ws_moveit2/install/launch_param_builder:/opt/ros/humble /usr/bin/cmake --build /home/ubuntu_ros2/model_ws/build/nav2_pso_planner -- -j4 -l4
[0.229s] Invoking command in '/home/ubuntu_ros2/model_ws/build/nav2_pso_planner': CMAKE_PREFIX_PATH=${CMAKE_PREFIX_PATH}:/home/ubuntu_ros2/ws_moveit2/install/moveit_configs_utils:/home/ubuntu_ros2/ws_moveit2/install/launch_param_builder:/opt/ros/humble /usr/bin/cmake --install /home/ubuntu_ros2/model_ws/build/nav2_pso_planner
[0.247s] -- Install configuration: "Release"
[0.247s] -- Up-to-date: /home/ubuntu_ros2/model_ws/install/nav2_pso_planner/share/nav2_pso_planner/pso_planner.xml
[0.247s] -- Up-to-date: /home/ubuntu_ros2/model_ws/install/nav2_pso_planner/lib/libnav2_pso_planner.so
[0.248s] -- Up-to-date: /home/ubuntu_ros2/model_ws/install/nav2_pso_planner/include/
[0.248s] -- Up-to-date: /home/ubuntu_ros2/model_ws/install/nav2_pso_planner/include//nav2_pso_planner
[0.248s] -- Up-to-date: /home/ubuntu_ros2/model_ws/install/nav2_pso_planner/include//nav2_pso_planner/TrajectoryGeneration.hpp
[0.248s] -- Up-to-date: /home/ubuntu_ros2/model_ws/install/nav2_pso_planner/include//nav2_pso_planner/pso_planner.hpp
[0.249s] -- Up-to-date: /home/ubuntu_ros2/model_ws/install/nav2_pso_planner/include//nav2_pso_planner/pso.hpp
[0.249s] -- Up-to-date: /home/ubuntu_ros2/model_ws/install/nav2_pso_planner/share/nav2_pso_planner/pso_planner.xml
[0.249s] -- Up-to-date: /home/ubuntu_ros2/model_ws/install/nav2_pso_planner/share/nav2_pso_planner/params
[0.250s] -- Up-to-date: /home/ubuntu_ros2/model_ws/install/nav2_pso_planner/share/nav2_pso_planner/params/pso_planner.yaml
[0.250s] -- Up-to-date: /home/ubuntu_ros2/model_ws/install/nav2_pso_planner/share/nav2_pso_planner/environment/library_path.sh
[0.251s] -- Up-to-date: /home/ubuntu_ros2/model_ws/install/nav2_pso_planner/share/nav2_pso_planner/environment/library_path.dsv
[0.251s] -- Up-to-date: /home/ubuntu_ros2/model_ws/install/nav2_pso_planner/share/ament_index/resource_index/package_run_dependencies/nav2_pso_planner
[0.251s] -- Up-to-date: /home/ubuntu_ros2/model_ws/install/nav2_pso_planner/share/ament_index/resource_index/parent_prefix_path/nav2_pso_planner
[0.251s] -- Up-to-date: /home/ubuntu_ros2/model_ws/install/nav2_pso_planner/share/nav2_pso_planner/environment/ament_prefix_path.sh
[0.253s] -- Up-to-date: /home/ubuntu_ros2/model_ws/install/nav2_pso_planner/share/nav2_pso_planner/environment/ament_prefix_path.dsv
[0.254s] -- Up-to-date: /home/ubuntu_ros2/model_ws/install/nav2_pso_planner/share/nav2_pso_planner/environment/path.sh
[0.254s] -- Up-to-date: /home/ubuntu_ros2/model_ws/install/nav2_pso_planner/share/nav2_pso_planner/environment/path.dsv
[0.254s] -- Up-to-date: /home/ubuntu_ros2/model_ws/install/nav2_pso_planner/share/nav2_pso_planner/local_setup.bash
[0.254s] -- Up-to-date: /home/ubuntu_ros2/model_ws/install/nav2_pso_planner/share/nav2_pso_planner/local_setup.sh
[0.254s] -- Up-to-date: /home/ubuntu_ros2/model_ws/install/nav2_pso_planner/share/nav2_pso_planner/local_setup.zsh
[0.255s] -- Up-to-date: /home/ubuntu_ros2/model_ws/install/nav2_pso_planner/share/nav2_pso_planner/local_setup.dsv
[0.255s] -- Installing: /home/ubuntu_ros2/model_ws/install/nav2_pso_planner/share/nav2_pso_planner/package.dsv
[0.255s] -- Up-to-date: /home/ubuntu_ros2/model_ws/install/nav2_pso_planner/share/ament_index/resource_index/packages/nav2_pso_planner
[0.255s] -- Up-to-date: /home/ubuntu_ros2/model_ws/install/nav2_pso_planner/share/ament_index/resource_index/nav2_core__pluginlib__plugin/nav2_pso_planner
[0.255s] -- Up-to-date: /home/ubuntu_ros2/model_ws/install/nav2_pso_planner/share/nav2_pso_planner/cmake/ament_cmake_export_include_directories-extras.cmake
[0.256s] -- Up-to-date: /home/ubuntu_ros2/model_ws/install/nav2_pso_planner/share/nav2_pso_planner/cmake/ament_cmake_export_libraries-extras.cmake
[0.256s] -- Up-to-date: /home/ubuntu_ros2/model_ws/install/nav2_pso_planner/share/nav2_pso_planner/cmake/ament_cmake_export_dependencies-extras.cmake
[0.256s] -- Up-to-date: /home/ubuntu_ros2/model_ws/install/nav2_pso_planner/share/nav2_pso_planner/cmake/nav2_pso_plannerConfig.cmake
[0.256s] -- Up-to-date: /home/ubuntu_ros2/model_ws/install/nav2_pso_planner/share/nav2_pso_planner/cmake/nav2_pso_plannerConfig-version.cmake
[0.256s] -- Up-to-date: /home/ubuntu_ros2/model_ws/install/nav2_pso_planner/share/nav2_pso_planner/package.xml
[0.272s] Invoked command in '/home/ubuntu_ros2/model_ws/build/nav2_pso_planner' returned '0': CMAKE_PREFIX_PATH=${CMAKE_PREFIX_PATH}:/home/ubuntu_ros2/ws_moveit2/install/moveit_configs_utils:/home/ubuntu_ros2/ws_moveit2/install/launch_param_builder:/opt/ros/humble /usr/bin/cmake --install /home/ubuntu_ros2/model_ws/build/nav2_pso_planner
