[100%] Built target nav2_ipso_planner
-- Install configuration: "Release"
-- Up-to-date: /home/ubuntu_ros2/model_ws/install/nav2_ipso_planner/share/nav2_ipso_planner/ipso_planner.xml
-- Up-to-date: /home/ubuntu_ros2/model_ws/install/nav2_ipso_planner/lib/libnav2_ipso_planner.so
-- Up-to-date: /home/ubuntu_ros2/model_ws/install/nav2_ipso_planner/include/
-- Up-to-date: /home/ubuntu_ros2/model_ws/install/nav2_ipso_planner/include//nav2_ipso_planner
-- Up-to-date: /home/ubuntu_ros2/model_ws/install/nav2_ipso_planner/include//nav2_ipso_planner/ipso_planner.hpp
-- Up-to-date: /home/ubuntu_ros2/model_ws/install/nav2_ipso_planner/include//nav2_ipso_planner/TrajectoryGeneration.hpp
-- Up-to-date: /home/ubuntu_ros2/model_ws/install/nav2_ipso_planner/include//nav2_ipso_planner/ipso.hpp
-- Up-to-date: /home/ubuntu_ros2/model_ws/install/nav2_ipso_planner/share/nav2_ipso_planner/ipso_planner.xml
-- Up-to-date: /home/ubuntu_ros2/model_ws/install/nav2_ipso_planner/share/nav2_ipso_planner/params
-- Up-to-date: /home/ubuntu_ros2/model_ws/install/nav2_ipso_planner/share/nav2_ipso_planner/params/ipso_planner.yaml
-- Up-to-date: /home/ubuntu_ros2/model_ws/install/nav2_ipso_planner/share/nav2_ipso_planner/environment/library_path.sh
-- Up-to-date: /home/ubuntu_ros2/model_ws/install/nav2_ipso_planner/share/nav2_ipso_planner/environment/library_path.dsv
-- Up-to-date: /home/ubuntu_ros2/model_ws/install/nav2_ipso_planner/share/ament_index/resource_index/package_run_dependencies/nav2_ipso_planner
-- Up-to-date: /home/ubuntu_ros2/model_ws/install/nav2_ipso_planner/share/ament_index/resource_index/parent_prefix_path/nav2_ipso_planner
-- Up-to-date: /home/ubuntu_ros2/model_ws/install/nav2_ipso_planner/share/nav2_ipso_planner/environment/ament_prefix_path.sh
-- Up-to-date: /home/ubuntu_ros2/model_ws/install/nav2_ipso_planner/share/nav2_ipso_planner/environment/ament_prefix_path.dsv
-- Up-to-date: /home/ubuntu_ros2/model_ws/install/nav2_ipso_planner/share/nav2_ipso_planner/environment/path.sh
-- Up-to-date: /home/ubuntu_ros2/model_ws/install/nav2_ipso_planner/share/nav2_ipso_planner/environment/path.dsv
-- Up-to-date: /home/ubuntu_ros2/model_ws/install/nav2_ipso_planner/share/nav2_ipso_planner/local_setup.bash
-- Up-to-date: /home/ubuntu_ros2/model_ws/install/nav2_ipso_planner/share/nav2_ipso_planner/local_setup.sh
-- Up-to-date: /home/ubuntu_ros2/model_ws/install/nav2_ipso_planner/share/nav2_ipso_planner/local_setup.zsh
-- Up-to-date: /home/ubuntu_ros2/model_ws/install/nav2_ipso_planner/share/nav2_ipso_planner/local_setup.dsv
-- Installing: /home/ubuntu_ros2/model_ws/install/nav2_ipso_planner/share/nav2_ipso_planner/package.dsv
-- Up-to-date: /home/ubuntu_ros2/model_ws/install/nav2_ipso_planner/share/ament_index/resource_index/packages/nav2_ipso_planner
-- Up-to-date: /home/ubuntu_ros2/model_ws/install/nav2_ipso_planner/share/ament_index/resource_index/nav2_core__pluginlib__plugin/nav2_ipso_planner
-- Up-to-date: /home/ubuntu_ros2/model_ws/install/nav2_ipso_planner/share/nav2_ipso_planner/cmake/ament_cmake_export_include_directories-extras.cmake
-- Up-to-date: /home/ubuntu_ros2/model_ws/install/nav2_ipso_planner/share/nav2_ipso_planner/cmake/ament_cmake_export_libraries-extras.cmake
-- Up-to-date: /home/ubuntu_ros2/model_ws/install/nav2_ipso_planner/share/nav2_ipso_planner/cmake/ament_cmake_export_dependencies-extras.cmake
-- Up-to-date: /home/ubuntu_ros2/model_ws/install/nav2_ipso_planner/share/nav2_ipso_planner/cmake/nav2_ipso_plannerConfig.cmake
-- Up-to-date: /home/ubuntu_ros2/model_ws/install/nav2_ipso_planner/share/nav2_ipso_planner/cmake/nav2_ipso_plannerConfig-version.cmake
-- Up-to-date: /home/ubuntu_ros2/model_ws/install/nav2_ipso_planner/share/nav2_ipso_planner/package.xml
