-- Install configuration: ""
-- Up-to-date: /home/ubuntu_ros2/model_ws/install/my_robot_brightup/share/my_robot_brightup//launch
-- Up-to-date: /home/ubuntu_ros2/model_ws/install/my_robot_brightup/share/my_robot_brightup//launch/rtabmap.launch.py
-- Installing: /home/ubuntu_ros2/model_ws/install/my_robot_brightup/share/my_robot_brightup//launch/rtabmap_launch.py
-- Up-to-date: /home/ubuntu_ros2/model_ws/install/my_robot_brightup/share/my_robot_brightup//launch/navigation_launch.py
-- Up-to-date: /home/ubuntu_ros2/model_ws/install/my_robot_brightup/share/my_robot_brightup//launch/launch_sim.launch.py
-- Up-to-date: /home/ubuntu_ros2/model_ws/install/my_robot_brightup/share/my_robot_brightup//launch/rsp.launch.py
-- Up-to-date: /home/ubuntu_ros2/model_ws/install/my_robot_brightup/share/my_robot_brightup//launch/bot_rgbd_scan.launch.py
-- Up-to-date: /home/ubuntu_ros2/model_ws/install/my_robot_brightup/share/my_robot_brightup//launch/nav2_rtabmap_launch.py
-- Up-to-date: /home/ubuntu_ros2/model_ws/install/my_robot_brightup/share/my_robot_brightup//launch/bringup_launch.py
-- Up-to-date: /home/ubuntu_ros2/model_ws/install/my_robot_brightup/share/my_robot_brightup//launch/turtlebot3_rgbd_scan.launch.py
-- Up-to-date: /home/ubuntu_ros2/model_ws/install/my_robot_brightup/share/my_robot_brightup//launch/online_async_launch.py
-- Up-to-date: /home/ubuntu_ros2/model_ws/install/my_robot_brightup/share/my_robot_brightup//launch/localization_launch.py
-- Up-to-date: /home/ubuntu_ros2/model_ws/install/my_robot_brightup/share/my_robot_brightup//description
-- Up-to-date: /home/ubuntu_ros2/model_ws/install/my_robot_brightup/share/my_robot_brightup//description/inertial_macros.xacro
-- Up-to-date: /home/ubuntu_ros2/model_ws/install/my_robot_brightup/share/my_robot_brightup//description/robot.urdf.xacro
-- Up-to-date: /home/ubuntu_ros2/model_ws/install/my_robot_brightup/share/my_robot_brightup//description/imu.xacro
-- Up-to-date: /home/ubuntu_ros2/model_ws/install/my_robot_brightup/share/my_robot_brightup//description/depth_camera (copy).xacro
-- Up-to-date: /home/ubuntu_ros2/model_ws/install/my_robot_brightup/share/my_robot_brightup//description/lidar.xacro
-- Up-to-date: /home/ubuntu_ros2/model_ws/install/my_robot_brightup/share/my_robot_brightup//description/robot_core.xacro
-- Up-to-date: /home/ubuntu_ros2/model_ws/install/my_robot_brightup/share/my_robot_brightup//description/gazebo_control.xacro
-- Up-to-date: /home/ubuntu_ros2/model_ws/install/my_robot_brightup/share/my_robot_brightup//description/ros2_control.xacro
-- Up-to-date: /home/ubuntu_ros2/model_ws/install/my_robot_brightup/share/my_robot_brightup//description/depth_camera.xacro
-- Up-to-date: /home/ubuntu_ros2/model_ws/install/my_robot_brightup/share/my_robot_brightup//description/camera.xacro
-- Up-to-date: /home/ubuntu_ros2/model_ws/install/my_robot_brightup/share/my_robot_brightup//config
-- Up-to-date: /home/ubuntu_ros2/model_ws/install/my_robot_brightup/share/my_robot_brightup//config/view_bot.rviz
-- Up-to-date: /home/ubuntu_ros2/model_ws/install/my_robot_brightup/share/my_robot_brightup//config/nav2_params.yaml
-- Up-to-date: /home/ubuntu_ros2/model_ws/install/my_robot_brightup/share/my_robot_brightup//config/slam_bot.rviz
-- Up-to-date: /home/ubuntu_ros2/model_ws/install/my_robot_brightup/share/my_robot_brightup//config/rtabmap_sim.rviz
-- Up-to-date: /home/ubuntu_ros2/model_ws/install/my_robot_brightup/share/my_robot_brightup//config/my_controllers.yaml
-- Up-to-date: /home/ubuntu_ros2/model_ws/install/my_robot_brightup/share/my_robot_brightup//config/ekf.yaml
-- Up-to-date: /home/ubuntu_ros2/model_ws/install/my_robot_brightup/share/my_robot_brightup//config/sensor_bot.rviz
-- Up-to-date: /home/ubuntu_ros2/model_ws/install/my_robot_brightup/share/my_robot_brightup//config/demo_robot_mapping.rviz
-- Up-to-date: /home/ubuntu_ros2/model_ws/install/my_robot_brightup/share/my_robot_brightup//config/ekf_rtabmap.yaml
-- Up-to-date: /home/ubuntu_ros2/model_ws/install/my_robot_brightup/share/my_robot_brightup//config/twist_mux.yaml
-- Up-to-date: /home/ubuntu_ros2/model_ws/install/my_robot_brightup/share/my_robot_brightup//config/diff_drive_bot.rviz
-- Up-to-date: /home/ubuntu_ros2/model_ws/install/my_robot_brightup/share/my_robot_brightup//config/rtabmap_params.yaml
-- Up-to-date: /home/ubuntu_ros2/model_ws/install/my_robot_brightup/share/my_robot_brightup//config/mapper_params_online_async.yaml
-- Up-to-date: /home/ubuntu_ros2/model_ws/install/my_robot_brightup/share/my_robot_brightup//config/bot_rgbd_scan_nav2_params.yaml
-- Up-to-date: /home/ubuntu_ros2/model_ws/install/my_robot_brightup/share/my_robot_brightup//world
-- Up-to-date: /home/ubuntu_ros2/model_ws/install/my_robot_brightup/share/my_robot_brightup//world/fetchit_challenge_tests_lowlights.world
-- Up-to-date: /home/ubuntu_ros2/model_ws/install/my_robot_brightup/share/my_robot_brightup//world/small_house
-- Up-to-date: /home/ubuntu_ros2/model_ws/install/my_robot_brightup/share/my_robot_brightup//world/small_house/model.config
-- Up-to-date: /home/ubuntu_ros2/model_ws/install/my_robot_brightup/share/my_robot_brightup//world/small_house/model.sdf
-- Up-to-date: /home/ubuntu_ros2/model_ws/install/my_robot_brightup/share/my_robot_brightup//world/room.world
-- Up-to-date: /home/ubuntu_ros2/model_ws/install/my_robot_brightup/share/my_robot_brightup//world/house
-- Up-to-date: /home/ubuntu_ros2/model_ws/install/my_robot_brightup/share/my_robot_brightup//world/house/model.config
-- Up-to-date: /home/ubuntu_ros2/model_ws/install/my_robot_brightup/share/my_robot_brightup//world/house/house
-- Up-to-date: /home/ubuntu_ros2/model_ws/install/my_robot_brightup/share/my_robot_brightup//world/house/house/model.config
-- Up-to-date: /home/ubuntu_ros2/model_ws/install/my_robot_brightup/share/my_robot_brightup//world/house/house/model.sdf
-- Up-to-date: /home/ubuntu_ros2/model_ws/install/my_robot_brightup/share/my_robot_brightup//world/house/model.sdf
-- Up-to-date: /home/ubuntu_ros2/model_ws/install/my_robot_brightup/share/my_robot_brightup//world/obstacles.world
-- Up-to-date: /home/ubuntu_ros2/model_ws/install/my_robot_brightup/share/my_robot_brightup//world/house.world
-- Up-to-date: /home/ubuntu_ros2/model_ws/install/my_robot_brightup/share/my_robot_brightup//world/room
-- Up-to-date: /home/ubuntu_ros2/model_ws/install/my_robot_brightup/share/my_robot_brightup//world/room/model.config
-- Up-to-date: /home/ubuntu_ros2/model_ws/install/my_robot_brightup/share/my_robot_brightup//world/room/model.sdf
-- Up-to-date: /home/ubuntu_ros2/model_ws/install/my_robot_brightup/share/my_robot_brightup//database
-- Up-to-date: /home/ubuntu_ros2/model_ws/install/my_robot_brightup/share/my_robot_brightup//database/my_map
-- Up-to-date: /home/ubuntu_ros2/model_ws/install/my_robot_brightup/share/my_robot_brightup//database/my_map/rtabmap1.db
-- Up-to-date: /home/ubuntu_ros2/model_ws/install/my_robot_brightup/share/my_robot_brightup//database/my_map/rtabmap2.db
-- Up-to-date: /home/ubuntu_ros2/model_ws/install/my_robot_brightup/share/my_robot_brightup//database/my_map/rtabmap.db
-- Up-to-date: /home/ubuntu_ros2/model_ws/install/my_robot_brightup/share/ament_index/resource_index/package_run_dependencies/my_robot_brightup
-- Up-to-date: /home/ubuntu_ros2/model_ws/install/my_robot_brightup/share/ament_index/resource_index/parent_prefix_path/my_robot_brightup
-- Up-to-date: /home/ubuntu_ros2/model_ws/install/my_robot_brightup/share/my_robot_brightup/environment/ament_prefix_path.sh
-- Up-to-date: /home/ubuntu_ros2/model_ws/install/my_robot_brightup/share/my_robot_brightup/environment/ament_prefix_path.dsv
-- Up-to-date: /home/ubuntu_ros2/model_ws/install/my_robot_brightup/share/my_robot_brightup/environment/path.sh
-- Up-to-date: /home/ubuntu_ros2/model_ws/install/my_robot_brightup/share/my_robot_brightup/environment/path.dsv
-- Up-to-date: /home/ubuntu_ros2/model_ws/install/my_robot_brightup/share/my_robot_brightup/local_setup.bash
-- Up-to-date: /home/ubuntu_ros2/model_ws/install/my_robot_brightup/share/my_robot_brightup/local_setup.sh
-- Up-to-date: /home/ubuntu_ros2/model_ws/install/my_robot_brightup/share/my_robot_brightup/local_setup.zsh
-- Up-to-date: /home/ubuntu_ros2/model_ws/install/my_robot_brightup/share/my_robot_brightup/local_setup.dsv
-- Installing: /home/ubuntu_ros2/model_ws/install/my_robot_brightup/share/my_robot_brightup/package.dsv
-- Up-to-date: /home/ubuntu_ros2/model_ws/install/my_robot_brightup/share/ament_index/resource_index/packages/my_robot_brightup
-- Up-to-date: /home/ubuntu_ros2/model_ws/install/my_robot_brightup/share/my_robot_brightup/cmake/my_robot_brightupConfig.cmake
-- Up-to-date: /home/ubuntu_ros2/model_ws/install/my_robot_brightup/share/my_robot_brightup/cmake/my_robot_brightupConfig-version.cmake
-- Up-to-date: /home/ubuntu_ros2/model_ws/install/my_robot_brightup/share/my_robot_brightup/package.xml
