[0.052s] Invoking command in '/home/ubuntu_ros2/model_ws/build/my_robot_brightup': CMAKE_PREFIX_PATH=${CMAKE_PREFIX_PATH}:/home/ubuntu_ros2/ws_moveit2/install/moveit_configs_utils:/home/ubuntu_ros2/ws_moveit2/install/launch_param_builder:/opt/ros/humble /usr/bin/cmake --build /home/ubuntu_ros2/model_ws/build/my_robot_brightup -- -j4 -l4
[0.166s] Invoked command in '/home/ubuntu_ros2/model_ws/build/my_robot_brightup' returned '0': CMAKE_PREFIX_PATH=${CMAKE_PREFIX_PATH}:/home/ubuntu_ros2/ws_moveit2/install/moveit_configs_utils:/home/ubuntu_ros2/ws_moveit2/install/launch_param_builder:/opt/ros/humble /usr/bin/cmake --build /home/ubuntu_ros2/model_ws/build/my_robot_brightup -- -j4 -l4
[0.187s] Invoking command in '/home/ubuntu_ros2/model_ws/build/my_robot_brightup': CMAKE_PREFIX_PATH=${CMAKE_PREFIX_PATH}:/home/ubuntu_ros2/ws_moveit2/install/moveit_configs_utils:/home/ubuntu_ros2/ws_moveit2/install/launch_param_builder:/opt/ros/humble /usr/bin/cmake --install /home/ubuntu_ros2/model_ws/build/my_robot_brightup
[0.202s] -- Install configuration: ""
[0.202s] -- Up-to-date: /home/ubuntu_ros2/model_ws/install/my_robot_brightup/share/my_robot_brightup//launch
[0.202s] -- Up-to-date: /home/ubuntu_ros2/model_ws/install/my_robot_brightup/share/my_robot_brightup//launch/rtabmap.launch.py
[0.202s] -- Installing: /home/ubuntu_ros2/model_ws/install/my_robot_brightup/share/my_robot_brightup//launch/rtabmap_launch.py
[0.202s] -- Up-to-date: /home/ubuntu_ros2/model_ws/install/my_robot_brightup/share/my_robot_brightup//launch/navigation_launch.py
[0.203s] -- Up-to-date: /home/ubuntu_ros2/model_ws/install/my_robot_brightup/share/my_robot_brightup//launch/launch_sim.launch.py
[0.203s] -- Up-to-date: /home/ubuntu_ros2/model_ws/install/my_robot_brightup/share/my_robot_brightup//launch/rsp.launch.py
[0.203s] -- Up-to-date: /home/ubuntu_ros2/model_ws/install/my_robot_brightup/share/my_robot_brightup//launch/bot_rgbd_scan.launch.py
[0.203s] -- Up-to-date: /home/ubuntu_ros2/model_ws/install/my_robot_brightup/share/my_robot_brightup//launch/nav2_rtabmap_launch.py
[0.203s] -- Up-to-date: /home/ubuntu_ros2/model_ws/install/my_robot_brightup/share/my_robot_brightup//launch/bringup_launch.py
[0.203s] -- Up-to-date: /home/ubuntu_ros2/model_ws/install/my_robot_brightup/share/my_robot_brightup//launch/turtlebot3_rgbd_scan.launch.py
[0.203s] -- Up-to-date: /home/ubuntu_ros2/model_ws/install/my_robot_brightup/share/my_robot_brightup//launch/online_async_launch.py
[0.203s] -- Up-to-date: /home/ubuntu_ros2/model_ws/install/my_robot_brightup/share/my_robot_brightup//launch/localization_launch.py
[0.203s] -- Up-to-date: /home/ubuntu_ros2/model_ws/install/my_robot_brightup/share/my_robot_brightup//description
[0.203s] -- Up-to-date: /home/ubuntu_ros2/model_ws/install/my_robot_brightup/share/my_robot_brightup//description/inertial_macros.xacro
[0.203s] -- Up-to-date: /home/ubuntu_ros2/model_ws/install/my_robot_brightup/share/my_robot_brightup//description/robot.urdf.xacro
[0.204s] -- Up-to-date: /home/ubuntu_ros2/model_ws/install/my_robot_brightup/share/my_robot_brightup//description/imu.xacro
[0.204s] -- Up-to-date: /home/ubuntu_ros2/model_ws/install/my_robot_brightup/share/my_robot_brightup//description/depth_camera (copy).xacro
[0.204s] -- Up-to-date: /home/ubuntu_ros2/model_ws/install/my_robot_brightup/share/my_robot_brightup//description/lidar.xacro
[0.204s] -- Up-to-date: /home/ubuntu_ros2/model_ws/install/my_robot_brightup/share/my_robot_brightup//description/robot_core.xacro
[0.204s] -- Up-to-date: /home/ubuntu_ros2/model_ws/install/my_robot_brightup/share/my_robot_brightup//description/gazebo_control.xacro
[0.204s] -- Up-to-date: /home/ubuntu_ros2/model_ws/install/my_robot_brightup/share/my_robot_brightup//description/ros2_control.xacro
[0.204s] -- Up-to-date: /home/ubuntu_ros2/model_ws/install/my_robot_brightup/share/my_robot_brightup//description/depth_camera.xacro
[0.204s] -- Up-to-date: /home/ubuntu_ros2/model_ws/install/my_robot_brightup/share/my_robot_brightup//description/camera.xacro
[0.204s] -- Up-to-date: /home/ubuntu_ros2/model_ws/install/my_robot_brightup/share/my_robot_brightup//config
[0.204s] -- Up-to-date: /home/ubuntu_ros2/model_ws/install/my_robot_brightup/share/my_robot_brightup//config/view_bot.rviz
[0.204s] -- Up-to-date: /home/ubuntu_ros2/model_ws/install/my_robot_brightup/share/my_robot_brightup//config/nav2_params.yaml
[0.204s] -- Up-to-date: /home/ubuntu_ros2/model_ws/install/my_robot_brightup/share/my_robot_brightup//config/slam_bot.rviz
[0.205s] -- Up-to-date: /home/ubuntu_ros2/model_ws/install/my_robot_brightup/share/my_robot_brightup//config/rtabmap_sim.rviz
[0.205s] -- Up-to-date: /home/ubuntu_ros2/model_ws/install/my_robot_brightup/share/my_robot_brightup//config/my_controllers.yaml
[0.205s] -- Up-to-date: /home/ubuntu_ros2/model_ws/install/my_robot_brightup/share/my_robot_brightup//config/ekf.yaml
[0.205s] -- Up-to-date: /home/ubuntu_ros2/model_ws/install/my_robot_brightup/share/my_robot_brightup//config/sensor_bot.rviz
[0.205s] -- Up-to-date: /home/ubuntu_ros2/model_ws/install/my_robot_brightup/share/my_robot_brightup//config/demo_robot_mapping.rviz
[0.205s] -- Up-to-date: /home/ubuntu_ros2/model_ws/install/my_robot_brightup/share/my_robot_brightup//config/ekf_rtabmap.yaml
[0.205s] -- Up-to-date: /home/ubuntu_ros2/model_ws/install/my_robot_brightup/share/my_robot_brightup//config/twist_mux.yaml
[0.206s] -- Up-to-date: /home/ubuntu_ros2/model_ws/install/my_robot_brightup/share/my_robot_brightup//config/diff_drive_bot.rviz
[0.206s] -- Up-to-date: /home/ubuntu_ros2/model_ws/install/my_robot_brightup/share/my_robot_brightup//config/rtabmap_params.yaml
[0.206s] -- Up-to-date: /home/ubuntu_ros2/model_ws/install/my_robot_brightup/share/my_robot_brightup//config/mapper_params_online_async.yaml
[0.206s] -- Up-to-date: /home/ubuntu_ros2/model_ws/install/my_robot_brightup/share/my_robot_brightup//config/bot_rgbd_scan_nav2_params.yaml
[0.206s] -- Up-to-date: /home/ubuntu_ros2/model_ws/install/my_robot_brightup/share/my_robot_brightup//world
[0.206s] -- Up-to-date: /home/ubuntu_ros2/model_ws/install/my_robot_brightup/share/my_robot_brightup//world/fetchit_challenge_tests_lowlights.world
[0.206s] -- Up-to-date: /home/ubuntu_ros2/model_ws/install/my_robot_brightup/share/my_robot_brightup//world/small_house
[0.206s] -- Up-to-date: /home/ubuntu_ros2/model_ws/install/my_robot_brightup/share/my_robot_brightup//world/small_house/model.config
[0.206s] -- Up-to-date: /home/ubuntu_ros2/model_ws/install/my_robot_brightup/share/my_robot_brightup//world/small_house/model.sdf
[0.206s] -- Up-to-date: /home/ubuntu_ros2/model_ws/install/my_robot_brightup/share/my_robot_brightup//world/room.world
[0.206s] -- Up-to-date: /home/ubuntu_ros2/model_ws/install/my_robot_brightup/share/my_robot_brightup//world/house
[0.206s] -- Up-to-date: /home/ubuntu_ros2/model_ws/install/my_robot_brightup/share/my_robot_brightup//world/house/model.config
[0.206s] -- Up-to-date: /home/ubuntu_ros2/model_ws/install/my_robot_brightup/share/my_robot_brightup//world/house/house
[0.206s] -- Up-to-date: /home/ubuntu_ros2/model_ws/install/my_robot_brightup/share/my_robot_brightup//world/house/house/model.config
[0.207s] -- Up-to-date: /home/ubuntu_ros2/model_ws/install/my_robot_brightup/share/my_robot_brightup//world/house/house/model.sdf
[0.207s] -- Up-to-date: /home/ubuntu_ros2/model_ws/install/my_robot_brightup/share/my_robot_brightup//world/house/model.sdf
[0.207s] -- Up-to-date: /home/ubuntu_ros2/model_ws/install/my_robot_brightup/share/my_robot_brightup//world/obstacles.world
[0.207s] -- Up-to-date: /home/ubuntu_ros2/model_ws/install/my_robot_brightup/share/my_robot_brightup//world/house.world
[0.207s] -- Up-to-date: /home/ubuntu_ros2/model_ws/install/my_robot_brightup/share/my_robot_brightup//world/room
[0.207s] -- Up-to-date: /home/ubuntu_ros2/model_ws/install/my_robot_brightup/share/my_robot_brightup//world/room/model.config
[0.207s] -- Up-to-date: /home/ubuntu_ros2/model_ws/install/my_robot_brightup/share/my_robot_brightup//world/room/model.sdf
[0.207s] -- Up-to-date: /home/ubuntu_ros2/model_ws/install/my_robot_brightup/share/my_robot_brightup//database
[0.207s] -- Up-to-date: /home/ubuntu_ros2/model_ws/install/my_robot_brightup/share/my_robot_brightup//database/my_map
[0.207s] -- Up-to-date: /home/ubuntu_ros2/model_ws/install/my_robot_brightup/share/my_robot_brightup//database/my_map/rtabmap1.db
[0.207s] -- Up-to-date: /home/ubuntu_ros2/model_ws/install/my_robot_brightup/share/my_robot_brightup//database/my_map/rtabmap2.db
[0.207s] -- Up-to-date: /home/ubuntu_ros2/model_ws/install/my_robot_brightup/share/my_robot_brightup//database/my_map/rtabmap.db
[0.207s] -- Up-to-date: /home/ubuntu_ros2/model_ws/install/my_robot_brightup/share/ament_index/resource_index/package_run_dependencies/my_robot_brightup
[0.208s] -- Up-to-date: /home/ubuntu_ros2/model_ws/install/my_robot_brightup/share/ament_index/resource_index/parent_prefix_path/my_robot_brightup
[0.208s] -- Up-to-date: /home/ubuntu_ros2/model_ws/install/my_robot_brightup/share/my_robot_brightup/environment/ament_prefix_path.sh
[0.208s] -- Up-to-date: /home/ubuntu_ros2/model_ws/install/my_robot_brightup/share/my_robot_brightup/environment/ament_prefix_path.dsv
[0.208s] -- Up-to-date: /home/ubuntu_ros2/model_ws/install/my_robot_brightup/share/my_robot_brightup/environment/path.sh
[0.208s] -- Up-to-date: /home/ubuntu_ros2/model_ws/install/my_robot_brightup/share/my_robot_brightup/environment/path.dsv
[0.208s] -- Up-to-date: /home/ubuntu_ros2/model_ws/install/my_robot_brightup/share/my_robot_brightup/local_setup.bash
[0.208s] -- Up-to-date: /home/ubuntu_ros2/model_ws/install/my_robot_brightup/share/my_robot_brightup/local_setup.sh
[0.208s] -- Up-to-date: /home/ubuntu_ros2/model_ws/install/my_robot_brightup/share/my_robot_brightup/local_setup.zsh
[0.209s] -- Up-to-date: /home/ubuntu_ros2/model_ws/install/my_robot_brightup/share/my_robot_brightup/local_setup.dsv
[0.209s] -- Installing: /home/ubuntu_ros2/model_ws/install/my_robot_brightup/share/my_robot_brightup/package.dsv
[0.209s] -- Up-to-date: /home/ubuntu_ros2/model_ws/install/my_robot_brightup/share/ament_index/resource_index/packages/my_robot_brightup
[0.209s] -- Up-to-date: /home/ubuntu_ros2/model_ws/install/my_robot_brightup/share/my_robot_brightup/cmake/my_robot_brightupConfig.cmake
[0.209s] -- Up-to-date: /home/ubuntu_ros2/model_ws/install/my_robot_brightup/share/my_robot_brightup/cmake/my_robot_brightupConfig-version.cmake
[0.209s] -- Up-to-date: /home/ubuntu_ros2/model_ws/install/my_robot_brightup/share/my_robot_brightup/package.xml
[0.211s] Invoked command in '/home/ubuntu_ros2/model_ws/build/my_robot_brightup' returned '0': CMAKE_PREFIX_PATH=${CMAKE_PREFIX_PATH}:/home/ubuntu_ros2/ws_moveit2/install/moveit_configs_utils:/home/ubuntu_ros2/ws_moveit2/install/launch_param_builder:/opt/ros/humble /usr/bin/cmake --install /home/ubuntu_ros2/model_ws/build/my_robot_brightup
