[0.204s] DEBUG:colcon:Command line arguments: ['/usr/bin/colcon', 'build']
[0.204s] DEBUG:colcon:Parsed command line arguments: Namespace(log_base=None, log_level=None, verb_name='build', build_base='build', install_base='install', merge_install=False, symlink_install=False, test_result_base=None, continue_on_error=False, executor='parallel', parallel_workers=4, event_handlers=None, ignore_user_meta=False, metas=['./colcon.meta'], base_paths=['.'], packages_ignore=None, packages_ignore_regex=None, paths=None, packages_up_to=None, packages_up_to_regex=None, packages_above=None, packages_above_and_dependencies=None, packages_above_depth=None, packages_select_by_dep=None, packages_skip_by_dep=None, packages_skip_up_to=None, packages_select_build_failed=False, packages_skip_build_finished=False, packages_select_test_failures=False, packages_skip_test_passed=False, packages_select=None, packages_skip=None, packages_select_regex=None, packages_skip_regex=None, packages_start=None, packages_end=None, allow_overriding=[], cmake_args=None, cmake_target=None, cmake_target_skip_unavailable=False, cmake_clean_cache=False, cmake_clean_first=False, cmake_force_configure=False, ament_cmake_args=None, catkin_cmake_args=None, catkin_skip_building_tests=False, mixin_files=None, mixin=None, verb_parser=<colcon_mixin.mixin.mixin_argument.MixinArgumentDecorator object at 0x7a05d8221c90>, verb_extension=<colcon_core.verb.build.BuildVerb object at 0x7a05d8221210>, main=<bound method BuildVerb.main of <colcon_core.verb.build.BuildVerb object at 0x7a05d8221210>>, mixin_verb=('build',))
[0.475s] Level 1:colcon.colcon_core.package_discovery:discover_packages(colcon_meta) check parameters
[0.475s] Level 1:colcon.colcon_core.package_discovery:discover_packages(recursive) check parameters
[0.475s] Level 1:colcon.colcon_core.package_discovery:discover_packages(ignore) check parameters
[0.475s] Level 1:colcon.colcon_core.package_discovery:discover_packages(path) check parameters
[0.475s] Level 1:colcon.colcon_core.package_discovery:discover_packages(colcon_meta) discover
[0.475s] Level 1:colcon.colcon_core.package_discovery:discover_packages(recursive) discover
[0.476s] INFO:colcon.colcon_core.package_discovery:Crawling recursively for packages in '/home/ubuntu_ros2/model_ws'
[0.476s] Level 1:colcon.colcon_core.package_identification:_identify(.) by extensions ['ignore', 'ignore_ament_install']
[0.476s] Level 1:colcon.colcon_core.package_identification:_identify(.) by extension 'ignore'
[0.476s] Level 1:colcon.colcon_core.package_identification:_identify(.) by extension 'ignore_ament_install'
[0.476s] Level 1:colcon.colcon_core.package_identification:_identify(.) by extensions ['colcon_pkg']
[0.476s] Level 1:colcon.colcon_core.package_identification:_identify(.) by extension 'colcon_pkg'
[0.477s] Level 1:colcon.colcon_core.package_identification:_identify(.) by extensions ['colcon_meta']
[0.477s] Level 1:colcon.colcon_core.package_identification:_identify(.) by extension 'colcon_meta'
[0.477s] Level 1:colcon.colcon_core.package_identification:_identify(.) by extensions ['ros']
[0.477s] Level 1:colcon.colcon_core.package_identification:_identify(.) by extension 'ros'
[0.496s] Level 1:colcon.colcon_core.package_identification:_identify(.) by extensions ['cmake', 'python']
[0.496s] Level 1:colcon.colcon_core.package_identification:_identify(.) by extension 'cmake'
[0.496s] Level 1:colcon.colcon_core.package_identification:_identify(.) by extension 'python'
[0.496s] Level 1:colcon.colcon_core.package_identification:_identify(.) by extensions ['python_setup_py']
[0.496s] Level 1:colcon.colcon_core.package_identification:_identify(.) by extension 'python_setup_py'
[0.496s] Level 1:colcon.colcon_core.package_identification:_identify(build) by extensions ['ignore', 'ignore_ament_install']
[0.497s] Level 1:colcon.colcon_core.package_identification:_identify(build) by extension 'ignore'
[0.499s] Level 1:colcon.colcon_core.package_identification:_identify(build) ignored
[0.499s] Level 1:colcon.colcon_core.package_identification:_identify(install) by extensions ['ignore', 'ignore_ament_install']
[0.499s] Level 1:colcon.colcon_core.package_identification:_identify(install) by extension 'ignore'
[0.499s] Level 1:colcon.colcon_core.package_identification:_identify(install) ignored
[0.499s] Level 1:colcon.colcon_core.package_identification:_identify(log) by extensions ['ignore', 'ignore_ament_install']
[0.499s] Level 1:colcon.colcon_core.package_identification:_identify(log) by extension 'ignore'
[0.499s] Level 1:colcon.colcon_core.package_identification:_identify(log) ignored
[0.500s] Level 1:colcon.colcon_core.package_identification:_identify(src) by extensions ['ignore', 'ignore_ament_install']
[0.500s] Level 1:colcon.colcon_core.package_identification:_identify(src) by extension 'ignore'
[0.500s] Level 1:colcon.colcon_core.package_identification:_identify(src) by extension 'ignore_ament_install'
[0.500s] Level 1:colcon.colcon_core.package_identification:_identify(src) by extensions ['colcon_pkg']
[0.500s] Level 1:colcon.colcon_core.package_identification:_identify(src) by extension 'colcon_pkg'
[0.500s] Level 1:colcon.colcon_core.package_identification:_identify(src) by extensions ['colcon_meta']
[0.500s] Level 1:colcon.colcon_core.package_identification:_identify(src) by extension 'colcon_meta'
[0.500s] Level 1:colcon.colcon_core.package_identification:_identify(src) by extensions ['ros']
[0.500s] Level 1:colcon.colcon_core.package_identification:_identify(src) by extension 'ros'
[0.500s] Level 1:colcon.colcon_core.package_identification:_identify(src) by extensions ['cmake', 'python']
[0.500s] Level 1:colcon.colcon_core.package_identification:_identify(src) by extension 'cmake'
[0.500s] Level 1:colcon.colcon_core.package_identification:_identify(src) by extension 'python'
[0.500s] Level 1:colcon.colcon_core.package_identification:_identify(src) by extensions ['python_setup_py']
[0.500s] Level 1:colcon.colcon_core.package_identification:_identify(src) by extension 'python_setup_py'
[0.501s] Level 1:colcon.colcon_core.package_identification:_identify(src/my_robot_brightup) by extensions ['ignore', 'ignore_ament_install']
[0.501s] Level 1:colcon.colcon_core.package_identification:_identify(src/my_robot_brightup) by extension 'ignore'
[0.501s] Level 1:colcon.colcon_core.package_identification:_identify(src/my_robot_brightup) by extension 'ignore_ament_install'
[0.501s] Level 1:colcon.colcon_core.package_identification:_identify(src/my_robot_brightup) by extensions ['colcon_pkg']
[0.501s] Level 1:colcon.colcon_core.package_identification:_identify(src/my_robot_brightup) by extension 'colcon_pkg'
[0.501s] Level 1:colcon.colcon_core.package_identification:_identify(src/my_robot_brightup) by extensions ['colcon_meta']
[0.501s] Level 1:colcon.colcon_core.package_identification:_identify(src/my_robot_brightup) by extension 'colcon_meta'
[0.501s] Level 1:colcon.colcon_core.package_identification:_identify(src/my_robot_brightup) by extensions ['ros']
[0.501s] Level 1:colcon.colcon_core.package_identification:_identify(src/my_robot_brightup) by extension 'ros'
[0.505s] DEBUG:colcon.colcon_core.package_identification:Package 'src/my_robot_brightup' with type 'ros.ament_cmake' and name 'my_robot_brightup'
[0.505s] Level 1:colcon.colcon_core.package_identification:_identify(src/nav2_ipso_planner) by extensions ['ignore', 'ignore_ament_install']
[0.505s] Level 1:colcon.colcon_core.package_identification:_identify(src/nav2_ipso_planner) by extension 'ignore'
[0.505s] Level 1:colcon.colcon_core.package_identification:_identify(src/nav2_ipso_planner) by extension 'ignore_ament_install'
[0.505s] Level 1:colcon.colcon_core.package_identification:_identify(src/nav2_ipso_planner) by extensions ['colcon_pkg']
[0.505s] Level 1:colcon.colcon_core.package_identification:_identify(src/nav2_ipso_planner) by extension 'colcon_pkg'
[0.505s] Level 1:colcon.colcon_core.package_identification:_identify(src/nav2_ipso_planner) by extensions ['colcon_meta']
[0.505s] Level 1:colcon.colcon_core.package_identification:_identify(src/nav2_ipso_planner) by extension 'colcon_meta'
[0.505s] Level 1:colcon.colcon_core.package_identification:_identify(src/nav2_ipso_planner) by extensions ['ros']
[0.505s] Level 1:colcon.colcon_core.package_identification:_identify(src/nav2_ipso_planner) by extension 'ros'
[0.507s] DEBUG:colcon.colcon_core.package_identification:Package 'src/nav2_ipso_planner' with type 'ros.ament_cmake' and name 'nav2_ipso_planner'
[0.507s] Level 1:colcon.colcon_core.package_identification:_identify(src/nav2_pso_planner) by extensions ['ignore', 'ignore_ament_install']
[0.507s] Level 1:colcon.colcon_core.package_identification:_identify(src/nav2_pso_planner) by extension 'ignore'
[0.507s] Level 1:colcon.colcon_core.package_identification:_identify(src/nav2_pso_planner) by extension 'ignore_ament_install'
[0.507s] Level 1:colcon.colcon_core.package_identification:_identify(src/nav2_pso_planner) by extensions ['colcon_pkg']
[0.507s] Level 1:colcon.colcon_core.package_identification:_identify(src/nav2_pso_planner) by extension 'colcon_pkg'
[0.507s] Level 1:colcon.colcon_core.package_identification:_identify(src/nav2_pso_planner) by extensions ['colcon_meta']
[0.507s] Level 1:colcon.colcon_core.package_identification:_identify(src/nav2_pso_planner) by extension 'colcon_meta'
[0.507s] Level 1:colcon.colcon_core.package_identification:_identify(src/nav2_pso_planner) by extensions ['ros']
[0.507s] Level 1:colcon.colcon_core.package_identification:_identify(src/nav2_pso_planner) by extension 'ros'
[0.509s] DEBUG:colcon.colcon_core.package_identification:Package 'src/nav2_pso_planner' with type 'ros.ament_cmake' and name 'nav2_pso_planner'
[0.509s] Level 1:colcon.colcon_core.package_discovery:discover_packages(recursive) using defaults
[0.509s] Level 1:colcon.colcon_core.package_discovery:discover_packages(ignore) discover
[0.509s] Level 1:colcon.colcon_core.package_discovery:discover_packages(ignore) using defaults
[0.509s] Level 1:colcon.colcon_core.package_discovery:discover_packages(path) discover
[0.509s] Level 1:colcon.colcon_core.package_discovery:discover_packages(path) using defaults
[0.562s] Level 1:colcon.colcon_core.package_discovery:discover_packages(prefix_path) check parameters
[0.562s] Level 1:colcon.colcon_core.package_discovery:discover_packages(prefix_path) discover
[0.570s] DEBUG:colcon.colcon_installed_package_information.package_discovery:Found 3 installed packages in /home/ubuntu_ros2/model_ws/install
[0.572s] DEBUG:colcon.colcon_installed_package_information.package_discovery:Found 55 installed packages in /home/ubuntu_ros2/ws_moveit2/install
[0.574s] DEBUG:colcon.colcon_installed_package_information.package_discovery:Found 398 installed packages in /opt/ros/humble
[0.576s] Level 1:colcon.colcon_core.package_discovery:discover_packages(prefix_path) using defaults
[0.658s] Level 5:colcon.colcon_core.verb:set package 'my_robot_brightup' build argument 'cmake_args' from command line to 'None'
[0.658s] Level 5:colcon.colcon_core.verb:set package 'my_robot_brightup' build argument 'cmake_target' from command line to 'None'
[0.658s] Level 5:colcon.colcon_core.verb:set package 'my_robot_brightup' build argument 'cmake_target_skip_unavailable' from command line to 'False'
[0.658s] Level 5:colcon.colcon_core.verb:set package 'my_robot_brightup' build argument 'cmake_clean_cache' from command line to 'False'
[0.658s] Level 5:colcon.colcon_core.verb:set package 'my_robot_brightup' build argument 'cmake_clean_first' from command line to 'False'
[0.658s] Level 5:colcon.colcon_core.verb:set package 'my_robot_brightup' build argument 'cmake_force_configure' from command line to 'False'
[0.658s] Level 5:colcon.colcon_core.verb:set package 'my_robot_brightup' build argument 'ament_cmake_args' from command line to 'None'
[0.658s] Level 5:colcon.colcon_core.verb:set package 'my_robot_brightup' build argument 'catkin_cmake_args' from command line to 'None'
[0.658s] Level 5:colcon.colcon_core.verb:set package 'my_robot_brightup' build argument 'catkin_skip_building_tests' from command line to 'False'
[0.658s] DEBUG:colcon.colcon_core.verb:Building package 'my_robot_brightup' with the following arguments: {'ament_cmake_args': None, 'build_base': '/home/ubuntu_ros2/model_ws/build/my_robot_brightup', 'catkin_cmake_args': None, 'catkin_skip_building_tests': False, 'cmake_args': None, 'cmake_clean_cache': False, 'cmake_clean_first': False, 'cmake_force_configure': False, 'cmake_target': None, 'cmake_target_skip_unavailable': False, 'install_base': '/home/ubuntu_ros2/model_ws/install/my_robot_brightup', 'merge_install': False, 'path': '/home/ubuntu_ros2/model_ws/src/my_robot_brightup', 'symlink_install': False, 'test_result_base': None}
[0.659s] Level 5:colcon.colcon_core.verb:set package 'nav2_ipso_planner' build argument 'cmake_args' from command line to 'None'
[0.659s] Level 5:colcon.colcon_core.verb:set package 'nav2_ipso_planner' build argument 'cmake_target' from command line to 'None'
[0.659s] Level 5:colcon.colcon_core.verb:set package 'nav2_ipso_planner' build argument 'cmake_target_skip_unavailable' from command line to 'False'
[0.659s] Level 5:colcon.colcon_core.verb:set package 'nav2_ipso_planner' build argument 'cmake_clean_cache' from command line to 'False'
[0.659s] Level 5:colcon.colcon_core.verb:set package 'nav2_ipso_planner' build argument 'cmake_clean_first' from command line to 'False'
[0.659s] Level 5:colcon.colcon_core.verb:set package 'nav2_ipso_planner' build argument 'cmake_force_configure' from command line to 'False'
[0.659s] Level 5:colcon.colcon_core.verb:set package 'nav2_ipso_planner' build argument 'ament_cmake_args' from command line to 'None'
[0.659s] Level 5:colcon.colcon_core.verb:set package 'nav2_ipso_planner' build argument 'catkin_cmake_args' from command line to 'None'
[0.659s] Level 5:colcon.colcon_core.verb:set package 'nav2_ipso_planner' build argument 'catkin_skip_building_tests' from command line to 'False'
[0.659s] DEBUG:colcon.colcon_core.verb:Building package 'nav2_ipso_planner' with the following arguments: {'ament_cmake_args': None, 'build_base': '/home/ubuntu_ros2/model_ws/build/nav2_ipso_planner', 'catkin_cmake_args': None, 'catkin_skip_building_tests': False, 'cmake_args': None, 'cmake_clean_cache': False, 'cmake_clean_first': False, 'cmake_force_configure': False, 'cmake_target': None, 'cmake_target_skip_unavailable': False, 'install_base': '/home/ubuntu_ros2/model_ws/install/nav2_ipso_planner', 'merge_install': False, 'path': '/home/ubuntu_ros2/model_ws/src/nav2_ipso_planner', 'symlink_install': False, 'test_result_base': None}
[0.660s] Level 5:colcon.colcon_core.verb:set package 'nav2_pso_planner' build argument 'cmake_args' from command line to 'None'
[0.661s] Level 5:colcon.colcon_core.verb:set package 'nav2_pso_planner' build argument 'cmake_target' from command line to 'None'
[0.661s] Level 5:colcon.colcon_core.verb:set package 'nav2_pso_planner' build argument 'cmake_target_skip_unavailable' from command line to 'False'
[0.661s] Level 5:colcon.colcon_core.verb:set package 'nav2_pso_planner' build argument 'cmake_clean_cache' from command line to 'False'
[0.661s] Level 5:colcon.colcon_core.verb:set package 'nav2_pso_planner' build argument 'cmake_clean_first' from command line to 'False'
[0.661s] Level 5:colcon.colcon_core.verb:set package 'nav2_pso_planner' build argument 'cmake_force_configure' from command line to 'False'
[0.661s] Level 5:colcon.colcon_core.verb:set package 'nav2_pso_planner' build argument 'ament_cmake_args' from command line to 'None'
[0.661s] Level 5:colcon.colcon_core.verb:set package 'nav2_pso_planner' build argument 'catkin_cmake_args' from command line to 'None'
[0.661s] Level 5:colcon.colcon_core.verb:set package 'nav2_pso_planner' build argument 'catkin_skip_building_tests' from command line to 'False'
[0.661s] DEBUG:colcon.colcon_core.verb:Building package 'nav2_pso_planner' with the following arguments: {'ament_cmake_args': None, 'build_base': '/home/ubuntu_ros2/model_ws/build/nav2_pso_planner', 'catkin_cmake_args': None, 'catkin_skip_building_tests': False, 'cmake_args': None, 'cmake_clean_cache': False, 'cmake_clean_first': False, 'cmake_force_configure': False, 'cmake_target': None, 'cmake_target_skip_unavailable': False, 'install_base': '/home/ubuntu_ros2/model_ws/install/nav2_pso_planner', 'merge_install': False, 'path': '/home/ubuntu_ros2/model_ws/src/nav2_pso_planner', 'symlink_install': False, 'test_result_base': None}
[0.661s] INFO:colcon.colcon_core.executor:Executing jobs using 'parallel' executor
[0.665s] DEBUG:colcon.colcon_parallel_executor.executor.parallel:run_until_complete
[0.666s] INFO:colcon.colcon_ros.task.ament_cmake.build:Building ROS package in '/home/ubuntu_ros2/model_ws/src/my_robot_brightup' with build type 'ament_cmake'
[0.666s] INFO:colcon.colcon_cmake.task.cmake.build:Building CMake package in '/home/ubuntu_ros2/model_ws/src/my_robot_brightup'
[0.669s] INFO:colcon.colcon_core.plugin_system:Skipping extension 'colcon_core.shell.bat': Not used on non-Windows systems
[0.669s] INFO:colcon.colcon_core.shell:Skip shell extension 'powershell' for command environment: Not usable outside of PowerShell
[0.669s] DEBUG:colcon.colcon_core.shell:Skip shell extension 'dsv' for command environment
[0.684s] INFO:colcon.colcon_ros.task.ament_cmake.build:Building ROS package in '/home/ubuntu_ros2/model_ws/src/nav2_ipso_planner' with build type 'ament_cmake'
[0.684s] INFO:colcon.colcon_cmake.task.cmake.build:Building CMake package in '/home/ubuntu_ros2/model_ws/src/nav2_ipso_planner'
[0.684s] INFO:colcon.colcon_core.shell:Skip shell extension 'powershell' for command environment: Not usable outside of PowerShell
[0.684s] DEBUG:colcon.colcon_core.shell:Skip shell extension 'dsv' for command environment
[0.696s] INFO:colcon.colcon_ros.task.ament_cmake.build:Building ROS package in '/home/ubuntu_ros2/model_ws/src/nav2_pso_planner' with build type 'ament_cmake'
[0.697s] INFO:colcon.colcon_cmake.task.cmake.build:Building CMake package in '/home/ubuntu_ros2/model_ws/src/nav2_pso_planner'
[0.698s] INFO:colcon.colcon_core.shell:Skip shell extension 'powershell' for command environment: Not usable outside of PowerShell
[0.698s] DEBUG:colcon.colcon_core.shell:Skip shell extension 'dsv' for command environment
[0.725s] DEBUG:colcon.colcon_core.event_handler.log_command:Invoking command in '/home/ubuntu_ros2/model_ws/build/my_robot_brightup': CMAKE_PREFIX_PATH=${CMAKE_PREFIX_PATH}:/home/ubuntu_ros2/ws_moveit2/install/moveit_configs_utils:/home/ubuntu_ros2/ws_moveit2/install/launch_param_builder:/opt/ros/humble /usr/bin/cmake --build /home/ubuntu_ros2/model_ws/build/my_robot_brightup -- -j4 -l4
[0.739s] DEBUG:colcon.colcon_core.event_handler.log_command:Invoking command in '/home/ubuntu_ros2/model_ws/build/nav2_ipso_planner': CMAKE_PREFIX_PATH=${CMAKE_PREFIX_PATH}:/home/ubuntu_ros2/ws_moveit2/install/moveit_configs_utils:/home/ubuntu_ros2/ws_moveit2/install/launch_param_builder:/opt/ros/humble /usr/bin/cmake --build /home/ubuntu_ros2/model_ws/build/nav2_ipso_planner -- -j4 -l4
[0.753s] DEBUG:colcon.colcon_core.event_handler.log_command:Invoking command in '/home/ubuntu_ros2/model_ws/build/nav2_pso_planner': CMAKE_PREFIX_PATH=${CMAKE_PREFIX_PATH}:/home/ubuntu_ros2/ws_moveit2/install/moveit_configs_utils:/home/ubuntu_ros2/ws_moveit2/install/launch_param_builder:/opt/ros/humble /usr/bin/cmake --build /home/ubuntu_ros2/model_ws/build/nav2_pso_planner -- -j4 -l4
[0.837s] DEBUG:colcon.colcon_core.event_handler.log_command:Invoked command in '/home/ubuntu_ros2/model_ws/build/my_robot_brightup' returned '0': CMAKE_PREFIX_PATH=${CMAKE_PREFIX_PATH}:/home/ubuntu_ros2/ws_moveit2/install/moveit_configs_utils:/home/ubuntu_ros2/ws_moveit2/install/launch_param_builder:/opt/ros/humble /usr/bin/cmake --build /home/ubuntu_ros2/model_ws/build/my_robot_brightup -- -j4 -l4
[0.865s] DEBUG:colcon.colcon_core.event_handler.log_command:Invoking command in '/home/ubuntu_ros2/model_ws/build/my_robot_brightup': CMAKE_PREFIX_PATH=${CMAKE_PREFIX_PATH}:/home/ubuntu_ros2/ws_moveit2/install/moveit_configs_utils:/home/ubuntu_ros2/ws_moveit2/install/launch_param_builder:/opt/ros/humble /usr/bin/cmake --install /home/ubuntu_ros2/model_ws/build/my_robot_brightup
[0.896s] Level 1:colcon.colcon_core.environment:create_environment_scripts_only(my_robot_brightup)
[0.897s] DEBUG:colcon.colcon_core.event_handler.log_command:Invoked command in '/home/ubuntu_ros2/model_ws/build/my_robot_brightup' returned '0': CMAKE_PREFIX_PATH=${CMAKE_PREFIX_PATH}:/home/ubuntu_ros2/ws_moveit2/install/moveit_configs_utils:/home/ubuntu_ros2/ws_moveit2/install/launch_param_builder:/opt/ros/humble /usr/bin/cmake --install /home/ubuntu_ros2/model_ws/build/my_robot_brightup
[0.907s] Level 1:colcon.colcon_core.environment:checking '/home/ubuntu_ros2/model_ws/install/my_robot_brightup' for CMake module files
[0.908s] Level 1:colcon.colcon_core.environment:checking '/home/ubuntu_ros2/model_ws/install/my_robot_brightup' for CMake config files
[0.908s] Level 1:colcon.colcon_core.shell:create_environment_hook('my_robot_brightup', 'cmake_prefix_path')
[0.911s] INFO:colcon.colcon_core.shell:Creating environment hook '/home/ubuntu_ros2/model_ws/install/my_robot_brightup/share/my_robot_brightup/hook/cmake_prefix_path.ps1'
[0.913s] INFO:colcon.colcon_core.shell:Creating environment descriptor '/home/ubuntu_ros2/model_ws/install/my_robot_brightup/share/my_robot_brightup/hook/cmake_prefix_path.dsv'
[0.918s] INFO:colcon.colcon_core.shell:Creating environment hook '/home/ubuntu_ros2/model_ws/install/my_robot_brightup/share/my_robot_brightup/hook/cmake_prefix_path.sh'
[0.920s] Level 1:colcon.colcon_core.environment:checking '/home/ubuntu_ros2/model_ws/install/my_robot_brightup/bin'
[0.920s] Level 1:colcon.colcon_core.environment:checking '/home/ubuntu_ros2/model_ws/install/my_robot_brightup/lib/pkgconfig/my_robot_brightup.pc'
[0.920s] Level 1:colcon.colcon_core.environment:checking '/home/ubuntu_ros2/model_ws/install/my_robot_brightup/lib/python3.10/site-packages'
[0.920s] Level 1:colcon.colcon_core.environment:checking '/home/ubuntu_ros2/model_ws/install/my_robot_brightup/bin'
[0.921s] INFO:colcon.colcon_core.shell:Creating package script '/home/ubuntu_ros2/model_ws/install/my_robot_brightup/share/my_robot_brightup/package.ps1'
[0.922s] INFO:colcon.colcon_core.shell:Creating package descriptor '/home/ubuntu_ros2/model_ws/install/my_robot_brightup/share/my_robot_brightup/package.dsv'
[0.923s] INFO:colcon.colcon_core.shell:Creating package script '/home/ubuntu_ros2/model_ws/install/my_robot_brightup/share/my_robot_brightup/package.sh'
[0.923s] INFO:colcon.colcon_core.shell:Creating package script '/home/ubuntu_ros2/model_ws/install/my_robot_brightup/share/my_robot_brightup/package.bash'
[0.924s] INFO:colcon.colcon_core.shell:Creating package script '/home/ubuntu_ros2/model_ws/install/my_robot_brightup/share/my_robot_brightup/package.zsh'
[0.925s] Level 1:colcon.colcon_core.environment:create_file_with_runtime_dependencies(/home/ubuntu_ros2/model_ws/install/my_robot_brightup/share/colcon-core/packages/my_robot_brightup)
[0.926s] Level 1:colcon.colcon_core.environment:create_environment_scripts_only(my_robot_brightup)
[0.928s] Level 1:colcon.colcon_core.environment:checking '/home/ubuntu_ros2/model_ws/install/my_robot_brightup' for CMake module files
[0.931s] Level 1:colcon.colcon_core.environment:checking '/home/ubuntu_ros2/model_ws/install/my_robot_brightup' for CMake config files
[0.931s] Level 1:colcon.colcon_core.shell:create_environment_hook('my_robot_brightup', 'cmake_prefix_path')
[0.932s] INFO:colcon.colcon_core.shell:Creating environment hook '/home/ubuntu_ros2/model_ws/install/my_robot_brightup/share/my_robot_brightup/hook/cmake_prefix_path.ps1'
[0.933s] INFO:colcon.colcon_core.shell:Creating environment descriptor '/home/ubuntu_ros2/model_ws/install/my_robot_brightup/share/my_robot_brightup/hook/cmake_prefix_path.dsv'
[0.933s] INFO:colcon.colcon_core.shell:Creating environment hook '/home/ubuntu_ros2/model_ws/install/my_robot_brightup/share/my_robot_brightup/hook/cmake_prefix_path.sh'
[0.934s] Level 1:colcon.colcon_core.environment:checking '/home/ubuntu_ros2/model_ws/install/my_robot_brightup/bin'
[0.934s] Level 1:colcon.colcon_core.environment:checking '/home/ubuntu_ros2/model_ws/install/my_robot_brightup/lib/pkgconfig/my_robot_brightup.pc'
[0.934s] Level 1:colcon.colcon_core.environment:checking '/home/ubuntu_ros2/model_ws/install/my_robot_brightup/lib/python3.10/site-packages'
[0.935s] Level 1:colcon.colcon_core.environment:checking '/home/ubuntu_ros2/model_ws/install/my_robot_brightup/bin'
[0.935s] INFO:colcon.colcon_core.shell:Creating package script '/home/ubuntu_ros2/model_ws/install/my_robot_brightup/share/my_robot_brightup/package.ps1'
[0.936s] INFO:colcon.colcon_core.shell:Creating package descriptor '/home/ubuntu_ros2/model_ws/install/my_robot_brightup/share/my_robot_brightup/package.dsv'
[0.937s] INFO:colcon.colcon_core.shell:Creating package script '/home/ubuntu_ros2/model_ws/install/my_robot_brightup/share/my_robot_brightup/package.sh'
[0.937s] INFO:colcon.colcon_core.shell:Creating package script '/home/ubuntu_ros2/model_ws/install/my_robot_brightup/share/my_robot_brightup/package.bash'
[0.938s] INFO:colcon.colcon_core.shell:Creating package script '/home/ubuntu_ros2/model_ws/install/my_robot_brightup/share/my_robot_brightup/package.zsh'
[0.939s] Level 1:colcon.colcon_core.environment:create_file_with_runtime_dependencies(/home/ubuntu_ros2/model_ws/install/my_robot_brightup/share/colcon-core/packages/my_robot_brightup)
[0.957s] DEBUG:colcon.colcon_core.event_handler.log_command:Invoked command in '/home/ubuntu_ros2/model_ws/build/nav2_ipso_planner' returned '0': CMAKE_PREFIX_PATH=${CMAKE_PREFIX_PATH}:/home/ubuntu_ros2/ws_moveit2/install/moveit_configs_utils:/home/ubuntu_ros2/ws_moveit2/install/launch_param_builder:/opt/ros/humble /usr/bin/cmake --build /home/ubuntu_ros2/model_ws/build/nav2_ipso_planner -- -j4 -l4
[0.958s] DEBUG:colcon.colcon_core.event_handler.log_command:Invoking command in '/home/ubuntu_ros2/model_ws/build/nav2_ipso_planner': CMAKE_PREFIX_PATH=${CMAKE_PREFIX_PATH}:/home/ubuntu_ros2/ws_moveit2/install/moveit_configs_utils:/home/ubuntu_ros2/ws_moveit2/install/launch_param_builder:/opt/ros/humble /usr/bin/cmake --install /home/ubuntu_ros2/model_ws/build/nav2_ipso_planner
[0.972s] DEBUG:colcon.colcon_core.event_handler.log_command:Invoked command in '/home/ubuntu_ros2/model_ws/build/nav2_pso_planner' returned '0': CMAKE_PREFIX_PATH=${CMAKE_PREFIX_PATH}:/home/ubuntu_ros2/ws_moveit2/install/moveit_configs_utils:/home/ubuntu_ros2/ws_moveit2/install/launch_param_builder:/opt/ros/humble /usr/bin/cmake --build /home/ubuntu_ros2/model_ws/build/nav2_pso_planner -- -j4 -l4
[0.974s] DEBUG:colcon.colcon_core.event_handler.log_command:Invoking command in '/home/ubuntu_ros2/model_ws/build/nav2_pso_planner': CMAKE_PREFIX_PATH=${CMAKE_PREFIX_PATH}:/home/ubuntu_ros2/ws_moveit2/install/moveit_configs_utils:/home/ubuntu_ros2/ws_moveit2/install/launch_param_builder:/opt/ros/humble /usr/bin/cmake --install /home/ubuntu_ros2/model_ws/build/nav2_pso_planner
[0.989s] Level 1:colcon.colcon_core.environment:create_environment_scripts_only(nav2_ipso_planner)
[0.989s] Level 1:colcon.colcon_core.environment:checking '/home/ubuntu_ros2/model_ws/install/nav2_ipso_planner' for CMake module files
[0.990s] Level 1:colcon.colcon_core.environment:checking '/home/ubuntu_ros2/model_ws/install/nav2_ipso_planner' for CMake config files
[0.991s] DEBUG:colcon.colcon_core.event_handler.log_command:Invoked command in '/home/ubuntu_ros2/model_ws/build/nav2_ipso_planner' returned '0': CMAKE_PREFIX_PATH=${CMAKE_PREFIX_PATH}:/home/ubuntu_ros2/ws_moveit2/install/moveit_configs_utils:/home/ubuntu_ros2/ws_moveit2/install/launch_param_builder:/opt/ros/humble /usr/bin/cmake --install /home/ubuntu_ros2/model_ws/build/nav2_ipso_planner
[0.991s] Level 1:colcon.colcon_core.shell:create_environment_hook('nav2_ipso_planner', 'cmake_prefix_path')
[0.991s] INFO:colcon.colcon_core.shell:Creating environment hook '/home/ubuntu_ros2/model_ws/install/nav2_ipso_planner/share/nav2_ipso_planner/hook/cmake_prefix_path.ps1'
[0.992s] INFO:colcon.colcon_core.shell:Creating environment descriptor '/home/ubuntu_ros2/model_ws/install/nav2_ipso_planner/share/nav2_ipso_planner/hook/cmake_prefix_path.dsv'
[0.995s] INFO:colcon.colcon_core.shell:Creating environment hook '/home/ubuntu_ros2/model_ws/install/nav2_ipso_planner/share/nav2_ipso_planner/hook/cmake_prefix_path.sh'
[0.998s] Level 1:colcon.colcon_core.environment:checking '/home/ubuntu_ros2/model_ws/install/nav2_ipso_planner/lib'
[1.000s] Level 1:colcon.colcon_core.shell:create_environment_hook('nav2_ipso_planner', 'ld_library_path_lib')
[1.000s] INFO:colcon.colcon_core.shell:Creating environment hook '/home/ubuntu_ros2/model_ws/install/nav2_ipso_planner/share/nav2_ipso_planner/hook/ld_library_path_lib.ps1'
[1.003s] INFO:colcon.colcon_core.shell:Creating environment descriptor '/home/ubuntu_ros2/model_ws/install/nav2_ipso_planner/share/nav2_ipso_planner/hook/ld_library_path_lib.dsv'
[1.006s] INFO:colcon.colcon_core.shell:Creating environment hook '/home/ubuntu_ros2/model_ws/install/nav2_ipso_planner/share/nav2_ipso_planner/hook/ld_library_path_lib.sh'
[1.009s] Level 1:colcon.colcon_core.environment:checking '/home/ubuntu_ros2/model_ws/install/nav2_ipso_planner/bin'
[1.010s] Level 1:colcon.colcon_core.environment:checking '/home/ubuntu_ros2/model_ws/install/nav2_ipso_planner/lib/pkgconfig/nav2_ipso_planner.pc'
[1.012s] Level 1:colcon.colcon_core.environment:checking '/home/ubuntu_ros2/model_ws/install/nav2_ipso_planner/lib/python3.10/site-packages'
[1.012s] Level 1:colcon.colcon_core.environment:checking '/home/ubuntu_ros2/model_ws/install/nav2_ipso_planner/bin'
[1.013s] INFO:colcon.colcon_core.shell:Creating package script '/home/ubuntu_ros2/model_ws/install/nav2_ipso_planner/share/nav2_ipso_planner/package.ps1'
[1.018s] INFO:colcon.colcon_core.shell:Creating package descriptor '/home/ubuntu_ros2/model_ws/install/nav2_ipso_planner/share/nav2_ipso_planner/package.dsv'
[1.019s] INFO:colcon.colcon_core.shell:Creating package script '/home/ubuntu_ros2/model_ws/install/nav2_ipso_planner/share/nav2_ipso_planner/package.sh'
[1.020s] INFO:colcon.colcon_core.shell:Creating package script '/home/ubuntu_ros2/model_ws/install/nav2_ipso_planner/share/nav2_ipso_planner/package.bash'
[1.020s] INFO:colcon.colcon_core.shell:Creating package script '/home/ubuntu_ros2/model_ws/install/nav2_ipso_planner/share/nav2_ipso_planner/package.zsh'
[1.021s] Level 1:colcon.colcon_core.environment:create_file_with_runtime_dependencies(/home/ubuntu_ros2/model_ws/install/nav2_ipso_planner/share/colcon-core/packages/nav2_ipso_planner)
[1.021s] Level 1:colcon.colcon_core.environment:create_environment_scripts_only(nav2_ipso_planner)
[1.022s] Level 1:colcon.colcon_core.environment:checking '/home/ubuntu_ros2/model_ws/install/nav2_ipso_planner' for CMake module files
[1.022s] Level 1:colcon.colcon_core.environment:checking '/home/ubuntu_ros2/model_ws/install/nav2_ipso_planner' for CMake config files
[1.022s] Level 1:colcon.colcon_core.shell:create_environment_hook('nav2_ipso_planner', 'cmake_prefix_path')
[1.023s] INFO:colcon.colcon_core.shell:Creating environment hook '/home/ubuntu_ros2/model_ws/install/nav2_ipso_planner/share/nav2_ipso_planner/hook/cmake_prefix_path.ps1'
[1.023s] INFO:colcon.colcon_core.shell:Creating environment descriptor '/home/ubuntu_ros2/model_ws/install/nav2_ipso_planner/share/nav2_ipso_planner/hook/cmake_prefix_path.dsv'
[1.024s] INFO:colcon.colcon_core.shell:Creating environment hook '/home/ubuntu_ros2/model_ws/install/nav2_ipso_planner/share/nav2_ipso_planner/hook/cmake_prefix_path.sh'
[1.024s] Level 1:colcon.colcon_core.environment:checking '/home/ubuntu_ros2/model_ws/install/nav2_ipso_planner/lib'
[1.025s] Level 1:colcon.colcon_core.shell:create_environment_hook('nav2_ipso_planner', 'ld_library_path_lib')
[1.025s] INFO:colcon.colcon_core.shell:Creating environment hook '/home/ubuntu_ros2/model_ws/install/nav2_ipso_planner/share/nav2_ipso_planner/hook/ld_library_path_lib.ps1'
[1.026s] INFO:colcon.colcon_core.shell:Creating environment descriptor '/home/ubuntu_ros2/model_ws/install/nav2_ipso_planner/share/nav2_ipso_planner/hook/ld_library_path_lib.dsv'
[1.028s] INFO:colcon.colcon_core.shell:Creating environment hook '/home/ubuntu_ros2/model_ws/install/nav2_ipso_planner/share/nav2_ipso_planner/hook/ld_library_path_lib.sh'
[1.031s] Level 1:colcon.colcon_core.environment:checking '/home/ubuntu_ros2/model_ws/install/nav2_ipso_planner/bin'
[1.031s] Level 1:colcon.colcon_core.environment:checking '/home/ubuntu_ros2/model_ws/install/nav2_ipso_planner/lib/pkgconfig/nav2_ipso_planner.pc'
[1.031s] Level 1:colcon.colcon_core.environment:checking '/home/ubuntu_ros2/model_ws/install/nav2_ipso_planner/lib/python3.10/site-packages'
[1.032s] Level 1:colcon.colcon_core.environment:checking '/home/ubuntu_ros2/model_ws/install/nav2_ipso_planner/bin'
[1.032s] INFO:colcon.colcon_core.shell:Creating package script '/home/ubuntu_ros2/model_ws/install/nav2_ipso_planner/share/nav2_ipso_planner/package.ps1'
[1.033s] INFO:colcon.colcon_core.shell:Creating package descriptor '/home/ubuntu_ros2/model_ws/install/nav2_ipso_planner/share/nav2_ipso_planner/package.dsv'
[1.034s] INFO:colcon.colcon_core.shell:Creating package script '/home/ubuntu_ros2/model_ws/install/nav2_ipso_planner/share/nav2_ipso_planner/package.sh'
[1.035s] INFO:colcon.colcon_core.shell:Creating package script '/home/ubuntu_ros2/model_ws/install/nav2_ipso_planner/share/nav2_ipso_planner/package.bash'
[1.036s] INFO:colcon.colcon_core.shell:Creating package script '/home/ubuntu_ros2/model_ws/install/nav2_ipso_planner/share/nav2_ipso_planner/package.zsh'
[1.036s] Level 1:colcon.colcon_core.environment:create_file_with_runtime_dependencies(/home/ubuntu_ros2/model_ws/install/nav2_ipso_planner/share/colcon-core/packages/nav2_ipso_planner)
[1.038s] Level 1:colcon.colcon_core.environment:create_environment_scripts_only(nav2_pso_planner)
[1.039s] Level 1:colcon.colcon_core.environment:checking '/home/ubuntu_ros2/model_ws/install/nav2_pso_planner' for CMake module files
[1.040s] DEBUG:colcon.colcon_core.event_handler.log_command:Invoked command in '/home/ubuntu_ros2/model_ws/build/nav2_pso_planner' returned '0': CMAKE_PREFIX_PATH=${CMAKE_PREFIX_PATH}:/home/ubuntu_ros2/ws_moveit2/install/moveit_configs_utils:/home/ubuntu_ros2/ws_moveit2/install/launch_param_builder:/opt/ros/humble /usr/bin/cmake --install /home/ubuntu_ros2/model_ws/build/nav2_pso_planner
[1.040s] Level 1:colcon.colcon_core.environment:checking '/home/ubuntu_ros2/model_ws/install/nav2_pso_planner' for CMake config files
[1.041s] Level 1:colcon.colcon_core.shell:create_environment_hook('nav2_pso_planner', 'cmake_prefix_path')
[1.041s] INFO:colcon.colcon_core.shell:Creating environment hook '/home/ubuntu_ros2/model_ws/install/nav2_pso_planner/share/nav2_pso_planner/hook/cmake_prefix_path.ps1'
[1.042s] INFO:colcon.colcon_core.shell:Creating environment descriptor '/home/ubuntu_ros2/model_ws/install/nav2_pso_planner/share/nav2_pso_planner/hook/cmake_prefix_path.dsv'
[1.045s] INFO:colcon.colcon_core.shell:Creating environment hook '/home/ubuntu_ros2/model_ws/install/nav2_pso_planner/share/nav2_pso_planner/hook/cmake_prefix_path.sh'
[1.049s] Level 1:colcon.colcon_core.environment:checking '/home/ubuntu_ros2/model_ws/install/nav2_pso_planner/lib'
[1.050s] Level 1:colcon.colcon_core.shell:create_environment_hook('nav2_pso_planner', 'ld_library_path_lib')
[1.050s] INFO:colcon.colcon_core.shell:Creating environment hook '/home/ubuntu_ros2/model_ws/install/nav2_pso_planner/share/nav2_pso_planner/hook/ld_library_path_lib.ps1'
[1.051s] INFO:colcon.colcon_core.shell:Creating environment descriptor '/home/ubuntu_ros2/model_ws/install/nav2_pso_planner/share/nav2_pso_planner/hook/ld_library_path_lib.dsv'
[1.052s] INFO:colcon.colcon_core.shell:Creating environment hook '/home/ubuntu_ros2/model_ws/install/nav2_pso_planner/share/nav2_pso_planner/hook/ld_library_path_lib.sh'
[1.054s] Level 1:colcon.colcon_core.environment:checking '/home/ubuntu_ros2/model_ws/install/nav2_pso_planner/bin'
[1.054s] Level 1:colcon.colcon_core.environment:checking '/home/ubuntu_ros2/model_ws/install/nav2_pso_planner/lib/pkgconfig/nav2_pso_planner.pc'
[1.055s] Level 1:colcon.colcon_core.environment:checking '/home/ubuntu_ros2/model_ws/install/nav2_pso_planner/lib/python3.10/site-packages'
[1.055s] Level 1:colcon.colcon_core.environment:checking '/home/ubuntu_ros2/model_ws/install/nav2_pso_planner/bin'
[1.055s] INFO:colcon.colcon_core.shell:Creating package script '/home/ubuntu_ros2/model_ws/install/nav2_pso_planner/share/nav2_pso_planner/package.ps1'
[1.056s] INFO:colcon.colcon_core.shell:Creating package descriptor '/home/ubuntu_ros2/model_ws/install/nav2_pso_planner/share/nav2_pso_planner/package.dsv'
[1.057s] INFO:colcon.colcon_core.shell:Creating package script '/home/ubuntu_ros2/model_ws/install/nav2_pso_planner/share/nav2_pso_planner/package.sh'
[1.058s] INFO:colcon.colcon_core.shell:Creating package script '/home/ubuntu_ros2/model_ws/install/nav2_pso_planner/share/nav2_pso_planner/package.bash'
[1.058s] INFO:colcon.colcon_core.shell:Creating package script '/home/ubuntu_ros2/model_ws/install/nav2_pso_planner/share/nav2_pso_planner/package.zsh'
[1.059s] Level 1:colcon.colcon_core.environment:create_file_with_runtime_dependencies(/home/ubuntu_ros2/model_ws/install/nav2_pso_planner/share/colcon-core/packages/nav2_pso_planner)
[1.061s] Level 1:colcon.colcon_core.environment:create_environment_scripts_only(nav2_pso_planner)
[1.062s] Level 1:colcon.colcon_core.environment:checking '/home/ubuntu_ros2/model_ws/install/nav2_pso_planner' for CMake module files
[1.063s] Level 1:colcon.colcon_core.environment:checking '/home/ubuntu_ros2/model_ws/install/nav2_pso_planner' for CMake config files
[1.064s] Level 1:colcon.colcon_core.shell:create_environment_hook('nav2_pso_planner', 'cmake_prefix_path')
[1.065s] INFO:colcon.colcon_core.shell:Creating environment hook '/home/ubuntu_ros2/model_ws/install/nav2_pso_planner/share/nav2_pso_planner/hook/cmake_prefix_path.ps1'
[1.068s] INFO:colcon.colcon_core.shell:Creating environment descriptor '/home/ubuntu_ros2/model_ws/install/nav2_pso_planner/share/nav2_pso_planner/hook/cmake_prefix_path.dsv'
[1.069s] INFO:colcon.colcon_core.shell:Creating environment hook '/home/ubuntu_ros2/model_ws/install/nav2_pso_planner/share/nav2_pso_planner/hook/cmake_prefix_path.sh'
[1.070s] Level 1:colcon.colcon_core.environment:checking '/home/ubuntu_ros2/model_ws/install/nav2_pso_planner/lib'
[1.070s] Level 1:colcon.colcon_core.shell:create_environment_hook('nav2_pso_planner', 'ld_library_path_lib')
[1.070s] INFO:colcon.colcon_core.shell:Creating environment hook '/home/ubuntu_ros2/model_ws/install/nav2_pso_planner/share/nav2_pso_planner/hook/ld_library_path_lib.ps1'
[1.071s] INFO:colcon.colcon_core.shell:Creating environment descriptor '/home/ubuntu_ros2/model_ws/install/nav2_pso_planner/share/nav2_pso_planner/hook/ld_library_path_lib.dsv'
[1.072s] INFO:colcon.colcon_core.shell:Creating environment hook '/home/ubuntu_ros2/model_ws/install/nav2_pso_planner/share/nav2_pso_planner/hook/ld_library_path_lib.sh'
[1.073s] Level 1:colcon.colcon_core.environment:checking '/home/ubuntu_ros2/model_ws/install/nav2_pso_planner/bin'
[1.074s] Level 1:colcon.colcon_core.environment:checking '/home/ubuntu_ros2/model_ws/install/nav2_pso_planner/lib/pkgconfig/nav2_pso_planner.pc'
[1.074s] Level 1:colcon.colcon_core.environment:checking '/home/ubuntu_ros2/model_ws/install/nav2_pso_planner/lib/python3.10/site-packages'
[1.074s] Level 1:colcon.colcon_core.environment:checking '/home/ubuntu_ros2/model_ws/install/nav2_pso_planner/bin'
[1.077s] INFO:colcon.colcon_core.shell:Creating package script '/home/ubuntu_ros2/model_ws/install/nav2_pso_planner/share/nav2_pso_planner/package.ps1'
[1.079s] INFO:colcon.colcon_core.shell:Creating package descriptor '/home/ubuntu_ros2/model_ws/install/nav2_pso_planner/share/nav2_pso_planner/package.dsv'
[1.080s] INFO:colcon.colcon_core.shell:Creating package script '/home/ubuntu_ros2/model_ws/install/nav2_pso_planner/share/nav2_pso_planner/package.sh'
[1.081s] INFO:colcon.colcon_core.shell:Creating package script '/home/ubuntu_ros2/model_ws/install/nav2_pso_planner/share/nav2_pso_planner/package.bash'
[1.082s] INFO:colcon.colcon_core.shell:Creating package script '/home/ubuntu_ros2/model_ws/install/nav2_pso_planner/share/nav2_pso_planner/package.zsh'
[1.082s] Level 1:colcon.colcon_core.environment:create_file_with_runtime_dependencies(/home/ubuntu_ros2/model_ws/install/nav2_pso_planner/share/colcon-core/packages/nav2_pso_planner)
[1.083s] DEBUG:colcon.colcon_parallel_executor.executor.parallel:closing loop
[1.083s] DEBUG:colcon.colcon_parallel_executor.executor.parallel:loop closed
[1.083s] DEBUG:colcon.colcon_parallel_executor.executor.parallel:run_until_complete finished with '0'
[1.084s] DEBUG:colcon.colcon_core.event_reactor:joining thread
[1.092s] INFO:colcon.colcon_core.plugin_system:Skipping extension 'colcon_notification.desktop_notification.terminal_notifier': Not used on non-Darwin systems
[1.092s] INFO:colcon.colcon_core.plugin_system:Skipping extension 'colcon_notification.desktop_notification.win32': Not used on non-Windows systems
[1.092s] INFO:colcon.colcon_notification.desktop_notification:Sending desktop notification using 'notify2'
[1.113s] DEBUG:colcon.colcon_core.event_reactor:joined thread
[1.113s] INFO:colcon.colcon_core.shell:Creating prefix script '/home/ubuntu_ros2/model_ws/install/local_setup.ps1'
[1.115s] INFO:colcon.colcon_core.shell:Creating prefix util module '/home/ubuntu_ros2/model_ws/install/_local_setup_util_ps1.py'
[1.121s] INFO:colcon.colcon_core.shell:Creating prefix chain script '/home/ubuntu_ros2/model_ws/install/setup.ps1'
[1.127s] INFO:colcon.colcon_core.shell:Creating prefix script '/home/ubuntu_ros2/model_ws/install/local_setup.sh'
[1.128s] INFO:colcon.colcon_core.shell:Creating prefix util module '/home/ubuntu_ros2/model_ws/install/_local_setup_util_sh.py'
[1.129s] INFO:colcon.colcon_core.shell:Creating prefix chain script '/home/ubuntu_ros2/model_ws/install/setup.sh'
[1.136s] INFO:colcon.colcon_core.shell:Creating prefix script '/home/ubuntu_ros2/model_ws/install/local_setup.bash'
[1.140s] INFO:colcon.colcon_core.shell:Creating prefix chain script '/home/ubuntu_ros2/model_ws/install/setup.bash'
[1.145s] INFO:colcon.colcon_core.shell:Creating prefix script '/home/ubuntu_ros2/model_ws/install/local_setup.zsh'
[1.148s] INFO:colcon.colcon_core.shell:Creating prefix chain script '/home/ubuntu_ros2/model_ws/install/setup.zsh'
