[0.038s] Invoking command in '/home/ubuntu_ros2/model_ws/build/nav2_pso_planner': CMAKE_PREFIX_PATH=${CMAKE_PREFIX_PATH}:/home/ubuntu_ros2/ws_moveit2/install/moveit_configs_utils:/home/ubuntu_ros2/ws_moveit2/install/launch_param_builder:/opt/ros/humble /usr/bin/cmake /home/ubuntu_ros2/model_ws/src/nav2_pso_planner -DCMAKE_INSTALL_PREFIX=/home/ubuntu_ros2/model_ws/install/nav2_pso_planner
[0.335s] -- The C compiler identification is GNU 11.4.0
[0.512s] -- The CXX compiler identification is GNU 11.4.0
[0.544s] -- Detecting C compiler ABI info
[0.686s] -- Detecting C compiler ABI info - done
[0.695s] -- Check for working C compiler: /usr/bin/cc - skipped
[0.696s] -- Detecting C compile features
[0.698s] -- Detecting C compile features - done
[0.705s] -- Detecting CXX compiler ABI info
[0.848s] -- Detecting CXX compiler ABI info - done
[0.858s] -- Check for working CXX compiler: /usr/bin/c++ - skipped
[0.858s] -- Detecting CXX compile features
[0.858s] -- Detecting CXX compile features - done
[0.878s] -- Found ament_cmake: 1.3.11 (/opt/ros/humble/share/ament_cmake/cmake)
[1.126s] -- Found Python3: /usr/bin/python3 (found version "3.10.12") found components: Interpreter 
[1.411s] -- Found builtin_interfaces: 1.2.1 (/opt/ros/humble/share/builtin_interfaces/cmake)
[1.550s] -- Found rosidl_generator_c: 3.1.6 (/opt/ros/humble/share/rosidl_generator_c/cmake)
[1.577s] -- Found rosidl_adapter: 3.1.6 (/opt/ros/humble/share/rosidl_adapter/cmake)
[1.614s] -- Found rosidl_generator_cpp: 3.1.6 (/opt/ros/humble/share/rosidl_generator_cpp/cmake)
[1.678s] -- Using all available rosidl_typesupport_c: rosidl_typesupport_fastrtps_c;rosidl_typesupport_introspection_c
[1.745s] -- Using all available rosidl_typesupport_cpp: rosidl_typesupport_fastrtps_cpp;rosidl_typesupport_introspection_cpp
[1.809s] -- Found nav2_common: 1.1.18 (/opt/ros/humble/share/nav2_common/cmake)
[1.825s] -- Found rclcpp: 16.0.12 (/opt/ros/humble/share/rclcpp/cmake)
[1.998s] -- Found rmw_implementation_cmake: 6.1.2 (/opt/ros/humble/share/rmw_implementation_cmake/cmake)
[2.014s] -- Found rmw_fastrtps_cpp: 6.2.7 (/opt/ros/humble/share/rmw_fastrtps_cpp/cmake)
[2.314s] -- Found OpenSSL: /usr/lib/x86_64-linux-gnu/libcrypto.so (found version "3.0.2")  
[2.380s] -- Found FastRTPS: /opt/ros/humble/include  
[2.474s] -- Using RMW implementation 'rmw_fastrtps_cpp' as default
[2.522s] -- Looking for pthread.h
[2.684s] -- Looking for pthread.h - found
[2.684s] -- Performing Test CMAKE_HAVE_LIBC_PTHREAD
[2.819s] -- Performing Test CMAKE_HAVE_LIBC_PTHREAD - Success
[2.823s] -- Found Threads: TRUE  
[2.984s] -- Found rclcpp_lifecycle: 16.0.12 (/opt/ros/humble/share/rclcpp_lifecycle/cmake)
[3.072s] -- Found nav2_core: 1.1.18 (/opt/ros/humble/share/nav2_core/cmake)
[3.735s] -- Found Eigen3: TRUE (found version "3.4.0") 
[3.735s] -- Ensuring Eigen3 include directory is part of orocos-kdl CMake target
[4.030s] -- Setting build type to Release as none was specified.
[4.305s] -- Configuring done
[4.541s] -- Generating done
[4.549s] -- Build files have been written to: /home/ubuntu_ros2/model_ws/build/nav2_pso_planner
[4.567s] Invoked command in '/home/ubuntu_ros2/model_ws/build/nav2_pso_planner' returned '0': CMAKE_PREFIX_PATH=${CMAKE_PREFIX_PATH}:/home/ubuntu_ros2/ws_moveit2/install/moveit_configs_utils:/home/ubuntu_ros2/ws_moveit2/install/launch_param_builder:/opt/ros/humble /usr/bin/cmake /home/ubuntu_ros2/model_ws/src/nav2_pso_planner -DCMAKE_INSTALL_PREFIX=/home/ubuntu_ros2/model_ws/install/nav2_pso_planner
[4.570s] Invoking command in '/home/ubuntu_ros2/model_ws/build/nav2_pso_planner': CMAKE_PREFIX_PATH=${CMAKE_PREFIX_PATH}:/home/ubuntu_ros2/ws_moveit2/install/moveit_configs_utils:/home/ubuntu_ros2/ws_moveit2/install/launch_param_builder:/opt/ros/humble /usr/bin/cmake --build /home/ubuntu_ros2/model_ws/build/nav2_pso_planner -- -j4 -l4
[4.675s] [ 50%] [32mBuilding CXX object CMakeFiles/nav2_pso_planner.dir/src/pso_planner.cpp.o[0m
[4.675s] [ 50%] [32mBuilding CXX object CMakeFiles/nav2_pso_planner.dir/src/pso.cpp.o[0m
[4.688s] [ 75%] [32mBuilding CXX object CMakeFiles/nav2_pso_planner.dir/src/TrajectoryGeneration.cpp.o[0m
[17.068s] [100%] [32m[1mLinking CXX shared library libnav2_pso_planner.so[0m
[17.591s] [100%] Built target nav2_pso_planner
[17.616s] Invoked command in '/home/ubuntu_ros2/model_ws/build/nav2_pso_planner' returned '0': CMAKE_PREFIX_PATH=${CMAKE_PREFIX_PATH}:/home/ubuntu_ros2/ws_moveit2/install/moveit_configs_utils:/home/ubuntu_ros2/ws_moveit2/install/launch_param_builder:/opt/ros/humble /usr/bin/cmake --build /home/ubuntu_ros2/model_ws/build/nav2_pso_planner -- -j4 -l4
[17.619s] Invoking command in '/home/ubuntu_ros2/model_ws/build/nav2_pso_planner': CMAKE_PREFIX_PATH=${CMAKE_PREFIX_PATH}:/home/ubuntu_ros2/ws_moveit2/install/moveit_configs_utils:/home/ubuntu_ros2/ws_moveit2/install/launch_param_builder:/opt/ros/humble /usr/bin/cmake --install /home/ubuntu_ros2/model_ws/build/nav2_pso_planner
[17.634s] -- Install configuration: "Release"
[17.634s] -- Installing: /home/ubuntu_ros2/model_ws/install/nav2_pso_planner/share/nav2_pso_planner/pso_planner.xml
[17.636s] -- Installing: /home/ubuntu_ros2/model_ws/install/nav2_pso_planner/lib/libnav2_pso_planner.so
[17.637s] -- Set runtime path of "/home/ubuntu_ros2/model_ws/install/nav2_pso_planner/lib/libnav2_pso_planner.so" to ""
[17.637s] -- Installing: /home/ubuntu_ros2/model_ws/install/nav2_pso_planner/include/
[17.637s] -- Installing: /home/ubuntu_ros2/model_ws/install/nav2_pso_planner/include//nav2_pso_planner
[17.637s] -- Installing: /home/ubuntu_ros2/model_ws/install/nav2_pso_planner/include//nav2_pso_planner/TrajectoryGeneration.hpp
[17.638s] -- Installing: /home/ubuntu_ros2/model_ws/install/nav2_pso_planner/include//nav2_pso_planner/pso_planner.hpp
[17.638s] -- Installing: /home/ubuntu_ros2/model_ws/install/nav2_pso_planner/include//nav2_pso_planner/pso.hpp
[17.638s] -- Up-to-date: /home/ubuntu_ros2/model_ws/install/nav2_pso_planner/share/nav2_pso_planner/pso_planner.xml
[17.638s] -- Installing: /home/ubuntu_ros2/model_ws/install/nav2_pso_planner/share/nav2_pso_planner/params
[17.638s] -- Installing: /home/ubuntu_ros2/model_ws/install/nav2_pso_planner/share/nav2_pso_planner/params/pso_planner.yaml
[17.639s] -- Installing: /home/ubuntu_ros2/model_ws/install/nav2_pso_planner/share/nav2_pso_planner/environment/library_path.sh
[17.639s] -- Installing: /home/ubuntu_ros2/model_ws/install/nav2_pso_planner/share/nav2_pso_planner/environment/library_path.dsv
[17.639s] -- Installing: /home/ubuntu_ros2/model_ws/install/nav2_pso_planner/share/ament_index/resource_index/package_run_dependencies/nav2_pso_planner
[17.639s] -- Installing: /home/ubuntu_ros2/model_ws/install/nav2_pso_planner/share/ament_index/resource_index/parent_prefix_path/nav2_pso_planner
[17.640s] -- Installing: /home/ubuntu_ros2/model_ws/install/nav2_pso_planner/share/nav2_pso_planner/environment/ament_prefix_path.sh
[17.640s] -- Installing: /home/ubuntu_ros2/model_ws/install/nav2_pso_planner/share/nav2_pso_planner/environment/ament_prefix_path.dsv
[17.641s] -- Installing: /home/ubuntu_ros2/model_ws/install/nav2_pso_planner/share/nav2_pso_planner/environment/path.sh
[17.641s] -- Installing: /home/ubuntu_ros2/model_ws/install/nav2_pso_planner/share/nav2_pso_planner/environment/path.dsv
[17.641s] -- Installing: /home/ubuntu_ros2/model_ws/install/nav2_pso_planner/share/nav2_pso_planner/local_setup.bash
[17.641s] -- Installing: /home/ubuntu_ros2/model_ws/install/nav2_pso_planner/share/nav2_pso_planner/local_setup.sh
[17.642s] -- Installing: /home/ubuntu_ros2/model_ws/install/nav2_pso_planner/share/nav2_pso_planner/local_setup.zsh
[17.642s] -- Installing: /home/ubuntu_ros2/model_ws/install/nav2_pso_planner/share/nav2_pso_planner/local_setup.dsv
[17.643s] -- Installing: /home/ubuntu_ros2/model_ws/install/nav2_pso_planner/share/nav2_pso_planner/package.dsv
[17.643s] -- Installing: /home/ubuntu_ros2/model_ws/install/nav2_pso_planner/share/ament_index/resource_index/packages/nav2_pso_planner
[17.643s] -- Installing: /home/ubuntu_ros2/model_ws/install/nav2_pso_planner/share/ament_index/resource_index/nav2_core__pluginlib__plugin/nav2_pso_planner
[17.643s] -- Installing: /home/ubuntu_ros2/model_ws/install/nav2_pso_planner/share/nav2_pso_planner/cmake/ament_cmake_export_include_directories-extras.cmake
[17.643s] -- Installing: /home/ubuntu_ros2/model_ws/install/nav2_pso_planner/share/nav2_pso_planner/cmake/ament_cmake_export_libraries-extras.cmake
[17.643s] -- Installing: /home/ubuntu_ros2/model_ws/install/nav2_pso_planner/share/nav2_pso_planner/cmake/ament_cmake_export_dependencies-extras.cmake
[17.644s] -- Installing: /home/ubuntu_ros2/model_ws/install/nav2_pso_planner/share/nav2_pso_planner/cmake/nav2_pso_plannerConfig.cmake
[17.644s] -- Installing: /home/ubuntu_ros2/model_ws/install/nav2_pso_planner/share/nav2_pso_planner/cmake/nav2_pso_plannerConfig-version.cmake
[17.645s] -- Installing: /home/ubuntu_ros2/model_ws/install/nav2_pso_planner/share/nav2_pso_planner/package.xml
[17.649s] Invoked command in '/home/ubuntu_ros2/model_ws/build/nav2_pso_planner' returned '0': CMAKE_PREFIX_PATH=${CMAKE_PREFIX_PATH}:/home/ubuntu_ros2/ws_moveit2/install/moveit_configs_utils:/home/ubuntu_ros2/ws_moveit2/install/launch_param_builder:/opt/ros/humble /usr/bin/cmake --install /home/ubuntu_ros2/model_ws/build/nav2_pso_planner
