[0.053s] Invoking command in '/home/ubuntu_ros2/model_ws/build/nav2_ipso_planner': CMAKE_PREFIX_PATH=${CMAKE_PREFIX_PATH}:/home/ubuntu_ros2/ws_moveit2/install/moveit_configs_utils:/home/ubuntu_ros2/ws_moveit2/install/launch_param_builder:/opt/ros/humble /usr/bin/cmake --build /home/ubuntu_ros2/model_ws/build/nav2_ipso_planner -- -j4 -l4
[0.234s] [100%] Built target nav2_ipso_planner
[0.272s] Invoked command in '/home/ubuntu_ros2/model_ws/build/nav2_ipso_planner' returned '0': CMAKE_PREFIX_PATH=${CMAKE_PREFIX_PATH}:/home/ubuntu_ros2/ws_moveit2/install/moveit_configs_utils:/home/ubuntu_ros2/ws_moveit2/install/launch_param_builder:/opt/ros/humble /usr/bin/cmake --build /home/ubuntu_ros2/model_ws/build/nav2_ipso_planner -- -j4 -l4
[0.273s] Invoking command in '/home/ubuntu_ros2/model_ws/build/nav2_ipso_planner': CMAKE_PREFIX_PATH=${CMAKE_PREFIX_PATH}:/home/ubuntu_ros2/ws_moveit2/install/moveit_configs_utils:/home/ubuntu_ros2/ws_moveit2/install/launch_param_builder:/opt/ros/humble /usr/bin/cmake --install /home/ubuntu_ros2/model_ws/build/nav2_ipso_planner
[0.298s] -- Install configuration: "Release"
[0.299s] -- Up-to-date: /home/ubuntu_ros2/model_ws/install/nav2_ipso_planner/share/nav2_ipso_planner/ipso_planner.xml
[0.299s] -- Up-to-date: /home/ubuntu_ros2/model_ws/install/nav2_ipso_planner/lib/libnav2_ipso_planner.so
[0.299s] -- Up-to-date: /home/ubuntu_ros2/model_ws/install/nav2_ipso_planner/include/
[0.299s] -- Up-to-date: /home/ubuntu_ros2/model_ws/install/nav2_ipso_planner/include//nav2_ipso_planner
[0.299s] -- Up-to-date: /home/ubuntu_ros2/model_ws/install/nav2_ipso_planner/include//nav2_ipso_planner/ipso_planner.hpp
[0.299s] -- Up-to-date: /home/ubuntu_ros2/model_ws/install/nav2_ipso_planner/include//nav2_ipso_planner/TrajectoryGeneration.hpp
[0.299s] -- Up-to-date: /home/ubuntu_ros2/model_ws/install/nav2_ipso_planner/include//nav2_ipso_planner/ipso.hpp
[0.299s] -- Up-to-date: /home/ubuntu_ros2/model_ws/install/nav2_ipso_planner/share/nav2_ipso_planner/ipso_planner.xml
[0.299s] -- Up-to-date: /home/ubuntu_ros2/model_ws/install/nav2_ipso_planner/share/nav2_ipso_planner/params
[0.299s] -- Up-to-date: /home/ubuntu_ros2/model_ws/install/nav2_ipso_planner/share/nav2_ipso_planner/params/ipso_planner.yaml
[0.299s] -- Up-to-date: /home/ubuntu_ros2/model_ws/install/nav2_ipso_planner/share/nav2_ipso_planner/environment/library_path.sh
[0.299s] -- Up-to-date: /home/ubuntu_ros2/model_ws/install/nav2_ipso_planner/share/nav2_ipso_planner/environment/library_path.dsv
[0.299s] -- Up-to-date: /home/ubuntu_ros2/model_ws/install/nav2_ipso_planner/share/ament_index/resource_index/package_run_dependencies/nav2_ipso_planner
[0.300s] -- Up-to-date: /home/ubuntu_ros2/model_ws/install/nav2_ipso_planner/share/ament_index/resource_index/parent_prefix_path/nav2_ipso_planner
[0.300s] -- Up-to-date: /home/ubuntu_ros2/model_ws/install/nav2_ipso_planner/share/nav2_ipso_planner/environment/ament_prefix_path.sh
[0.300s] -- Up-to-date: /home/ubuntu_ros2/model_ws/install/nav2_ipso_planner/share/nav2_ipso_planner/environment/ament_prefix_path.dsv
[0.300s] -- Up-to-date: /home/ubuntu_ros2/model_ws/install/nav2_ipso_planner/share/nav2_ipso_planner/environment/path.sh
[0.300s] -- Up-to-date: /home/ubuntu_ros2/model_ws/install/nav2_ipso_planner/share/nav2_ipso_planner/environment/path.dsv
[0.300s] -- Up-to-date: /home/ubuntu_ros2/model_ws/install/nav2_ipso_planner/share/nav2_ipso_planner/local_setup.bash
[0.301s] -- Up-to-date: /home/ubuntu_ros2/model_ws/install/nav2_ipso_planner/share/nav2_ipso_planner/local_setup.sh
[0.301s] -- Up-to-date: /home/ubuntu_ros2/model_ws/install/nav2_ipso_planner/share/nav2_ipso_planner/local_setup.zsh
[0.301s] -- Up-to-date: /home/ubuntu_ros2/model_ws/install/nav2_ipso_planner/share/nav2_ipso_planner/local_setup.dsv
[0.301s] -- Installing: /home/ubuntu_ros2/model_ws/install/nav2_ipso_planner/share/nav2_ipso_planner/package.dsv
[0.301s] -- Up-to-date: /home/ubuntu_ros2/model_ws/install/nav2_ipso_planner/share/ament_index/resource_index/packages/nav2_ipso_planner
[0.301s] -- Up-to-date: /home/ubuntu_ros2/model_ws/install/nav2_ipso_planner/share/ament_index/resource_index/nav2_core__pluginlib__plugin/nav2_ipso_planner
[0.301s] -- Up-to-date: /home/ubuntu_ros2/model_ws/install/nav2_ipso_planner/share/nav2_ipso_planner/cmake/ament_cmake_export_include_directories-extras.cmake
[0.301s] -- Up-to-date: /home/ubuntu_ros2/model_ws/install/nav2_ipso_planner/share/nav2_ipso_planner/cmake/ament_cmake_export_libraries-extras.cmake
[0.301s] -- Up-to-date: /home/ubuntu_ros2/model_ws/install/nav2_ipso_planner/share/nav2_ipso_planner/cmake/ament_cmake_export_dependencies-extras.cmake
[0.301s] -- Up-to-date: /home/ubuntu_ros2/model_ws/install/nav2_ipso_planner/share/nav2_ipso_planner/cmake/nav2_ipso_plannerConfig.cmake
[0.301s] -- Up-to-date: /home/ubuntu_ros2/model_ws/install/nav2_ipso_planner/share/nav2_ipso_planner/cmake/nav2_ipso_plannerConfig-version.cmake
[0.301s] -- Up-to-date: /home/ubuntu_ros2/model_ws/install/nav2_ipso_planner/share/nav2_ipso_planner/package.xml
[0.306s] Invoked command in '/home/ubuntu_ros2/model_ws/build/nav2_ipso_planner' returned '0': CMAKE_PREFIX_PATH=${CMAKE_PREFIX_PATH}:/home/ubuntu_ros2/ws_moveit2/install/moveit_configs_utils:/home/ubuntu_ros2/ws_moveit2/install/launch_param_builder:/opt/ros/humble /usr/bin/cmake --install /home/ubuntu_ros2/model_ws/build/nav2_ipso_planner
