[0.043s] Invoking command in '/home/ubuntu_ros2/model_ws/build/nav2_pso_planner': CMAKE_PREFIX_PATH=${CMAKE_PREFIX_PATH}:/home/ubuntu_ros2/ws_moveit2/install/moveit_configs_utils:/home/ubuntu_ros2/ws_moveit2/install/launch_param_builder:/opt/ros/humble /usr/bin/cmake --build /home/ubuntu_ros2/model_ws/build/nav2_pso_planner -- -j4 -l4
[0.333s] [100%] Built target nav2_pso_planner
[0.366s] Invoked command in '/home/ubuntu_ros2/model_ws/build/nav2_pso_planner' returned '0': CMAKE_PREFIX_PATH=${CMAKE_PREFIX_PATH}:/home/ubuntu_ros2/ws_moveit2/install/moveit_configs_utils:/home/ubuntu_ros2/ws_moveit2/install/launch_param_builder:/opt/ros/humble /usr/bin/cmake --build /home/ubuntu_ros2/model_ws/build/nav2_pso_planner -- -j4 -l4
[0.371s] Invoking command in '/home/ubuntu_ros2/model_ws/build/nav2_pso_planner': CMAKE_PREFIX_PATH=${CMAKE_PREFIX_PATH}:/home/ubuntu_ros2/ws_moveit2/install/moveit_configs_utils:/home/ubuntu_ros2/ws_moveit2/install/launch_param_builder:/opt/ros/humble /usr/bin/cmake --install /home/ubuntu_ros2/model_ws/build/nav2_pso_planner
[0.389s] -- Install configuration: "Release"
[0.391s] -- Up-to-date: /home/ubuntu_ros2/model_ws/install/nav2_pso_planner/share/nav2_pso_planner/pso_planner.xml
[0.392s] -- Up-to-date: /home/ubuntu_ros2/model_ws/install/nav2_pso_planner/lib/libnav2_pso_planner.so
[0.393s] -- Up-to-date: /home/ubuntu_ros2/model_ws/install/nav2_pso_planner/include/
[0.396s] -- Up-to-date: /home/ubuntu_ros2/model_ws/install/nav2_pso_planner/include//nav2_pso_planner
[0.397s] -- Up-to-date: /home/ubuntu_ros2/model_ws/install/nav2_pso_planner/include//nav2_pso_planner/TrajectoryGeneration.hpp
[0.397s] -- Up-to-date: /home/ubuntu_ros2/model_ws/install/nav2_pso_planner/include//nav2_pso_planner/pso_planner.hpp
[0.397s] -- Up-to-date: /home/ubuntu_ros2/model_ws/install/nav2_pso_planner/include//nav2_pso_planner/pso.hpp
[0.397s] -- Up-to-date: /home/ubuntu_ros2/model_ws/install/nav2_pso_planner/share/nav2_pso_planner/pso_planner.xml
[0.399s] -- Up-to-date: /home/ubuntu_ros2/model_ws/install/nav2_pso_planner/share/nav2_pso_planner/params
[0.400s] -- Up-to-date: /home/ubuntu_ros2/model_ws/install/nav2_pso_planner/share/nav2_pso_planner/params/pso_planner.yaml
[0.406s] -- Up-to-date: /home/ubuntu_ros2/model_ws/install/nav2_pso_planner/share/nav2_pso_planner/environment/library_path.sh
[0.406s] -- Up-to-date: /home/ubuntu_ros2/model_ws/install/nav2_pso_planner/share/nav2_pso_planner/environment/library_path.dsv
[0.407s] -- Up-to-date: /home/ubuntu_ros2/model_ws/install/nav2_pso_planner/share/ament_index/resource_index/package_run_dependencies/nav2_pso_planner
[0.407s] -- Up-to-date: /home/ubuntu_ros2/model_ws/install/nav2_pso_planner/share/ament_index/resource_index/parent_prefix_path/nav2_pso_planner
[0.407s] -- Up-to-date: /home/ubuntu_ros2/model_ws/install/nav2_pso_planner/share/nav2_pso_planner/environment/ament_prefix_path.sh
[0.407s] -- Up-to-date: /home/ubuntu_ros2/model_ws/install/nav2_pso_planner/share/nav2_pso_planner/environment/ament_prefix_path.dsv
[0.407s] -- Up-to-date: /home/ubuntu_ros2/model_ws/install/nav2_pso_planner/share/nav2_pso_planner/environment/path.sh
[0.407s] -- Up-to-date: /home/ubuntu_ros2/model_ws/install/nav2_pso_planner/share/nav2_pso_planner/environment/path.dsv
[0.408s] -- Up-to-date: /home/ubuntu_ros2/model_ws/install/nav2_pso_planner/share/nav2_pso_planner/local_setup.bash
[0.408s] -- Up-to-date: /home/ubuntu_ros2/model_ws/install/nav2_pso_planner/share/nav2_pso_planner/local_setup.sh
[0.408s] -- Up-to-date: /home/ubuntu_ros2/model_ws/install/nav2_pso_planner/share/nav2_pso_planner/local_setup.zsh
[0.410s] -- Up-to-date: /home/ubuntu_ros2/model_ws/install/nav2_pso_planner/share/nav2_pso_planner/local_setup.dsv
[0.410s] -- Installing: /home/ubuntu_ros2/model_ws/install/nav2_pso_planner/share/nav2_pso_planner/package.dsv
[0.411s] -- Up-to-date: /home/ubuntu_ros2/model_ws/install/nav2_pso_planner/share/ament_index/resource_index/packages/nav2_pso_planner
[0.411s] -- Up-to-date: /home/ubuntu_ros2/model_ws/install/nav2_pso_planner/share/ament_index/resource_index/nav2_core__pluginlib__plugin/nav2_pso_planner
[0.411s] -- Up-to-date: /home/ubuntu_ros2/model_ws/install/nav2_pso_planner/share/nav2_pso_planner/cmake/ament_cmake_export_include_directories-extras.cmake
[0.411s] -- Up-to-date: /home/ubuntu_ros2/model_ws/install/nav2_pso_planner/share/nav2_pso_planner/cmake/ament_cmake_export_libraries-extras.cmake
[0.411s] -- Up-to-date: /home/ubuntu_ros2/model_ws/install/nav2_pso_planner/share/nav2_pso_planner/cmake/ament_cmake_export_dependencies-extras.cmake
[0.411s] -- Up-to-date: /home/ubuntu_ros2/model_ws/install/nav2_pso_planner/share/nav2_pso_planner/cmake/nav2_pso_plannerConfig.cmake
[0.411s] -- Up-to-date: /home/ubuntu_ros2/model_ws/install/nav2_pso_planner/share/nav2_pso_planner/cmake/nav2_pso_plannerConfig-version.cmake
[0.412s] -- Up-to-date: /home/ubuntu_ros2/model_ws/install/nav2_pso_planner/share/nav2_pso_planner/package.xml
[0.435s] Invoked command in '/home/ubuntu_ros2/model_ws/build/nav2_pso_planner' returned '0': CMAKE_PREFIX_PATH=${CMAKE_PREFIX_PATH}:/home/ubuntu_ros2/ws_moveit2/install/moveit_configs_utils:/home/ubuntu_ros2/ws_moveit2/install/launch_param_builder:/opt/ros/humble /usr/bin/cmake --install /home/ubuntu_ros2/model_ws/build/nav2_pso_planner
