[0.411s] DEBUG:colcon:Command line arguments: ['/usr/bin/colcon', 'build']
[0.411s] DEBUG:colcon:Parsed command line arguments: Namespace(log_base=None, log_level=None, verb_name='build', build_base='build', install_base='install', merge_install=False, symlink_install=False, test_result_base=None, continue_on_error=False, executor='parallel', parallel_workers=4, event_handlers=None, ignore_user_meta=False, metas=['./colcon.meta'], base_paths=['.'], packages_ignore=None, packages_ignore_regex=None, paths=None, packages_up_to=None, packages_up_to_regex=None, packages_above=None, packages_above_and_dependencies=None, packages_above_depth=None, packages_select_by_dep=None, packages_skip_by_dep=None, packages_skip_up_to=None, packages_select_build_failed=False, packages_skip_build_finished=False, packages_select_test_failures=False, packages_skip_test_passed=False, packages_select=None, packages_skip=None, packages_select_regex=None, packages_skip_regex=None, packages_start=None, packages_end=None, allow_overriding=[], cmake_args=None, cmake_target=None, cmake_target_skip_unavailable=False, cmake_clean_cache=False, cmake_clean_first=False, cmake_force_configure=False, ament_cmake_args=None, catkin_cmake_args=None, catkin_skip_building_tests=False, mixin_files=None, mixin=None, verb_parser=<colcon_mixin.mixin.mixin_argument.MixinArgumentDecorator object at 0x7332fd735c90>, verb_extension=<colcon_core.verb.build.BuildVerb object at 0x7332fd735210>, main=<bound method BuildVerb.main of <colcon_core.verb.build.BuildVerb object at 0x7332fd735210>>, mixin_verb=('build',))
[0.820s] Level 1:colcon.colcon_core.package_discovery:discover_packages(colcon_meta) check parameters
[0.821s] Level 1:colcon.colcon_core.package_discovery:discover_packages(recursive) check parameters
[0.821s] Level 1:colcon.colcon_core.package_discovery:discover_packages(ignore) check parameters
[0.821s] Level 1:colcon.colcon_core.package_discovery:discover_packages(path) check parameters
[0.821s] Level 1:colcon.colcon_core.package_discovery:discover_packages(colcon_meta) discover
[0.821s] Level 1:colcon.colcon_core.package_discovery:discover_packages(recursive) discover
[0.821s] INFO:colcon.colcon_core.package_discovery:Crawling recursively for packages in '/home/ubuntu_ros2/model_ws'
[0.821s] Level 1:colcon.colcon_core.package_identification:_identify(.) by extensions ['ignore', 'ignore_ament_install']
[0.821s] Level 1:colcon.colcon_core.package_identification:_identify(.) by extension 'ignore'
[0.821s] Level 1:colcon.colcon_core.package_identification:_identify(.) by extension 'ignore_ament_install'
[0.821s] Level 1:colcon.colcon_core.package_identification:_identify(.) by extensions ['colcon_pkg']
[0.821s] Level 1:colcon.colcon_core.package_identification:_identify(.) by extension 'colcon_pkg'
[0.822s] Level 1:colcon.colcon_core.package_identification:_identify(.) by extensions ['colcon_meta']
[0.822s] Level 1:colcon.colcon_core.package_identification:_identify(.) by extension 'colcon_meta'
[0.822s] Level 1:colcon.colcon_core.package_identification:_identify(.) by extensions ['ros']
[0.822s] Level 1:colcon.colcon_core.package_identification:_identify(.) by extension 'ros'
[0.858s] Level 1:colcon.colcon_core.package_identification:_identify(.) by extensions ['cmake', 'python']
[0.859s] Level 1:colcon.colcon_core.package_identification:_identify(.) by extension 'cmake'
[0.859s] Level 1:colcon.colcon_core.package_identification:_identify(.) by extension 'python'
[0.859s] Level 1:colcon.colcon_core.package_identification:_identify(.) by extensions ['python_setup_py']
[0.859s] Level 1:colcon.colcon_core.package_identification:_identify(.) by extension 'python_setup_py'
[0.859s] Level 1:colcon.colcon_core.package_identification:_identify(build) by extensions ['ignore', 'ignore_ament_install']
[0.859s] Level 1:colcon.colcon_core.package_identification:_identify(build) by extension 'ignore'
[0.859s] Level 1:colcon.colcon_core.package_identification:_identify(build) ignored
[0.859s] Level 1:colcon.colcon_core.package_identification:_identify(install) by extensions ['ignore', 'ignore_ament_install']
[0.859s] Level 1:colcon.colcon_core.package_identification:_identify(install) by extension 'ignore'
[0.859s] Level 1:colcon.colcon_core.package_identification:_identify(install) ignored
[0.859s] Level 1:colcon.colcon_core.package_identification:_identify(log) by extensions ['ignore', 'ignore_ament_install']
[0.859s] Level 1:colcon.colcon_core.package_identification:_identify(log) by extension 'ignore'
[0.860s] Level 1:colcon.colcon_core.package_identification:_identify(log) ignored
[0.860s] Level 1:colcon.colcon_core.package_identification:_identify(src) by extensions ['ignore', 'ignore_ament_install']
[0.860s] Level 1:colcon.colcon_core.package_identification:_identify(src) by extension 'ignore'
[0.860s] Level 1:colcon.colcon_core.package_identification:_identify(src) by extension 'ignore_ament_install'
[0.860s] Level 1:colcon.colcon_core.package_identification:_identify(src) by extensions ['colcon_pkg']
[0.860s] Level 1:colcon.colcon_core.package_identification:_identify(src) by extension 'colcon_pkg'
[0.860s] Level 1:colcon.colcon_core.package_identification:_identify(src) by extensions ['colcon_meta']
[0.860s] Level 1:colcon.colcon_core.package_identification:_identify(src) by extension 'colcon_meta'
[0.860s] Level 1:colcon.colcon_core.package_identification:_identify(src) by extensions ['ros']
[0.860s] Level 1:colcon.colcon_core.package_identification:_identify(src) by extension 'ros'
[0.861s] Level 1:colcon.colcon_core.package_identification:_identify(src) by extensions ['cmake', 'python']
[0.861s] Level 1:colcon.colcon_core.package_identification:_identify(src) by extension 'cmake'
[0.861s] Level 1:colcon.colcon_core.package_identification:_identify(src) by extension 'python'
[0.861s] Level 1:colcon.colcon_core.package_identification:_identify(src) by extensions ['python_setup_py']
[0.861s] Level 1:colcon.colcon_core.package_identification:_identify(src) by extension 'python_setup_py'
[0.861s] Level 1:colcon.colcon_core.package_identification:_identify(src/my_robot_brightup) by extensions ['ignore', 'ignore_ament_install']
[0.861s] Level 1:colcon.colcon_core.package_identification:_identify(src/my_robot_brightup) by extension 'ignore'
[0.861s] Level 1:colcon.colcon_core.package_identification:_identify(src/my_robot_brightup) by extension 'ignore_ament_install'
[0.861s] Level 1:colcon.colcon_core.package_identification:_identify(src/my_robot_brightup) by extensions ['colcon_pkg']
[0.862s] Level 1:colcon.colcon_core.package_identification:_identify(src/my_robot_brightup) by extension 'colcon_pkg'
[0.862s] Level 1:colcon.colcon_core.package_identification:_identify(src/my_robot_brightup) by extensions ['colcon_meta']
[0.862s] Level 1:colcon.colcon_core.package_identification:_identify(src/my_robot_brightup) by extension 'colcon_meta'
[0.862s] Level 1:colcon.colcon_core.package_identification:_identify(src/my_robot_brightup) by extensions ['ros']
[0.862s] Level 1:colcon.colcon_core.package_identification:_identify(src/my_robot_brightup) by extension 'ros'
[0.866s] DEBUG:colcon.colcon_core.package_identification:Package 'src/my_robot_brightup' with type 'ros.ament_cmake' and name 'my_robot_brightup'
[0.868s] Level 1:colcon.colcon_core.package_identification:_identify(src/nav2_ipso_planner) by extensions ['ignore', 'ignore_ament_install']
[0.868s] Level 1:colcon.colcon_core.package_identification:_identify(src/nav2_ipso_planner) by extension 'ignore'
[0.868s] Level 1:colcon.colcon_core.package_identification:_identify(src/nav2_ipso_planner) by extension 'ignore_ament_install'
[0.868s] Level 1:colcon.colcon_core.package_identification:_identify(src/nav2_ipso_planner) by extensions ['colcon_pkg']
[0.868s] Level 1:colcon.colcon_core.package_identification:_identify(src/nav2_ipso_planner) by extension 'colcon_pkg'
[0.868s] Level 1:colcon.colcon_core.package_identification:_identify(src/nav2_ipso_planner) by extensions ['colcon_meta']
[0.868s] Level 1:colcon.colcon_core.package_identification:_identify(src/nav2_ipso_planner) by extension 'colcon_meta'
[0.868s] Level 1:colcon.colcon_core.package_identification:_identify(src/nav2_ipso_planner) by extensions ['ros']
[0.868s] Level 1:colcon.colcon_core.package_identification:_identify(src/nav2_ipso_planner) by extension 'ros'
[0.870s] DEBUG:colcon.colcon_core.package_identification:Package 'src/nav2_ipso_planner' with type 'ros.ament_cmake' and name 'nav2_ipso_planner'
[0.872s] Level 1:colcon.colcon_core.package_identification:_identify(src/nav2_pso_planner) by extensions ['ignore', 'ignore_ament_install']
[0.872s] Level 1:colcon.colcon_core.package_identification:_identify(src/nav2_pso_planner) by extension 'ignore'
[0.872s] Level 1:colcon.colcon_core.package_identification:_identify(src/nav2_pso_planner) by extension 'ignore_ament_install'
[0.872s] Level 1:colcon.colcon_core.package_identification:_identify(src/nav2_pso_planner) by extensions ['colcon_pkg']
[0.872s] Level 1:colcon.colcon_core.package_identification:_identify(src/nav2_pso_planner) by extension 'colcon_pkg'
[0.872s] Level 1:colcon.colcon_core.package_identification:_identify(src/nav2_pso_planner) by extensions ['colcon_meta']
[0.872s] Level 1:colcon.colcon_core.package_identification:_identify(src/nav2_pso_planner) by extension 'colcon_meta'
[0.872s] Level 1:colcon.colcon_core.package_identification:_identify(src/nav2_pso_planner) by extensions ['ros']
[0.872s] Level 1:colcon.colcon_core.package_identification:_identify(src/nav2_pso_planner) by extension 'ros'
[0.874s] DEBUG:colcon.colcon_core.package_identification:Package 'src/nav2_pso_planner' with type 'ros.ament_cmake' and name 'nav2_pso_planner'
[0.874s] Level 1:colcon.colcon_core.package_discovery:discover_packages(recursive) using defaults
[0.874s] Level 1:colcon.colcon_core.package_discovery:discover_packages(ignore) discover
[0.874s] Level 1:colcon.colcon_core.package_discovery:discover_packages(ignore) using defaults
[0.874s] Level 1:colcon.colcon_core.package_discovery:discover_packages(path) discover
[0.874s] Level 1:colcon.colcon_core.package_discovery:discover_packages(path) using defaults
[0.931s] Level 1:colcon.colcon_core.package_discovery:discover_packages(prefix_path) check parameters
[0.931s] Level 1:colcon.colcon_core.package_discovery:discover_packages(prefix_path) discover
[0.941s] DEBUG:colcon.colcon_installed_package_information.package_discovery:Found 55 installed packages in /home/ubuntu_ros2/ws_moveit2/install
[0.943s] DEBUG:colcon.colcon_installed_package_information.package_discovery:Found 398 installed packages in /opt/ros/humble
[0.945s] Level 1:colcon.colcon_core.package_discovery:discover_packages(prefix_path) using defaults
[1.077s] Level 5:colcon.colcon_core.verb:set package 'my_robot_brightup' build argument 'cmake_args' from command line to 'None'
[1.078s] Level 5:colcon.colcon_core.verb:set package 'my_robot_brightup' build argument 'cmake_target' from command line to 'None'
[1.078s] Level 5:colcon.colcon_core.verb:set package 'my_robot_brightup' build argument 'cmake_target_skip_unavailable' from command line to 'False'
[1.078s] Level 5:colcon.colcon_core.verb:set package 'my_robot_brightup' build argument 'cmake_clean_cache' from command line to 'False'
[1.078s] Level 5:colcon.colcon_core.verb:set package 'my_robot_brightup' build argument 'cmake_clean_first' from command line to 'False'
[1.078s] Level 5:colcon.colcon_core.verb:set package 'my_robot_brightup' build argument 'cmake_force_configure' from command line to 'False'
[1.078s] Level 5:colcon.colcon_core.verb:set package 'my_robot_brightup' build argument 'ament_cmake_args' from command line to 'None'
[1.078s] Level 5:colcon.colcon_core.verb:set package 'my_robot_brightup' build argument 'catkin_cmake_args' from command line to 'None'
[1.078s] Level 5:colcon.colcon_core.verb:set package 'my_robot_brightup' build argument 'catkin_skip_building_tests' from command line to 'False'
[1.078s] DEBUG:colcon.colcon_core.verb:Building package 'my_robot_brightup' with the following arguments: {'ament_cmake_args': None, 'build_base': '/home/ubuntu_ros2/model_ws/build/my_robot_brightup', 'catkin_cmake_args': None, 'catkin_skip_building_tests': False, 'cmake_args': None, 'cmake_clean_cache': False, 'cmake_clean_first': False, 'cmake_force_configure': False, 'cmake_target': None, 'cmake_target_skip_unavailable': False, 'install_base': '/home/ubuntu_ros2/model_ws/install/my_robot_brightup', 'merge_install': False, 'path': '/home/ubuntu_ros2/model_ws/src/my_robot_brightup', 'symlink_install': False, 'test_result_base': None}
[1.078s] Level 5:colcon.colcon_core.verb:set package 'nav2_ipso_planner' build argument 'cmake_args' from command line to 'None'
[1.078s] Level 5:colcon.colcon_core.verb:set package 'nav2_ipso_planner' build argument 'cmake_target' from command line to 'None'
[1.078s] Level 5:colcon.colcon_core.verb:set package 'nav2_ipso_planner' build argument 'cmake_target_skip_unavailable' from command line to 'False'
[1.078s] Level 5:colcon.colcon_core.verb:set package 'nav2_ipso_planner' build argument 'cmake_clean_cache' from command line to 'False'
[1.078s] Level 5:colcon.colcon_core.verb:set package 'nav2_ipso_planner' build argument 'cmake_clean_first' from command line to 'False'
[1.078s] Level 5:colcon.colcon_core.verb:set package 'nav2_ipso_planner' build argument 'cmake_force_configure' from command line to 'False'
[1.078s] Level 5:colcon.colcon_core.verb:set package 'nav2_ipso_planner' build argument 'ament_cmake_args' from command line to 'None'
[1.078s] Level 5:colcon.colcon_core.verb:set package 'nav2_ipso_planner' build argument 'catkin_cmake_args' from command line to 'None'
[1.078s] Level 5:colcon.colcon_core.verb:set package 'nav2_ipso_planner' build argument 'catkin_skip_building_tests' from command line to 'False'
[1.078s] DEBUG:colcon.colcon_core.verb:Building package 'nav2_ipso_planner' with the following arguments: {'ament_cmake_args': None, 'build_base': '/home/ubuntu_ros2/model_ws/build/nav2_ipso_planner', 'catkin_cmake_args': None, 'catkin_skip_building_tests': False, 'cmake_args': None, 'cmake_clean_cache': False, 'cmake_clean_first': False, 'cmake_force_configure': False, 'cmake_target': None, 'cmake_target_skip_unavailable': False, 'install_base': '/home/ubuntu_ros2/model_ws/install/nav2_ipso_planner', 'merge_install': False, 'path': '/home/ubuntu_ros2/model_ws/src/nav2_ipso_planner', 'symlink_install': False, 'test_result_base': None}
[1.079s] Level 5:colcon.colcon_core.verb:set package 'nav2_pso_planner' build argument 'cmake_args' from command line to 'None'
[1.079s] Level 5:colcon.colcon_core.verb:set package 'nav2_pso_planner' build argument 'cmake_target' from command line to 'None'
[1.079s] Level 5:colcon.colcon_core.verb:set package 'nav2_pso_planner' build argument 'cmake_target_skip_unavailable' from command line to 'False'
[1.079s] Level 5:colcon.colcon_core.verb:set package 'nav2_pso_planner' build argument 'cmake_clean_cache' from command line to 'False'
[1.079s] Level 5:colcon.colcon_core.verb:set package 'nav2_pso_planner' build argument 'cmake_clean_first' from command line to 'False'
[1.079s] Level 5:colcon.colcon_core.verb:set package 'nav2_pso_planner' build argument 'cmake_force_configure' from command line to 'False'
[1.079s] Level 5:colcon.colcon_core.verb:set package 'nav2_pso_planner' build argument 'ament_cmake_args' from command line to 'None'
[1.079s] Level 5:colcon.colcon_core.verb:set package 'nav2_pso_planner' build argument 'catkin_cmake_args' from command line to 'None'
[1.079s] Level 5:colcon.colcon_core.verb:set package 'nav2_pso_planner' build argument 'catkin_skip_building_tests' from command line to 'False'
[1.079s] DEBUG:colcon.colcon_core.verb:Building package 'nav2_pso_planner' with the following arguments: {'ament_cmake_args': None, 'build_base': '/home/ubuntu_ros2/model_ws/build/nav2_pso_planner', 'catkin_cmake_args': None, 'catkin_skip_building_tests': False, 'cmake_args': None, 'cmake_clean_cache': False, 'cmake_clean_first': False, 'cmake_force_configure': False, 'cmake_target': None, 'cmake_target_skip_unavailable': False, 'install_base': '/home/ubuntu_ros2/model_ws/install/nav2_pso_planner', 'merge_install': False, 'path': '/home/ubuntu_ros2/model_ws/src/nav2_pso_planner', 'symlink_install': False, 'test_result_base': None}
[1.079s] INFO:colcon.colcon_core.executor:Executing jobs using 'parallel' executor
[1.081s] DEBUG:colcon.colcon_parallel_executor.executor.parallel:run_until_complete
[1.081s] INFO:colcon.colcon_ros.task.ament_cmake.build:Building ROS package in '/home/ubuntu_ros2/model_ws/src/my_robot_brightup' with build type 'ament_cmake'
[1.081s] INFO:colcon.colcon_cmake.task.cmake.build:Building CMake package in '/home/ubuntu_ros2/model_ws/src/my_robot_brightup'
[1.090s] INFO:colcon.colcon_core.plugin_system:Skipping extension 'colcon_core.shell.bat': Not used on non-Windows systems
[1.090s] INFO:colcon.colcon_core.shell:Skip shell extension 'powershell' for command environment: Not usable outside of PowerShell
[1.090s] DEBUG:colcon.colcon_core.shell:Skip shell extension 'dsv' for command environment
[1.104s] INFO:colcon.colcon_ros.task.ament_cmake.build:Building ROS package in '/home/ubuntu_ros2/model_ws/src/nav2_ipso_planner' with build type 'ament_cmake'
[1.104s] INFO:colcon.colcon_cmake.task.cmake.build:Building CMake package in '/home/ubuntu_ros2/model_ws/src/nav2_ipso_planner'
[1.104s] INFO:colcon.colcon_core.shell:Skip shell extension 'powershell' for command environment: Not usable outside of PowerShell
[1.104s] DEBUG:colcon.colcon_core.shell:Skip shell extension 'dsv' for command environment
[1.116s] INFO:colcon.colcon_ros.task.ament_cmake.build:Building ROS package in '/home/ubuntu_ros2/model_ws/src/nav2_pso_planner' with build type 'ament_cmake'
[1.116s] INFO:colcon.colcon_cmake.task.cmake.build:Building CMake package in '/home/ubuntu_ros2/model_ws/src/nav2_pso_planner'
[1.116s] INFO:colcon.colcon_core.shell:Skip shell extension 'powershell' for command environment: Not usable outside of PowerShell
[1.117s] DEBUG:colcon.colcon_core.shell:Skip shell extension 'dsv' for command environment
[1.138s] DEBUG:colcon.colcon_core.event_handler.log_command:Invoking command in '/home/ubuntu_ros2/model_ws/build/my_robot_brightup': CMAKE_PREFIX_PATH=${CMAKE_PREFIX_PATH}:/home/ubuntu_ros2/ws_moveit2/install/moveit_configs_utils:/home/ubuntu_ros2/ws_moveit2/install/launch_param_builder:/opt/ros/humble /usr/bin/cmake --build /home/ubuntu_ros2/model_ws/build/my_robot_brightup -- -j4 -l4
[1.153s] DEBUG:colcon.colcon_core.event_handler.log_command:Invoking command in '/home/ubuntu_ros2/model_ws/build/nav2_ipso_planner': CMAKE_PREFIX_PATH=${CMAKE_PREFIX_PATH}:/home/ubuntu_ros2/ws_moveit2/install/moveit_configs_utils:/home/ubuntu_ros2/ws_moveit2/install/launch_param_builder:/opt/ros/humble /usr/bin/cmake --build /home/ubuntu_ros2/model_ws/build/nav2_ipso_planner -- -j4 -l4
[1.160s] DEBUG:colcon.colcon_core.event_handler.log_command:Invoking command in '/home/ubuntu_ros2/model_ws/build/nav2_pso_planner': CMAKE_PREFIX_PATH=${CMAKE_PREFIX_PATH}:/home/ubuntu_ros2/ws_moveit2/install/moveit_configs_utils:/home/ubuntu_ros2/ws_moveit2/install/launch_param_builder:/opt/ros/humble /usr/bin/cmake --build /home/ubuntu_ros2/model_ws/build/nav2_pso_planner -- -j4 -l4
[1.303s] DEBUG:colcon.colcon_core.event_handler.log_command:Invoked command in '/home/ubuntu_ros2/model_ws/build/my_robot_brightup' returned '0': CMAKE_PREFIX_PATH=${CMAKE_PREFIX_PATH}:/home/ubuntu_ros2/ws_moveit2/install/moveit_configs_utils:/home/ubuntu_ros2/ws_moveit2/install/launch_param_builder:/opt/ros/humble /usr/bin/cmake --build /home/ubuntu_ros2/model_ws/build/my_robot_brightup -- -j4 -l4
[1.332s] DEBUG:colcon.colcon_core.event_handler.log_command:Invoking command in '/home/ubuntu_ros2/model_ws/build/my_robot_brightup': CMAKE_PREFIX_PATH=${CMAKE_PREFIX_PATH}:/home/ubuntu_ros2/ws_moveit2/install/moveit_configs_utils:/home/ubuntu_ros2/ws_moveit2/install/launch_param_builder:/opt/ros/humble /usr/bin/cmake --install /home/ubuntu_ros2/model_ws/build/my_robot_brightup
[1.377s] Level 1:colcon.colcon_core.environment:create_environment_scripts_only(my_robot_brightup)
[1.378s] DEBUG:colcon.colcon_core.event_handler.log_command:Invoked command in '/home/ubuntu_ros2/model_ws/build/my_robot_brightup' returned '0': CMAKE_PREFIX_PATH=${CMAKE_PREFIX_PATH}:/home/ubuntu_ros2/ws_moveit2/install/moveit_configs_utils:/home/ubuntu_ros2/ws_moveit2/install/launch_param_builder:/opt/ros/humble /usr/bin/cmake --install /home/ubuntu_ros2/model_ws/build/my_robot_brightup
[1.387s] Level 1:colcon.colcon_core.environment:checking '/home/ubuntu_ros2/model_ws/install/my_robot_brightup' for CMake module files
[1.388s] Level 1:colcon.colcon_core.environment:checking '/home/ubuntu_ros2/model_ws/install/my_robot_brightup' for CMake config files
[1.389s] Level 1:colcon.colcon_core.shell:create_environment_hook('my_robot_brightup', 'cmake_prefix_path')
[1.389s] INFO:colcon.colcon_core.shell:Creating environment hook '/home/ubuntu_ros2/model_ws/install/my_robot_brightup/share/my_robot_brightup/hook/cmake_prefix_path.ps1'
[1.390s] INFO:colcon.colcon_core.shell:Creating environment descriptor '/home/ubuntu_ros2/model_ws/install/my_robot_brightup/share/my_robot_brightup/hook/cmake_prefix_path.dsv'
[1.391s] INFO:colcon.colcon_core.shell:Creating environment hook '/home/ubuntu_ros2/model_ws/install/my_robot_brightup/share/my_robot_brightup/hook/cmake_prefix_path.sh'
[1.392s] Level 1:colcon.colcon_core.environment:checking '/home/ubuntu_ros2/model_ws/install/my_robot_brightup/bin'
[1.392s] Level 1:colcon.colcon_core.environment:checking '/home/ubuntu_ros2/model_ws/install/my_robot_brightup/lib/pkgconfig/my_robot_brightup.pc'
[1.393s] Level 1:colcon.colcon_core.environment:checking '/home/ubuntu_ros2/model_ws/install/my_robot_brightup/lib/python3.10/site-packages'
[1.393s] Level 1:colcon.colcon_core.environment:checking '/home/ubuntu_ros2/model_ws/install/my_robot_brightup/bin'
[1.393s] INFO:colcon.colcon_core.shell:Creating package script '/home/ubuntu_ros2/model_ws/install/my_robot_brightup/share/my_robot_brightup/package.ps1'
[1.394s] INFO:colcon.colcon_core.shell:Creating package descriptor '/home/ubuntu_ros2/model_ws/install/my_robot_brightup/share/my_robot_brightup/package.dsv'
[1.395s] INFO:colcon.colcon_core.shell:Creating package script '/home/ubuntu_ros2/model_ws/install/my_robot_brightup/share/my_robot_brightup/package.sh'
[1.396s] INFO:colcon.colcon_core.shell:Creating package script '/home/ubuntu_ros2/model_ws/install/my_robot_brightup/share/my_robot_brightup/package.bash'
[1.398s] INFO:colcon.colcon_core.shell:Creating package script '/home/ubuntu_ros2/model_ws/install/my_robot_brightup/share/my_robot_brightup/package.zsh'
[1.400s] Level 1:colcon.colcon_core.environment:create_file_with_runtime_dependencies(/home/ubuntu_ros2/model_ws/install/my_robot_brightup/share/colcon-core/packages/my_robot_brightup)
[1.401s] Level 1:colcon.colcon_core.environment:create_environment_scripts_only(my_robot_brightup)
[1.401s] Level 1:colcon.colcon_core.environment:checking '/home/ubuntu_ros2/model_ws/install/my_robot_brightup' for CMake module files
[1.402s] Level 1:colcon.colcon_core.environment:checking '/home/ubuntu_ros2/model_ws/install/my_robot_brightup' for CMake config files
[1.403s] Level 1:colcon.colcon_core.shell:create_environment_hook('my_robot_brightup', 'cmake_prefix_path')
[1.403s] INFO:colcon.colcon_core.shell:Creating environment hook '/home/ubuntu_ros2/model_ws/install/my_robot_brightup/share/my_robot_brightup/hook/cmake_prefix_path.ps1'
[1.404s] INFO:colcon.colcon_core.shell:Creating environment descriptor '/home/ubuntu_ros2/model_ws/install/my_robot_brightup/share/my_robot_brightup/hook/cmake_prefix_path.dsv'
[1.404s] INFO:colcon.colcon_core.shell:Creating environment hook '/home/ubuntu_ros2/model_ws/install/my_robot_brightup/share/my_robot_brightup/hook/cmake_prefix_path.sh'
[1.405s] Level 1:colcon.colcon_core.environment:checking '/home/ubuntu_ros2/model_ws/install/my_robot_brightup/bin'
[1.405s] Level 1:colcon.colcon_core.environment:checking '/home/ubuntu_ros2/model_ws/install/my_robot_brightup/lib/pkgconfig/my_robot_brightup.pc'
[1.405s] Level 1:colcon.colcon_core.environment:checking '/home/ubuntu_ros2/model_ws/install/my_robot_brightup/lib/python3.10/site-packages'
[1.406s] Level 1:colcon.colcon_core.environment:checking '/home/ubuntu_ros2/model_ws/install/my_robot_brightup/bin'
[1.406s] INFO:colcon.colcon_core.shell:Creating package script '/home/ubuntu_ros2/model_ws/install/my_robot_brightup/share/my_robot_brightup/package.ps1'
[1.406s] INFO:colcon.colcon_core.shell:Creating package descriptor '/home/ubuntu_ros2/model_ws/install/my_robot_brightup/share/my_robot_brightup/package.dsv'
[1.408s] INFO:colcon.colcon_core.shell:Creating package script '/home/ubuntu_ros2/model_ws/install/my_robot_brightup/share/my_robot_brightup/package.sh'
[1.409s] INFO:colcon.colcon_core.shell:Creating package script '/home/ubuntu_ros2/model_ws/install/my_robot_brightup/share/my_robot_brightup/package.bash'
[1.411s] INFO:colcon.colcon_core.shell:Creating package script '/home/ubuntu_ros2/model_ws/install/my_robot_brightup/share/my_robot_brightup/package.zsh'
[1.412s] Level 1:colcon.colcon_core.environment:create_file_with_runtime_dependencies(/home/ubuntu_ros2/model_ws/install/my_robot_brightup/share/colcon-core/packages/my_robot_brightup)
[1.473s] DEBUG:colcon.colcon_core.event_handler.log_command:Invoked command in '/home/ubuntu_ros2/model_ws/build/nav2_ipso_planner' returned '0': CMAKE_PREFIX_PATH=${CMAKE_PREFIX_PATH}:/home/ubuntu_ros2/ws_moveit2/install/moveit_configs_utils:/home/ubuntu_ros2/ws_moveit2/install/launch_param_builder:/opt/ros/humble /usr/bin/cmake --build /home/ubuntu_ros2/model_ws/build/nav2_ipso_planner -- -j4 -l4
[1.480s] DEBUG:colcon.colcon_core.event_handler.log_command:Invoking command in '/home/ubuntu_ros2/model_ws/build/nav2_ipso_planner': CMAKE_PREFIX_PATH=${CMAKE_PREFIX_PATH}:/home/ubuntu_ros2/ws_moveit2/install/moveit_configs_utils:/home/ubuntu_ros2/ws_moveit2/install/launch_param_builder:/opt/ros/humble /usr/bin/cmake --install /home/ubuntu_ros2/model_ws/build/nav2_ipso_planner
[1.483s] DEBUG:colcon.colcon_core.event_handler.log_command:Invoked command in '/home/ubuntu_ros2/model_ws/build/nav2_pso_planner' returned '0': CMAKE_PREFIX_PATH=${CMAKE_PREFIX_PATH}:/home/ubuntu_ros2/ws_moveit2/install/moveit_configs_utils:/home/ubuntu_ros2/ws_moveit2/install/launch_param_builder:/opt/ros/humble /usr/bin/cmake --build /home/ubuntu_ros2/model_ws/build/nav2_pso_planner -- -j4 -l4
[1.488s] DEBUG:colcon.colcon_core.event_handler.log_command:Invoking command in '/home/ubuntu_ros2/model_ws/build/nav2_pso_planner': CMAKE_PREFIX_PATH=${CMAKE_PREFIX_PATH}:/home/ubuntu_ros2/ws_moveit2/install/moveit_configs_utils:/home/ubuntu_ros2/ws_moveit2/install/launch_param_builder:/opt/ros/humble /usr/bin/cmake --install /home/ubuntu_ros2/model_ws/build/nav2_pso_planner
[1.519s] Level 1:colcon.colcon_core.environment:create_environment_scripts_only(nav2_ipso_planner)
[1.520s] Level 1:colcon.colcon_core.environment:checking '/home/ubuntu_ros2/model_ws/install/nav2_ipso_planner' for CMake module files
[1.525s] DEBUG:colcon.colcon_core.event_handler.log_command:Invoked command in '/home/ubuntu_ros2/model_ws/build/nav2_ipso_planner' returned '0': CMAKE_PREFIX_PATH=${CMAKE_PREFIX_PATH}:/home/ubuntu_ros2/ws_moveit2/install/moveit_configs_utils:/home/ubuntu_ros2/ws_moveit2/install/launch_param_builder:/opt/ros/humble /usr/bin/cmake --install /home/ubuntu_ros2/model_ws/build/nav2_ipso_planner
[1.527s] Level 1:colcon.colcon_core.environment:checking '/home/ubuntu_ros2/model_ws/install/nav2_ipso_planner' for CMake config files
[1.529s] Level 1:colcon.colcon_core.shell:create_environment_hook('nav2_ipso_planner', 'cmake_prefix_path')
[1.530s] INFO:colcon.colcon_core.shell:Creating environment hook '/home/ubuntu_ros2/model_ws/install/nav2_ipso_planner/share/nav2_ipso_planner/hook/cmake_prefix_path.ps1'
[1.531s] INFO:colcon.colcon_core.shell:Creating environment descriptor '/home/ubuntu_ros2/model_ws/install/nav2_ipso_planner/share/nav2_ipso_planner/hook/cmake_prefix_path.dsv'
[1.532s] INFO:colcon.colcon_core.shell:Creating environment hook '/home/ubuntu_ros2/model_ws/install/nav2_ipso_planner/share/nav2_ipso_planner/hook/cmake_prefix_path.sh'
[1.533s] Level 1:colcon.colcon_core.environment:checking '/home/ubuntu_ros2/model_ws/install/nav2_ipso_planner/lib'
[1.533s] Level 1:colcon.colcon_core.shell:create_environment_hook('nav2_ipso_planner', 'ld_library_path_lib')
[1.533s] INFO:colcon.colcon_core.shell:Creating environment hook '/home/ubuntu_ros2/model_ws/install/nav2_ipso_planner/share/nav2_ipso_planner/hook/ld_library_path_lib.ps1'
[1.534s] INFO:colcon.colcon_core.shell:Creating environment descriptor '/home/ubuntu_ros2/model_ws/install/nav2_ipso_planner/share/nav2_ipso_planner/hook/ld_library_path_lib.dsv'
[1.534s] INFO:colcon.colcon_core.shell:Creating environment hook '/home/ubuntu_ros2/model_ws/install/nav2_ipso_planner/share/nav2_ipso_planner/hook/ld_library_path_lib.sh'
[1.535s] Level 1:colcon.colcon_core.environment:checking '/home/ubuntu_ros2/model_ws/install/nav2_ipso_planner/bin'
[1.535s] Level 1:colcon.colcon_core.environment:checking '/home/ubuntu_ros2/model_ws/install/nav2_ipso_planner/lib/pkgconfig/nav2_ipso_planner.pc'
[1.535s] Level 1:colcon.colcon_core.environment:checking '/home/ubuntu_ros2/model_ws/install/nav2_ipso_planner/lib/python3.10/site-packages'
[1.535s] Level 1:colcon.colcon_core.environment:checking '/home/ubuntu_ros2/model_ws/install/nav2_ipso_planner/bin'
[1.536s] INFO:colcon.colcon_core.shell:Creating package script '/home/ubuntu_ros2/model_ws/install/nav2_ipso_planner/share/nav2_ipso_planner/package.ps1'
[1.536s] INFO:colcon.colcon_core.shell:Creating package descriptor '/home/ubuntu_ros2/model_ws/install/nav2_ipso_planner/share/nav2_ipso_planner/package.dsv'
[1.537s] INFO:colcon.colcon_core.shell:Creating package script '/home/ubuntu_ros2/model_ws/install/nav2_ipso_planner/share/nav2_ipso_planner/package.sh'
[1.537s] INFO:colcon.colcon_core.shell:Creating package script '/home/ubuntu_ros2/model_ws/install/nav2_ipso_planner/share/nav2_ipso_planner/package.bash'
[1.538s] INFO:colcon.colcon_core.shell:Creating package script '/home/ubuntu_ros2/model_ws/install/nav2_ipso_planner/share/nav2_ipso_planner/package.zsh'
[1.538s] Level 1:colcon.colcon_core.environment:create_file_with_runtime_dependencies(/home/ubuntu_ros2/model_ws/install/nav2_ipso_planner/share/colcon-core/packages/nav2_ipso_planner)
[1.540s] Level 1:colcon.colcon_core.environment:create_environment_scripts_only(nav2_ipso_planner)
[1.540s] Level 1:colcon.colcon_core.environment:checking '/home/ubuntu_ros2/model_ws/install/nav2_ipso_planner' for CMake module files
[1.541s] Level 1:colcon.colcon_core.environment:checking '/home/ubuntu_ros2/model_ws/install/nav2_ipso_planner' for CMake config files
[1.541s] Level 1:colcon.colcon_core.shell:create_environment_hook('nav2_ipso_planner', 'cmake_prefix_path')
[1.541s] INFO:colcon.colcon_core.shell:Creating environment hook '/home/ubuntu_ros2/model_ws/install/nav2_ipso_planner/share/nav2_ipso_planner/hook/cmake_prefix_path.ps1'
[1.542s] INFO:colcon.colcon_core.shell:Creating environment descriptor '/home/ubuntu_ros2/model_ws/install/nav2_ipso_planner/share/nav2_ipso_planner/hook/cmake_prefix_path.dsv'
[1.542s] INFO:colcon.colcon_core.shell:Creating environment hook '/home/ubuntu_ros2/model_ws/install/nav2_ipso_planner/share/nav2_ipso_planner/hook/cmake_prefix_path.sh'
[1.543s] Level 1:colcon.colcon_core.environment:checking '/home/ubuntu_ros2/model_ws/install/nav2_ipso_planner/lib'
[1.543s] Level 1:colcon.colcon_core.shell:create_environment_hook('nav2_ipso_planner', 'ld_library_path_lib')
[1.543s] INFO:colcon.colcon_core.shell:Creating environment hook '/home/ubuntu_ros2/model_ws/install/nav2_ipso_planner/share/nav2_ipso_planner/hook/ld_library_path_lib.ps1'
[1.544s] INFO:colcon.colcon_core.shell:Creating environment descriptor '/home/ubuntu_ros2/model_ws/install/nav2_ipso_planner/share/nav2_ipso_planner/hook/ld_library_path_lib.dsv'
[1.544s] INFO:colcon.colcon_core.shell:Creating environment hook '/home/ubuntu_ros2/model_ws/install/nav2_ipso_planner/share/nav2_ipso_planner/hook/ld_library_path_lib.sh'
[1.545s] Level 1:colcon.colcon_core.environment:checking '/home/ubuntu_ros2/model_ws/install/nav2_ipso_planner/bin'
[1.545s] Level 1:colcon.colcon_core.environment:checking '/home/ubuntu_ros2/model_ws/install/nav2_ipso_planner/lib/pkgconfig/nav2_ipso_planner.pc'
[1.545s] Level 1:colcon.colcon_core.environment:checking '/home/ubuntu_ros2/model_ws/install/nav2_ipso_planner/lib/python3.10/site-packages'
[1.546s] Level 1:colcon.colcon_core.environment:checking '/home/ubuntu_ros2/model_ws/install/nav2_ipso_planner/bin'
[1.546s] INFO:colcon.colcon_core.shell:Creating package script '/home/ubuntu_ros2/model_ws/install/nav2_ipso_planner/share/nav2_ipso_planner/package.ps1'
[1.547s] INFO:colcon.colcon_core.shell:Creating package descriptor '/home/ubuntu_ros2/model_ws/install/nav2_ipso_planner/share/nav2_ipso_planner/package.dsv'
[1.547s] INFO:colcon.colcon_core.shell:Creating package script '/home/ubuntu_ros2/model_ws/install/nav2_ipso_planner/share/nav2_ipso_planner/package.sh'
[1.548s] INFO:colcon.colcon_core.shell:Creating package script '/home/ubuntu_ros2/model_ws/install/nav2_ipso_planner/share/nav2_ipso_planner/package.bash'
[1.548s] INFO:colcon.colcon_core.shell:Creating package script '/home/ubuntu_ros2/model_ws/install/nav2_ipso_planner/share/nav2_ipso_planner/package.zsh'
[1.549s] Level 1:colcon.colcon_core.environment:create_file_with_runtime_dependencies(/home/ubuntu_ros2/model_ws/install/nav2_ipso_planner/share/colcon-core/packages/nav2_ipso_planner)
[1.551s] Level 1:colcon.colcon_core.environment:create_environment_scripts_only(nav2_pso_planner)
[1.552s] Level 1:colcon.colcon_core.environment:checking '/home/ubuntu_ros2/model_ws/install/nav2_pso_planner' for CMake module files
[1.552s] DEBUG:colcon.colcon_core.event_handler.log_command:Invoked command in '/home/ubuntu_ros2/model_ws/build/nav2_pso_planner' returned '0': CMAKE_PREFIX_PATH=${CMAKE_PREFIX_PATH}:/home/ubuntu_ros2/ws_moveit2/install/moveit_configs_utils:/home/ubuntu_ros2/ws_moveit2/install/launch_param_builder:/opt/ros/humble /usr/bin/cmake --install /home/ubuntu_ros2/model_ws/build/nav2_pso_planner
[1.553s] Level 1:colcon.colcon_core.environment:checking '/home/ubuntu_ros2/model_ws/install/nav2_pso_planner' for CMake config files
[1.554s] Level 1:colcon.colcon_core.shell:create_environment_hook('nav2_pso_planner', 'cmake_prefix_path')
[1.554s] INFO:colcon.colcon_core.shell:Creating environment hook '/home/ubuntu_ros2/model_ws/install/nav2_pso_planner/share/nav2_pso_planner/hook/cmake_prefix_path.ps1'
[1.555s] INFO:colcon.colcon_core.shell:Creating environment descriptor '/home/ubuntu_ros2/model_ws/install/nav2_pso_planner/share/nav2_pso_planner/hook/cmake_prefix_path.dsv'
[1.555s] INFO:colcon.colcon_core.shell:Creating environment hook '/home/ubuntu_ros2/model_ws/install/nav2_pso_planner/share/nav2_pso_planner/hook/cmake_prefix_path.sh'
[1.556s] Level 1:colcon.colcon_core.environment:checking '/home/ubuntu_ros2/model_ws/install/nav2_pso_planner/lib'
[1.556s] Level 1:colcon.colcon_core.shell:create_environment_hook('nav2_pso_planner', 'ld_library_path_lib')
[1.556s] INFO:colcon.colcon_core.shell:Creating environment hook '/home/ubuntu_ros2/model_ws/install/nav2_pso_planner/share/nav2_pso_planner/hook/ld_library_path_lib.ps1'
[1.557s] INFO:colcon.colcon_core.shell:Creating environment descriptor '/home/ubuntu_ros2/model_ws/install/nav2_pso_planner/share/nav2_pso_planner/hook/ld_library_path_lib.dsv'
[1.557s] INFO:colcon.colcon_core.shell:Creating environment hook '/home/ubuntu_ros2/model_ws/install/nav2_pso_planner/share/nav2_pso_planner/hook/ld_library_path_lib.sh'
[1.558s] Level 1:colcon.colcon_core.environment:checking '/home/ubuntu_ros2/model_ws/install/nav2_pso_planner/bin'
[1.558s] Level 1:colcon.colcon_core.environment:checking '/home/ubuntu_ros2/model_ws/install/nav2_pso_planner/lib/pkgconfig/nav2_pso_planner.pc'
[1.558s] Level 1:colcon.colcon_core.environment:checking '/home/ubuntu_ros2/model_ws/install/nav2_pso_planner/lib/python3.10/site-packages'
[1.558s] Level 1:colcon.colcon_core.environment:checking '/home/ubuntu_ros2/model_ws/install/nav2_pso_planner/bin'
[1.559s] INFO:colcon.colcon_core.shell:Creating package script '/home/ubuntu_ros2/model_ws/install/nav2_pso_planner/share/nav2_pso_planner/package.ps1'
[1.559s] INFO:colcon.colcon_core.shell:Creating package descriptor '/home/ubuntu_ros2/model_ws/install/nav2_pso_planner/share/nav2_pso_planner/package.dsv'
[1.560s] INFO:colcon.colcon_core.shell:Creating package script '/home/ubuntu_ros2/model_ws/install/nav2_pso_planner/share/nav2_pso_planner/package.sh'
[1.560s] INFO:colcon.colcon_core.shell:Creating package script '/home/ubuntu_ros2/model_ws/install/nav2_pso_planner/share/nav2_pso_planner/package.bash'
[1.561s] INFO:colcon.colcon_core.shell:Creating package script '/home/ubuntu_ros2/model_ws/install/nav2_pso_planner/share/nav2_pso_planner/package.zsh'
[1.562s] Level 1:colcon.colcon_core.environment:create_file_with_runtime_dependencies(/home/ubuntu_ros2/model_ws/install/nav2_pso_planner/share/colcon-core/packages/nav2_pso_planner)
[1.564s] Level 1:colcon.colcon_core.environment:create_environment_scripts_only(nav2_pso_planner)
[1.564s] Level 1:colcon.colcon_core.environment:checking '/home/ubuntu_ros2/model_ws/install/nav2_pso_planner' for CMake module files
[1.565s] Level 1:colcon.colcon_core.environment:checking '/home/ubuntu_ros2/model_ws/install/nav2_pso_planner' for CMake config files
[1.565s] Level 1:colcon.colcon_core.shell:create_environment_hook('nav2_pso_planner', 'cmake_prefix_path')
[1.565s] INFO:colcon.colcon_core.shell:Creating environment hook '/home/ubuntu_ros2/model_ws/install/nav2_pso_planner/share/nav2_pso_planner/hook/cmake_prefix_path.ps1'
[1.566s] INFO:colcon.colcon_core.shell:Creating environment descriptor '/home/ubuntu_ros2/model_ws/install/nav2_pso_planner/share/nav2_pso_planner/hook/cmake_prefix_path.dsv'
[1.566s] INFO:colcon.colcon_core.shell:Creating environment hook '/home/ubuntu_ros2/model_ws/install/nav2_pso_planner/share/nav2_pso_planner/hook/cmake_prefix_path.sh'
[1.567s] Level 1:colcon.colcon_core.environment:checking '/home/ubuntu_ros2/model_ws/install/nav2_pso_planner/lib'
[1.567s] Level 1:colcon.colcon_core.shell:create_environment_hook('nav2_pso_planner', 'ld_library_path_lib')
[1.567s] INFO:colcon.colcon_core.shell:Creating environment hook '/home/ubuntu_ros2/model_ws/install/nav2_pso_planner/share/nav2_pso_planner/hook/ld_library_path_lib.ps1'
[1.568s] INFO:colcon.colcon_core.shell:Creating environment descriptor '/home/ubuntu_ros2/model_ws/install/nav2_pso_planner/share/nav2_pso_planner/hook/ld_library_path_lib.dsv'
[1.568s] INFO:colcon.colcon_core.shell:Creating environment hook '/home/ubuntu_ros2/model_ws/install/nav2_pso_planner/share/nav2_pso_planner/hook/ld_library_path_lib.sh'
[1.569s] Level 1:colcon.colcon_core.environment:checking '/home/ubuntu_ros2/model_ws/install/nav2_pso_planner/bin'
[1.569s] Level 1:colcon.colcon_core.environment:checking '/home/ubuntu_ros2/model_ws/install/nav2_pso_planner/lib/pkgconfig/nav2_pso_planner.pc'
[1.569s] Level 1:colcon.colcon_core.environment:checking '/home/ubuntu_ros2/model_ws/install/nav2_pso_planner/lib/python3.10/site-packages'
[1.569s] Level 1:colcon.colcon_core.environment:checking '/home/ubuntu_ros2/model_ws/install/nav2_pso_planner/bin'
[1.570s] INFO:colcon.colcon_core.shell:Creating package script '/home/ubuntu_ros2/model_ws/install/nav2_pso_planner/share/nav2_pso_planner/package.ps1'
[1.570s] INFO:colcon.colcon_core.shell:Creating package descriptor '/home/ubuntu_ros2/model_ws/install/nav2_pso_planner/share/nav2_pso_planner/package.dsv'
[1.571s] INFO:colcon.colcon_core.shell:Creating package script '/home/ubuntu_ros2/model_ws/install/nav2_pso_planner/share/nav2_pso_planner/package.sh'
[1.573s] INFO:colcon.colcon_core.shell:Creating package script '/home/ubuntu_ros2/model_ws/install/nav2_pso_planner/share/nav2_pso_planner/package.bash'
[1.576s] INFO:colcon.colcon_core.shell:Creating package script '/home/ubuntu_ros2/model_ws/install/nav2_pso_planner/share/nav2_pso_planner/package.zsh'
[1.576s] Level 1:colcon.colcon_core.environment:create_file_with_runtime_dependencies(/home/ubuntu_ros2/model_ws/install/nav2_pso_planner/share/colcon-core/packages/nav2_pso_planner)
[1.577s] DEBUG:colcon.colcon_parallel_executor.executor.parallel:closing loop
[1.578s] DEBUG:colcon.colcon_parallel_executor.executor.parallel:loop closed
[1.578s] DEBUG:colcon.colcon_parallel_executor.executor.parallel:run_until_complete finished with '0'
[1.578s] DEBUG:colcon.colcon_core.event_reactor:joining thread
[1.588s] INFO:colcon.colcon_core.plugin_system:Skipping extension 'colcon_notification.desktop_notification.terminal_notifier': Not used on non-Darwin systems
[1.589s] INFO:colcon.colcon_core.plugin_system:Skipping extension 'colcon_notification.desktop_notification.win32': Not used on non-Windows systems
[1.589s] INFO:colcon.colcon_notification.desktop_notification:Sending desktop notification using 'notify2'
[1.615s] DEBUG:colcon.colcon_core.event_reactor:joined thread
[1.616s] INFO:colcon.colcon_core.shell:Creating prefix script '/home/ubuntu_ros2/model_ws/install/local_setup.ps1'
[1.619s] INFO:colcon.colcon_core.shell:Creating prefix util module '/home/ubuntu_ros2/model_ws/install/_local_setup_util_ps1.py'
[1.622s] INFO:colcon.colcon_core.shell:Creating prefix chain script '/home/ubuntu_ros2/model_ws/install/setup.ps1'
[1.633s] INFO:colcon.colcon_core.shell:Creating prefix script '/home/ubuntu_ros2/model_ws/install/local_setup.sh'
[1.634s] INFO:colcon.colcon_core.shell:Creating prefix util module '/home/ubuntu_ros2/model_ws/install/_local_setup_util_sh.py'
[1.635s] INFO:colcon.colcon_core.shell:Creating prefix chain script '/home/ubuntu_ros2/model_ws/install/setup.sh'
[1.639s] INFO:colcon.colcon_core.shell:Creating prefix script '/home/ubuntu_ros2/model_ws/install/local_setup.bash'
[1.641s] INFO:colcon.colcon_core.shell:Creating prefix chain script '/home/ubuntu_ros2/model_ws/install/setup.bash'
[1.645s] INFO:colcon.colcon_core.shell:Creating prefix script '/home/ubuntu_ros2/model_ws/install/local_setup.zsh'
[1.647s] INFO:colcon.colcon_core.shell:Creating prefix chain script '/home/ubuntu_ros2/model_ws/install/setup.zsh'
