[0.134s] DEBUG:colcon:Command line arguments: ['/usr/bin/colcon', 'build']
[0.134s] DEBUG:colcon:Parsed command line arguments: Namespace(log_base=None, log_level=None, verb_name='build', build_base='build', install_base='install', merge_install=False, symlink_install=False, test_result_base=None, continue_on_error=False, executor='parallel', parallel_workers=4, event_handlers=None, ignore_user_meta=False, metas=['./colcon.meta'], base_paths=['.'], packages_ignore=None, packages_ignore_regex=None, paths=None, packages_up_to=None, packages_up_to_regex=None, packages_above=None, packages_above_and_dependencies=None, packages_above_depth=None, packages_select_by_dep=None, packages_skip_by_dep=None, packages_skip_up_to=None, packages_select_build_failed=False, packages_skip_build_finished=False, packages_select_test_failures=False, packages_skip_test_passed=False, packages_select=None, packages_skip=None, packages_select_regex=None, packages_skip_regex=None, packages_start=None, packages_end=None, allow_overriding=[], cmake_args=None, cmake_target=None, cmake_target_skip_unavailable=False, cmake_clean_cache=False, cmake_clean_first=False, cmake_force_configure=False, ament_cmake_args=None, catkin_cmake_args=None, catkin_skip_building_tests=False, mixin_files=None, mixin=None, verb_parser=<colcon_mixin.mixin.mixin_argument.MixinArgumentDecorator object at 0x756504b29c90>, verb_extension=<colcon_core.verb.build.BuildVerb object at 0x756504b29210>, main=<bound method BuildVerb.main of <colcon_core.verb.build.BuildVerb object at 0x756504b29210>>, mixin_verb=('build',))
[0.315s] Level 1:colcon.colcon_core.package_discovery:discover_packages(colcon_meta) check parameters
[0.316s] Level 1:colcon.colcon_core.package_discovery:discover_packages(recursive) check parameters
[0.316s] Level 1:colcon.colcon_core.package_discovery:discover_packages(ignore) check parameters
[0.316s] Level 1:colcon.colcon_core.package_discovery:discover_packages(path) check parameters
[0.316s] Level 1:colcon.colcon_core.package_discovery:discover_packages(colcon_meta) discover
[0.316s] Level 1:colcon.colcon_core.package_discovery:discover_packages(recursive) discover
[0.316s] INFO:colcon.colcon_core.package_discovery:Crawling recursively for packages in '/home/ubuntu_ros2/model_ws'
[0.316s] Level 1:colcon.colcon_core.package_identification:_identify(.) by extensions ['ignore', 'ignore_ament_install']
[0.316s] Level 1:colcon.colcon_core.package_identification:_identify(.) by extension 'ignore'
[0.316s] Level 1:colcon.colcon_core.package_identification:_identify(.) by extension 'ignore_ament_install'
[0.316s] Level 1:colcon.colcon_core.package_identification:_identify(.) by extensions ['colcon_pkg']
[0.316s] Level 1:colcon.colcon_core.package_identification:_identify(.) by extension 'colcon_pkg'
[0.316s] Level 1:colcon.colcon_core.package_identification:_identify(.) by extensions ['colcon_meta']
[0.316s] Level 1:colcon.colcon_core.package_identification:_identify(.) by extension 'colcon_meta'
[0.316s] Level 1:colcon.colcon_core.package_identification:_identify(.) by extensions ['ros']
[0.316s] Level 1:colcon.colcon_core.package_identification:_identify(.) by extension 'ros'
[0.328s] Level 1:colcon.colcon_core.package_identification:_identify(.) by extensions ['cmake', 'python']
[0.328s] Level 1:colcon.colcon_core.package_identification:_identify(.) by extension 'cmake'
[0.328s] Level 1:colcon.colcon_core.package_identification:_identify(.) by extension 'python'
[0.328s] Level 1:colcon.colcon_core.package_identification:_identify(.) by extensions ['python_setup_py']
[0.328s] Level 1:colcon.colcon_core.package_identification:_identify(.) by extension 'python_setup_py'
[0.329s] Level 1:colcon.colcon_core.package_identification:_identify(build) by extensions ['ignore', 'ignore_ament_install']
[0.329s] Level 1:colcon.colcon_core.package_identification:_identify(build) by extension 'ignore'
[0.329s] Level 1:colcon.colcon_core.package_identification:_identify(build) ignored
[0.329s] Level 1:colcon.colcon_core.package_identification:_identify(install) by extensions ['ignore', 'ignore_ament_install']
[0.329s] Level 1:colcon.colcon_core.package_identification:_identify(install) by extension 'ignore'
[0.329s] Level 1:colcon.colcon_core.package_identification:_identify(install) ignored
[0.329s] Level 1:colcon.colcon_core.package_identification:_identify(log) by extensions ['ignore', 'ignore_ament_install']
[0.329s] Level 1:colcon.colcon_core.package_identification:_identify(log) by extension 'ignore'
[0.330s] Level 1:colcon.colcon_core.package_identification:_identify(log) ignored
[0.330s] Level 1:colcon.colcon_core.package_identification:_identify(src) by extensions ['ignore', 'ignore_ament_install']
[0.330s] Level 1:colcon.colcon_core.package_identification:_identify(src) by extension 'ignore'
[0.330s] Level 1:colcon.colcon_core.package_identification:_identify(src) by extension 'ignore_ament_install'
[0.330s] Level 1:colcon.colcon_core.package_identification:_identify(src) by extensions ['colcon_pkg']
[0.330s] Level 1:colcon.colcon_core.package_identification:_identify(src) by extension 'colcon_pkg'
[0.330s] Level 1:colcon.colcon_core.package_identification:_identify(src) by extensions ['colcon_meta']
[0.330s] Level 1:colcon.colcon_core.package_identification:_identify(src) by extension 'colcon_meta'
[0.330s] Level 1:colcon.colcon_core.package_identification:_identify(src) by extensions ['ros']
[0.330s] Level 1:colcon.colcon_core.package_identification:_identify(src) by extension 'ros'
[0.330s] Level 1:colcon.colcon_core.package_identification:_identify(src) by extensions ['cmake', 'python']
[0.330s] Level 1:colcon.colcon_core.package_identification:_identify(src) by extension 'cmake'
[0.330s] Level 1:colcon.colcon_core.package_identification:_identify(src) by extension 'python'
[0.330s] Level 1:colcon.colcon_core.package_identification:_identify(src) by extensions ['python_setup_py']
[0.330s] Level 1:colcon.colcon_core.package_identification:_identify(src) by extension 'python_setup_py'
[0.330s] Level 1:colcon.colcon_core.package_identification:_identify(src/my_robot_brightup) by extensions ['ignore', 'ignore_ament_install']
[0.331s] Level 1:colcon.colcon_core.package_identification:_identify(src/my_robot_brightup) by extension 'ignore'
[0.331s] Level 1:colcon.colcon_core.package_identification:_identify(src/my_robot_brightup) by extension 'ignore_ament_install'
[0.331s] Level 1:colcon.colcon_core.package_identification:_identify(src/my_robot_brightup) by extensions ['colcon_pkg']
[0.331s] Level 1:colcon.colcon_core.package_identification:_identify(src/my_robot_brightup) by extension 'colcon_pkg'
[0.331s] Level 1:colcon.colcon_core.package_identification:_identify(src/my_robot_brightup) by extensions ['colcon_meta']
[0.331s] Level 1:colcon.colcon_core.package_identification:_identify(src/my_robot_brightup) by extension 'colcon_meta'
[0.331s] Level 1:colcon.colcon_core.package_identification:_identify(src/my_robot_brightup) by extensions ['ros']
[0.331s] Level 1:colcon.colcon_core.package_identification:_identify(src/my_robot_brightup) by extension 'ros'
[0.333s] DEBUG:colcon.colcon_core.package_identification:Package 'src/my_robot_brightup' with type 'ros.ament_cmake' and name 'my_robot_brightup'
[0.334s] Level 1:colcon.colcon_core.package_identification:_identify(src/nav2_ipso_planner) by extensions ['ignore', 'ignore_ament_install']
[0.334s] Level 1:colcon.colcon_core.package_identification:_identify(src/nav2_ipso_planner) by extension 'ignore'
[0.334s] Level 1:colcon.colcon_core.package_identification:_identify(src/nav2_ipso_planner) by extension 'ignore_ament_install'
[0.334s] Level 1:colcon.colcon_core.package_identification:_identify(src/nav2_ipso_planner) by extensions ['colcon_pkg']
[0.334s] Level 1:colcon.colcon_core.package_identification:_identify(src/nav2_ipso_planner) by extension 'colcon_pkg'
[0.334s] Level 1:colcon.colcon_core.package_identification:_identify(src/nav2_ipso_planner) by extensions ['colcon_meta']
[0.334s] Level 1:colcon.colcon_core.package_identification:_identify(src/nav2_ipso_planner) by extension 'colcon_meta'
[0.334s] Level 1:colcon.colcon_core.package_identification:_identify(src/nav2_ipso_planner) by extensions ['ros']
[0.334s] Level 1:colcon.colcon_core.package_identification:_identify(src/nav2_ipso_planner) by extension 'ros'
[0.336s] DEBUG:colcon.colcon_core.package_identification:Package 'src/nav2_ipso_planner' with type 'ros.ament_cmake' and name 'nav2_ipso_planner'
[0.336s] Level 1:colcon.colcon_core.package_identification:_identify(src/nav2_pso_planner) by extensions ['ignore', 'ignore_ament_install']
[0.336s] Level 1:colcon.colcon_core.package_identification:_identify(src/nav2_pso_planner) by extension 'ignore'
[0.336s] Level 1:colcon.colcon_core.package_identification:_identify(src/nav2_pso_planner) by extension 'ignore_ament_install'
[0.336s] Level 1:colcon.colcon_core.package_identification:_identify(src/nav2_pso_planner) by extensions ['colcon_pkg']
[0.336s] Level 1:colcon.colcon_core.package_identification:_identify(src/nav2_pso_planner) by extension 'colcon_pkg'
[0.336s] Level 1:colcon.colcon_core.package_identification:_identify(src/nav2_pso_planner) by extensions ['colcon_meta']
[0.336s] Level 1:colcon.colcon_core.package_identification:_identify(src/nav2_pso_planner) by extension 'colcon_meta'
[0.336s] Level 1:colcon.colcon_core.package_identification:_identify(src/nav2_pso_planner) by extensions ['ros']
[0.336s] Level 1:colcon.colcon_core.package_identification:_identify(src/nav2_pso_planner) by extension 'ros'
[0.338s] DEBUG:colcon.colcon_core.package_identification:Package 'src/nav2_pso_planner' with type 'ros.ament_cmake' and name 'nav2_pso_planner'
[0.338s] Level 1:colcon.colcon_core.package_discovery:discover_packages(recursive) using defaults
[0.338s] Level 1:colcon.colcon_core.package_discovery:discover_packages(ignore) discover
[0.338s] Level 1:colcon.colcon_core.package_discovery:discover_packages(ignore) using defaults
[0.338s] Level 1:colcon.colcon_core.package_discovery:discover_packages(path) discover
[0.338s] Level 1:colcon.colcon_core.package_discovery:discover_packages(path) using defaults
[0.370s] Level 1:colcon.colcon_core.package_discovery:discover_packages(prefix_path) check parameters
[0.370s] Level 1:colcon.colcon_core.package_discovery:discover_packages(prefix_path) discover
[0.374s] DEBUG:colcon.colcon_installed_package_information.package_discovery:Found 3 installed packages in /home/ubuntu_ros2/model_ws/install
[0.376s] DEBUG:colcon.colcon_installed_package_information.package_discovery:Found 55 installed packages in /home/ubuntu_ros2/ws_moveit2/install
[0.378s] DEBUG:colcon.colcon_installed_package_information.package_discovery:Found 398 installed packages in /opt/ros/humble
[0.380s] Level 1:colcon.colcon_core.package_discovery:discover_packages(prefix_path) using defaults
[0.442s] Level 5:colcon.colcon_core.verb:set package 'my_robot_brightup' build argument 'cmake_args' from command line to 'None'
[0.442s] Level 5:colcon.colcon_core.verb:set package 'my_robot_brightup' build argument 'cmake_target' from command line to 'None'
[0.442s] Level 5:colcon.colcon_core.verb:set package 'my_robot_brightup' build argument 'cmake_target_skip_unavailable' from command line to 'False'
[0.442s] Level 5:colcon.colcon_core.verb:set package 'my_robot_brightup' build argument 'cmake_clean_cache' from command line to 'False'
[0.442s] Level 5:colcon.colcon_core.verb:set package 'my_robot_brightup' build argument 'cmake_clean_first' from command line to 'False'
[0.442s] Level 5:colcon.colcon_core.verb:set package 'my_robot_brightup' build argument 'cmake_force_configure' from command line to 'False'
[0.442s] Level 5:colcon.colcon_core.verb:set package 'my_robot_brightup' build argument 'ament_cmake_args' from command line to 'None'
[0.442s] Level 5:colcon.colcon_core.verb:set package 'my_robot_brightup' build argument 'catkin_cmake_args' from command line to 'None'
[0.442s] Level 5:colcon.colcon_core.verb:set package 'my_robot_brightup' build argument 'catkin_skip_building_tests' from command line to 'False'
[0.442s] DEBUG:colcon.colcon_core.verb:Building package 'my_robot_brightup' with the following arguments: {'ament_cmake_args': None, 'build_base': '/home/ubuntu_ros2/model_ws/build/my_robot_brightup', 'catkin_cmake_args': None, 'catkin_skip_building_tests': False, 'cmake_args': None, 'cmake_clean_cache': False, 'cmake_clean_first': False, 'cmake_force_configure': False, 'cmake_target': None, 'cmake_target_skip_unavailable': False, 'install_base': '/home/ubuntu_ros2/model_ws/install/my_robot_brightup', 'merge_install': False, 'path': '/home/ubuntu_ros2/model_ws/src/my_robot_brightup', 'symlink_install': False, 'test_result_base': None}
[0.443s] Level 5:colcon.colcon_core.verb:set package 'nav2_ipso_planner' build argument 'cmake_args' from command line to 'None'
[0.443s] Level 5:colcon.colcon_core.verb:set package 'nav2_ipso_planner' build argument 'cmake_target' from command line to 'None'
[0.443s] Level 5:colcon.colcon_core.verb:set package 'nav2_ipso_planner' build argument 'cmake_target_skip_unavailable' from command line to 'False'
[0.443s] Level 5:colcon.colcon_core.verb:set package 'nav2_ipso_planner' build argument 'cmake_clean_cache' from command line to 'False'
[0.443s] Level 5:colcon.colcon_core.verb:set package 'nav2_ipso_planner' build argument 'cmake_clean_first' from command line to 'False'
[0.443s] Level 5:colcon.colcon_core.verb:set package 'nav2_ipso_planner' build argument 'cmake_force_configure' from command line to 'False'
[0.443s] Level 5:colcon.colcon_core.verb:set package 'nav2_ipso_planner' build argument 'ament_cmake_args' from command line to 'None'
[0.443s] Level 5:colcon.colcon_core.verb:set package 'nav2_ipso_planner' build argument 'catkin_cmake_args' from command line to 'None'
[0.443s] Level 5:colcon.colcon_core.verb:set package 'nav2_ipso_planner' build argument 'catkin_skip_building_tests' from command line to 'False'
[0.443s] DEBUG:colcon.colcon_core.verb:Building package 'nav2_ipso_planner' with the following arguments: {'ament_cmake_args': None, 'build_base': '/home/ubuntu_ros2/model_ws/build/nav2_ipso_planner', 'catkin_cmake_args': None, 'catkin_skip_building_tests': False, 'cmake_args': None, 'cmake_clean_cache': False, 'cmake_clean_first': False, 'cmake_force_configure': False, 'cmake_target': None, 'cmake_target_skip_unavailable': False, 'install_base': '/home/ubuntu_ros2/model_ws/install/nav2_ipso_planner', 'merge_install': False, 'path': '/home/ubuntu_ros2/model_ws/src/nav2_ipso_planner', 'symlink_install': False, 'test_result_base': None}
[0.443s] Level 5:colcon.colcon_core.verb:set package 'nav2_pso_planner' build argument 'cmake_args' from command line to 'None'
[0.444s] Level 5:colcon.colcon_core.verb:set package 'nav2_pso_planner' build argument 'cmake_target' from command line to 'None'
[0.444s] Level 5:colcon.colcon_core.verb:set package 'nav2_pso_planner' build argument 'cmake_target_skip_unavailable' from command line to 'False'
[0.444s] Level 5:colcon.colcon_core.verb:set package 'nav2_pso_planner' build argument 'cmake_clean_cache' from command line to 'False'
[0.444s] Level 5:colcon.colcon_core.verb:set package 'nav2_pso_planner' build argument 'cmake_clean_first' from command line to 'False'
[0.444s] Level 5:colcon.colcon_core.verb:set package 'nav2_pso_planner' build argument 'cmake_force_configure' from command line to 'False'
[0.444s] Level 5:colcon.colcon_core.verb:set package 'nav2_pso_planner' build argument 'ament_cmake_args' from command line to 'None'
[0.444s] Level 5:colcon.colcon_core.verb:set package 'nav2_pso_planner' build argument 'catkin_cmake_args' from command line to 'None'
[0.444s] Level 5:colcon.colcon_core.verb:set package 'nav2_pso_planner' build argument 'catkin_skip_building_tests' from command line to 'False'
[0.444s] DEBUG:colcon.colcon_core.verb:Building package 'nav2_pso_planner' with the following arguments: {'ament_cmake_args': None, 'build_base': '/home/ubuntu_ros2/model_ws/build/nav2_pso_planner', 'catkin_cmake_args': None, 'catkin_skip_building_tests': False, 'cmake_args': None, 'cmake_clean_cache': False, 'cmake_clean_first': False, 'cmake_force_configure': False, 'cmake_target': None, 'cmake_target_skip_unavailable': False, 'install_base': '/home/ubuntu_ros2/model_ws/install/nav2_pso_planner', 'merge_install': False, 'path': '/home/ubuntu_ros2/model_ws/src/nav2_pso_planner', 'symlink_install': False, 'test_result_base': None}
[0.444s] INFO:colcon.colcon_core.executor:Executing jobs using 'parallel' executor
[0.445s] DEBUG:colcon.colcon_parallel_executor.executor.parallel:run_until_complete
[0.446s] INFO:colcon.colcon_ros.task.ament_cmake.build:Building ROS package in '/home/ubuntu_ros2/model_ws/src/my_robot_brightup' with build type 'ament_cmake'
[0.446s] INFO:colcon.colcon_cmake.task.cmake.build:Building CMake package in '/home/ubuntu_ros2/model_ws/src/my_robot_brightup'
[0.449s] INFO:colcon.colcon_core.plugin_system:Skipping extension 'colcon_core.shell.bat': Not used on non-Windows systems
[0.449s] INFO:colcon.colcon_core.shell:Skip shell extension 'powershell' for command environment: Not usable outside of PowerShell
[0.449s] DEBUG:colcon.colcon_core.shell:Skip shell extension 'dsv' for command environment
[0.458s] INFO:colcon.colcon_ros.task.ament_cmake.build:Building ROS package in '/home/ubuntu_ros2/model_ws/src/nav2_ipso_planner' with build type 'ament_cmake'
[0.459s] INFO:colcon.colcon_cmake.task.cmake.build:Building CMake package in '/home/ubuntu_ros2/model_ws/src/nav2_ipso_planner'
[0.459s] INFO:colcon.colcon_core.shell:Skip shell extension 'powershell' for command environment: Not usable outside of PowerShell
[0.459s] DEBUG:colcon.colcon_core.shell:Skip shell extension 'dsv' for command environment
[0.474s] INFO:colcon.colcon_ros.task.ament_cmake.build:Building ROS package in '/home/ubuntu_ros2/model_ws/src/nav2_pso_planner' with build type 'ament_cmake'
[0.474s] INFO:colcon.colcon_cmake.task.cmake.build:Building CMake package in '/home/ubuntu_ros2/model_ws/src/nav2_pso_planner'
[0.475s] INFO:colcon.colcon_core.shell:Skip shell extension 'powershell' for command environment: Not usable outside of PowerShell
[0.475s] DEBUG:colcon.colcon_core.shell:Skip shell extension 'dsv' for command environment
[0.500s] DEBUG:colcon.colcon_core.event_handler.log_command:Invoking command in '/home/ubuntu_ros2/model_ws/build/my_robot_brightup': CMAKE_PREFIX_PATH=${CMAKE_PREFIX_PATH}:/home/ubuntu_ros2/ws_moveit2/install/moveit_configs_utils:/home/ubuntu_ros2/ws_moveit2/install/launch_param_builder:/opt/ros/humble /usr/bin/cmake --build /home/ubuntu_ros2/model_ws/build/my_robot_brightup -- -j4 -l4
[0.511s] DEBUG:colcon.colcon_core.event_handler.log_command:Invoking command in '/home/ubuntu_ros2/model_ws/build/nav2_ipso_planner': CMAKE_PREFIX_PATH=${CMAKE_PREFIX_PATH}:/home/ubuntu_ros2/ws_moveit2/install/moveit_configs_utils:/home/ubuntu_ros2/ws_moveit2/install/launch_param_builder:/opt/ros/humble /usr/bin/cmake --build /home/ubuntu_ros2/model_ws/build/nav2_ipso_planner -- -j4 -l4
[0.533s] DEBUG:colcon.colcon_core.event_handler.log_command:Invoking command in '/home/ubuntu_ros2/model_ws/build/nav2_pso_planner': CMAKE_PREFIX_PATH=${CMAKE_PREFIX_PATH}:/home/ubuntu_ros2/ws_moveit2/install/moveit_configs_utils:/home/ubuntu_ros2/ws_moveit2/install/launch_param_builder:/opt/ros/humble /usr/bin/cmake --build /home/ubuntu_ros2/model_ws/build/nav2_pso_planner -- -j4 -l4
[0.604s] DEBUG:colcon.colcon_core.event_handler.log_command:Invoked command in '/home/ubuntu_ros2/model_ws/build/my_robot_brightup' returned '0': CMAKE_PREFIX_PATH=${CMAKE_PREFIX_PATH}:/home/ubuntu_ros2/ws_moveit2/install/moveit_configs_utils:/home/ubuntu_ros2/ws_moveit2/install/launch_param_builder:/opt/ros/humble /usr/bin/cmake --build /home/ubuntu_ros2/model_ws/build/my_robot_brightup -- -j4 -l4
[0.624s] DEBUG:colcon.colcon_core.event_handler.log_command:Invoking command in '/home/ubuntu_ros2/model_ws/build/my_robot_brightup': CMAKE_PREFIX_PATH=${CMAKE_PREFIX_PATH}:/home/ubuntu_ros2/ws_moveit2/install/moveit_configs_utils:/home/ubuntu_ros2/ws_moveit2/install/launch_param_builder:/opt/ros/humble /usr/bin/cmake --install /home/ubuntu_ros2/model_ws/build/my_robot_brightup
[0.646s] Level 1:colcon.colcon_core.environment:create_environment_scripts_only(my_robot_brightup)
[0.648s] Level 1:colcon.colcon_core.environment:checking '/home/ubuntu_ros2/model_ws/install/my_robot_brightup' for CMake module files
[0.652s] Level 1:colcon.colcon_core.environment:checking '/home/ubuntu_ros2/model_ws/install/my_robot_brightup' for CMake config files
[0.652s] Level 1:colcon.colcon_core.shell:create_environment_hook('my_robot_brightup', 'cmake_prefix_path')
[0.653s] INFO:colcon.colcon_core.shell:Creating environment hook '/home/ubuntu_ros2/model_ws/install/my_robot_brightup/share/my_robot_brightup/hook/cmake_prefix_path.ps1'
[0.654s] INFO:colcon.colcon_core.shell:Creating environment descriptor '/home/ubuntu_ros2/model_ws/install/my_robot_brightup/share/my_robot_brightup/hook/cmake_prefix_path.dsv'
[0.651s] DEBUG:colcon.colcon_core.event_handler.log_command:Invoked command in '/home/ubuntu_ros2/model_ws/build/my_robot_brightup' returned '0': CMAKE_PREFIX_PATH=${CMAKE_PREFIX_PATH}:/home/ubuntu_ros2/ws_moveit2/install/moveit_configs_utils:/home/ubuntu_ros2/ws_moveit2/install/launch_param_builder:/opt/ros/humble /usr/bin/cmake --install /home/ubuntu_ros2/model_ws/build/my_robot_brightup
[0.654s] INFO:colcon.colcon_core.shell:Creating environment hook '/home/ubuntu_ros2/model_ws/install/my_robot_brightup/share/my_robot_brightup/hook/cmake_prefix_path.sh'
[0.655s] Level 1:colcon.colcon_core.environment:checking '/home/ubuntu_ros2/model_ws/install/my_robot_brightup/bin'
[0.655s] Level 1:colcon.colcon_core.environment:checking '/home/ubuntu_ros2/model_ws/install/my_robot_brightup/lib/pkgconfig/my_robot_brightup.pc'
[0.656s] Level 1:colcon.colcon_core.environment:checking '/home/ubuntu_ros2/model_ws/install/my_robot_brightup/lib/python3.10/site-packages'
[0.656s] Level 1:colcon.colcon_core.environment:checking '/home/ubuntu_ros2/model_ws/install/my_robot_brightup/bin'
[0.656s] INFO:colcon.colcon_core.shell:Creating package script '/home/ubuntu_ros2/model_ws/install/my_robot_brightup/share/my_robot_brightup/package.ps1'
[0.657s] INFO:colcon.colcon_core.shell:Creating package descriptor '/home/ubuntu_ros2/model_ws/install/my_robot_brightup/share/my_robot_brightup/package.dsv'
[0.658s] INFO:colcon.colcon_core.shell:Creating package script '/home/ubuntu_ros2/model_ws/install/my_robot_brightup/share/my_robot_brightup/package.sh'
[0.661s] INFO:colcon.colcon_core.shell:Creating package script '/home/ubuntu_ros2/model_ws/install/my_robot_brightup/share/my_robot_brightup/package.bash'
[0.663s] INFO:colcon.colcon_core.shell:Creating package script '/home/ubuntu_ros2/model_ws/install/my_robot_brightup/share/my_robot_brightup/package.zsh'
[0.664s] Level 1:colcon.colcon_core.environment:create_file_with_runtime_dependencies(/home/ubuntu_ros2/model_ws/install/my_robot_brightup/share/colcon-core/packages/my_robot_brightup)
[0.664s] Level 1:colcon.colcon_core.environment:create_environment_scripts_only(my_robot_brightup)
[0.665s] Level 1:colcon.colcon_core.environment:checking '/home/ubuntu_ros2/model_ws/install/my_robot_brightup' for CMake module files
[0.665s] Level 1:colcon.colcon_core.environment:checking '/home/ubuntu_ros2/model_ws/install/my_robot_brightup' for CMake config files
[0.666s] Level 1:colcon.colcon_core.shell:create_environment_hook('my_robot_brightup', 'cmake_prefix_path')
[0.666s] INFO:colcon.colcon_core.shell:Creating environment hook '/home/ubuntu_ros2/model_ws/install/my_robot_brightup/share/my_robot_brightup/hook/cmake_prefix_path.ps1'
[0.667s] INFO:colcon.colcon_core.shell:Creating environment descriptor '/home/ubuntu_ros2/model_ws/install/my_robot_brightup/share/my_robot_brightup/hook/cmake_prefix_path.dsv'
[0.667s] INFO:colcon.colcon_core.shell:Creating environment hook '/home/ubuntu_ros2/model_ws/install/my_robot_brightup/share/my_robot_brightup/hook/cmake_prefix_path.sh'
[0.668s] Level 1:colcon.colcon_core.environment:checking '/home/ubuntu_ros2/model_ws/install/my_robot_brightup/bin'
[0.668s] Level 1:colcon.colcon_core.environment:checking '/home/ubuntu_ros2/model_ws/install/my_robot_brightup/lib/pkgconfig/my_robot_brightup.pc'
[0.668s] Level 1:colcon.colcon_core.environment:checking '/home/ubuntu_ros2/model_ws/install/my_robot_brightup/lib/python3.10/site-packages'
[0.668s] Level 1:colcon.colcon_core.environment:checking '/home/ubuntu_ros2/model_ws/install/my_robot_brightup/bin'
[0.669s] INFO:colcon.colcon_core.shell:Creating package script '/home/ubuntu_ros2/model_ws/install/my_robot_brightup/share/my_robot_brightup/package.ps1'
[0.669s] INFO:colcon.colcon_core.shell:Creating package descriptor '/home/ubuntu_ros2/model_ws/install/my_robot_brightup/share/my_robot_brightup/package.dsv'
[0.670s] INFO:colcon.colcon_core.shell:Creating package script '/home/ubuntu_ros2/model_ws/install/my_robot_brightup/share/my_robot_brightup/package.sh'
[0.671s] INFO:colcon.colcon_core.shell:Creating package script '/home/ubuntu_ros2/model_ws/install/my_robot_brightup/share/my_robot_brightup/package.bash'
[0.671s] INFO:colcon.colcon_core.shell:Creating package script '/home/ubuntu_ros2/model_ws/install/my_robot_brightup/share/my_robot_brightup/package.zsh'
[0.672s] Level 1:colcon.colcon_core.environment:create_file_with_runtime_dependencies(/home/ubuntu_ros2/model_ws/install/my_robot_brightup/share/colcon-core/packages/my_robot_brightup)
[0.685s] DEBUG:colcon.colcon_core.event_handler.log_command:Invoked command in '/home/ubuntu_ros2/model_ws/build/nav2_ipso_planner' returned '0': CMAKE_PREFIX_PATH=${CMAKE_PREFIX_PATH}:/home/ubuntu_ros2/ws_moveit2/install/moveit_configs_utils:/home/ubuntu_ros2/ws_moveit2/install/launch_param_builder:/opt/ros/humble /usr/bin/cmake --build /home/ubuntu_ros2/model_ws/build/nav2_ipso_planner -- -j4 -l4
[0.686s] DEBUG:colcon.colcon_core.event_handler.log_command:Invoking command in '/home/ubuntu_ros2/model_ws/build/nav2_ipso_planner': CMAKE_PREFIX_PATH=${CMAKE_PREFIX_PATH}:/home/ubuntu_ros2/ws_moveit2/install/moveit_configs_utils:/home/ubuntu_ros2/ws_moveit2/install/launch_param_builder:/opt/ros/humble /usr/bin/cmake --install /home/ubuntu_ros2/model_ws/build/nav2_ipso_planner
[0.702s] DEBUG:colcon.colcon_core.event_handler.log_command:Invoked command in '/home/ubuntu_ros2/model_ws/build/nav2_pso_planner' returned '0': CMAKE_PREFIX_PATH=${CMAKE_PREFIX_PATH}:/home/ubuntu_ros2/ws_moveit2/install/moveit_configs_utils:/home/ubuntu_ros2/ws_moveit2/install/launch_param_builder:/opt/ros/humble /usr/bin/cmake --build /home/ubuntu_ros2/model_ws/build/nav2_pso_planner -- -j4 -l4
[0.703s] DEBUG:colcon.colcon_core.event_handler.log_command:Invoking command in '/home/ubuntu_ros2/model_ws/build/nav2_pso_planner': CMAKE_PREFIX_PATH=${CMAKE_PREFIX_PATH}:/home/ubuntu_ros2/ws_moveit2/install/moveit_configs_utils:/home/ubuntu_ros2/ws_moveit2/install/launch_param_builder:/opt/ros/humble /usr/bin/cmake --install /home/ubuntu_ros2/model_ws/build/nav2_pso_planner
[0.715s] Level 1:colcon.colcon_core.environment:create_environment_scripts_only(nav2_ipso_planner)
[0.715s] Level 1:colcon.colcon_core.environment:checking '/home/ubuntu_ros2/model_ws/install/nav2_ipso_planner' for CMake module files
[0.716s] Level 1:colcon.colcon_core.environment:checking '/home/ubuntu_ros2/model_ws/install/nav2_ipso_planner' for CMake config files
[0.717s] DEBUG:colcon.colcon_core.event_handler.log_command:Invoked command in '/home/ubuntu_ros2/model_ws/build/nav2_ipso_planner' returned '0': CMAKE_PREFIX_PATH=${CMAKE_PREFIX_PATH}:/home/ubuntu_ros2/ws_moveit2/install/moveit_configs_utils:/home/ubuntu_ros2/ws_moveit2/install/launch_param_builder:/opt/ros/humble /usr/bin/cmake --install /home/ubuntu_ros2/model_ws/build/nav2_ipso_planner
[0.717s] Level 1:colcon.colcon_core.shell:create_environment_hook('nav2_ipso_planner', 'cmake_prefix_path')
[0.717s] INFO:colcon.colcon_core.shell:Creating environment hook '/home/ubuntu_ros2/model_ws/install/nav2_ipso_planner/share/nav2_ipso_planner/hook/cmake_prefix_path.ps1'
[0.718s] INFO:colcon.colcon_core.shell:Creating environment descriptor '/home/ubuntu_ros2/model_ws/install/nav2_ipso_planner/share/nav2_ipso_planner/hook/cmake_prefix_path.dsv'
[0.718s] INFO:colcon.colcon_core.shell:Creating environment hook '/home/ubuntu_ros2/model_ws/install/nav2_ipso_planner/share/nav2_ipso_planner/hook/cmake_prefix_path.sh'
[0.719s] Level 1:colcon.colcon_core.environment:checking '/home/ubuntu_ros2/model_ws/install/nav2_ipso_planner/lib'
[0.719s] Level 1:colcon.colcon_core.shell:create_environment_hook('nav2_ipso_planner', 'ld_library_path_lib')
[0.720s] INFO:colcon.colcon_core.shell:Creating environment hook '/home/ubuntu_ros2/model_ws/install/nav2_ipso_planner/share/nav2_ipso_planner/hook/ld_library_path_lib.ps1'
[0.720s] INFO:colcon.colcon_core.shell:Creating environment descriptor '/home/ubuntu_ros2/model_ws/install/nav2_ipso_planner/share/nav2_ipso_planner/hook/ld_library_path_lib.dsv'
[0.724s] INFO:colcon.colcon_core.shell:Creating environment hook '/home/ubuntu_ros2/model_ws/install/nav2_ipso_planner/share/nav2_ipso_planner/hook/ld_library_path_lib.sh'
[0.725s] Level 1:colcon.colcon_core.environment:checking '/home/ubuntu_ros2/model_ws/install/nav2_ipso_planner/bin'
[0.725s] Level 1:colcon.colcon_core.environment:checking '/home/ubuntu_ros2/model_ws/install/nav2_ipso_planner/lib/pkgconfig/nav2_ipso_planner.pc'
[0.726s] Level 1:colcon.colcon_core.environment:checking '/home/ubuntu_ros2/model_ws/install/nav2_ipso_planner/lib/python3.10/site-packages'
[0.726s] Level 1:colcon.colcon_core.environment:checking '/home/ubuntu_ros2/model_ws/install/nav2_ipso_planner/bin'
[0.726s] INFO:colcon.colcon_core.shell:Creating package script '/home/ubuntu_ros2/model_ws/install/nav2_ipso_planner/share/nav2_ipso_planner/package.ps1'
[0.728s] INFO:colcon.colcon_core.shell:Creating package descriptor '/home/ubuntu_ros2/model_ws/install/nav2_ipso_planner/share/nav2_ipso_planner/package.dsv'
[0.731s] INFO:colcon.colcon_core.shell:Creating package script '/home/ubuntu_ros2/model_ws/install/nav2_ipso_planner/share/nav2_ipso_planner/package.sh'
[0.731s] INFO:colcon.colcon_core.shell:Creating package script '/home/ubuntu_ros2/model_ws/install/nav2_ipso_planner/share/nav2_ipso_planner/package.bash'
[0.732s] INFO:colcon.colcon_core.shell:Creating package script '/home/ubuntu_ros2/model_ws/install/nav2_ipso_planner/share/nav2_ipso_planner/package.zsh'
[0.733s] Level 1:colcon.colcon_core.environment:create_file_with_runtime_dependencies(/home/ubuntu_ros2/model_ws/install/nav2_ipso_planner/share/colcon-core/packages/nav2_ipso_planner)
[0.733s] Level 1:colcon.colcon_core.environment:create_environment_scripts_only(nav2_ipso_planner)
[0.734s] Level 1:colcon.colcon_core.environment:checking '/home/ubuntu_ros2/model_ws/install/nav2_ipso_planner' for CMake module files
[0.734s] Level 1:colcon.colcon_core.environment:checking '/home/ubuntu_ros2/model_ws/install/nav2_ipso_planner' for CMake config files
[0.734s] Level 1:colcon.colcon_core.shell:create_environment_hook('nav2_ipso_planner', 'cmake_prefix_path')
[0.735s] INFO:colcon.colcon_core.shell:Creating environment hook '/home/ubuntu_ros2/model_ws/install/nav2_ipso_planner/share/nav2_ipso_planner/hook/cmake_prefix_path.ps1'
[0.735s] INFO:colcon.colcon_core.shell:Creating environment descriptor '/home/ubuntu_ros2/model_ws/install/nav2_ipso_planner/share/nav2_ipso_planner/hook/cmake_prefix_path.dsv'
[0.736s] INFO:colcon.colcon_core.shell:Creating environment hook '/home/ubuntu_ros2/model_ws/install/nav2_ipso_planner/share/nav2_ipso_planner/hook/cmake_prefix_path.sh'
[0.737s] Level 1:colcon.colcon_core.environment:checking '/home/ubuntu_ros2/model_ws/install/nav2_ipso_planner/lib'
[0.737s] Level 1:colcon.colcon_core.shell:create_environment_hook('nav2_ipso_planner', 'ld_library_path_lib')
[0.737s] INFO:colcon.colcon_core.shell:Creating environment hook '/home/ubuntu_ros2/model_ws/install/nav2_ipso_planner/share/nav2_ipso_planner/hook/ld_library_path_lib.ps1'
[0.737s] INFO:colcon.colcon_core.shell:Creating environment descriptor '/home/ubuntu_ros2/model_ws/install/nav2_ipso_planner/share/nav2_ipso_planner/hook/ld_library_path_lib.dsv'
[0.738s] INFO:colcon.colcon_core.shell:Creating environment hook '/home/ubuntu_ros2/model_ws/install/nav2_ipso_planner/share/nav2_ipso_planner/hook/ld_library_path_lib.sh'
[0.738s] Level 1:colcon.colcon_core.environment:checking '/home/ubuntu_ros2/model_ws/install/nav2_ipso_planner/bin'
[0.739s] Level 1:colcon.colcon_core.environment:checking '/home/ubuntu_ros2/model_ws/install/nav2_ipso_planner/lib/pkgconfig/nav2_ipso_planner.pc'
[0.739s] Level 1:colcon.colcon_core.environment:checking '/home/ubuntu_ros2/model_ws/install/nav2_ipso_planner/lib/python3.10/site-packages'
[0.739s] Level 1:colcon.colcon_core.environment:checking '/home/ubuntu_ros2/model_ws/install/nav2_ipso_planner/bin'
[0.740s] INFO:colcon.colcon_core.shell:Creating package script '/home/ubuntu_ros2/model_ws/install/nav2_ipso_planner/share/nav2_ipso_planner/package.ps1'
[0.740s] INFO:colcon.colcon_core.shell:Creating package descriptor '/home/ubuntu_ros2/model_ws/install/nav2_ipso_planner/share/nav2_ipso_planner/package.dsv'
[0.741s] INFO:colcon.colcon_core.shell:Creating package script '/home/ubuntu_ros2/model_ws/install/nav2_ipso_planner/share/nav2_ipso_planner/package.sh'
[0.742s] INFO:colcon.colcon_core.shell:Creating package script '/home/ubuntu_ros2/model_ws/install/nav2_ipso_planner/share/nav2_ipso_planner/package.bash'
[0.742s] INFO:colcon.colcon_core.shell:Creating package script '/home/ubuntu_ros2/model_ws/install/nav2_ipso_planner/share/nav2_ipso_planner/package.zsh'
[0.743s] Level 1:colcon.colcon_core.environment:create_file_with_runtime_dependencies(/home/ubuntu_ros2/model_ws/install/nav2_ipso_planner/share/colcon-core/packages/nav2_ipso_planner)
[0.745s] Level 1:colcon.colcon_core.environment:create_environment_scripts_only(nav2_pso_planner)
[0.746s] Level 1:colcon.colcon_core.environment:checking '/home/ubuntu_ros2/model_ws/install/nav2_pso_planner' for CMake module files
[0.747s] DEBUG:colcon.colcon_core.event_handler.log_command:Invoked command in '/home/ubuntu_ros2/model_ws/build/nav2_pso_planner' returned '0': CMAKE_PREFIX_PATH=${CMAKE_PREFIX_PATH}:/home/ubuntu_ros2/ws_moveit2/install/moveit_configs_utils:/home/ubuntu_ros2/ws_moveit2/install/launch_param_builder:/opt/ros/humble /usr/bin/cmake --install /home/ubuntu_ros2/model_ws/build/nav2_pso_planner
[0.747s] Level 1:colcon.colcon_core.environment:checking '/home/ubuntu_ros2/model_ws/install/nav2_pso_planner' for CMake config files
[0.747s] Level 1:colcon.colcon_core.shell:create_environment_hook('nav2_pso_planner', 'cmake_prefix_path')
[0.748s] INFO:colcon.colcon_core.shell:Creating environment hook '/home/ubuntu_ros2/model_ws/install/nav2_pso_planner/share/nav2_pso_planner/hook/cmake_prefix_path.ps1'
[0.748s] INFO:colcon.colcon_core.shell:Creating environment descriptor '/home/ubuntu_ros2/model_ws/install/nav2_pso_planner/share/nav2_pso_planner/hook/cmake_prefix_path.dsv'
[0.749s] INFO:colcon.colcon_core.shell:Creating environment hook '/home/ubuntu_ros2/model_ws/install/nav2_pso_planner/share/nav2_pso_planner/hook/cmake_prefix_path.sh'
[0.750s] Level 1:colcon.colcon_core.environment:checking '/home/ubuntu_ros2/model_ws/install/nav2_pso_planner/lib'
[0.750s] Level 1:colcon.colcon_core.shell:create_environment_hook('nav2_pso_planner', 'ld_library_path_lib')
[0.750s] INFO:colcon.colcon_core.shell:Creating environment hook '/home/ubuntu_ros2/model_ws/install/nav2_pso_planner/share/nav2_pso_planner/hook/ld_library_path_lib.ps1'
[0.751s] INFO:colcon.colcon_core.shell:Creating environment descriptor '/home/ubuntu_ros2/model_ws/install/nav2_pso_planner/share/nav2_pso_planner/hook/ld_library_path_lib.dsv'
[0.752s] INFO:colcon.colcon_core.shell:Creating environment hook '/home/ubuntu_ros2/model_ws/install/nav2_pso_planner/share/nav2_pso_planner/hook/ld_library_path_lib.sh'
[0.752s] Level 1:colcon.colcon_core.environment:checking '/home/ubuntu_ros2/model_ws/install/nav2_pso_planner/bin'
[0.753s] Level 1:colcon.colcon_core.environment:checking '/home/ubuntu_ros2/model_ws/install/nav2_pso_planner/lib/pkgconfig/nav2_pso_planner.pc'
[0.755s] Level 1:colcon.colcon_core.environment:checking '/home/ubuntu_ros2/model_ws/install/nav2_pso_planner/lib/python3.10/site-packages'
[0.756s] Level 1:colcon.colcon_core.environment:checking '/home/ubuntu_ros2/model_ws/install/nav2_pso_planner/bin'
[0.756s] INFO:colcon.colcon_core.shell:Creating package script '/home/ubuntu_ros2/model_ws/install/nav2_pso_planner/share/nav2_pso_planner/package.ps1'
[0.757s] INFO:colcon.colcon_core.shell:Creating package descriptor '/home/ubuntu_ros2/model_ws/install/nav2_pso_planner/share/nav2_pso_planner/package.dsv'
[0.758s] INFO:colcon.colcon_core.shell:Creating package script '/home/ubuntu_ros2/model_ws/install/nav2_pso_planner/share/nav2_pso_planner/package.sh'
[0.759s] INFO:colcon.colcon_core.shell:Creating package script '/home/ubuntu_ros2/model_ws/install/nav2_pso_planner/share/nav2_pso_planner/package.bash'
[0.760s] INFO:colcon.colcon_core.shell:Creating package script '/home/ubuntu_ros2/model_ws/install/nav2_pso_planner/share/nav2_pso_planner/package.zsh'
[0.761s] Level 1:colcon.colcon_core.environment:create_file_with_runtime_dependencies(/home/ubuntu_ros2/model_ws/install/nav2_pso_planner/share/colcon-core/packages/nav2_pso_planner)
[0.762s] Level 1:colcon.colcon_core.environment:create_environment_scripts_only(nav2_pso_planner)
[0.762s] Level 1:colcon.colcon_core.environment:checking '/home/ubuntu_ros2/model_ws/install/nav2_pso_planner' for CMake module files
[0.763s] Level 1:colcon.colcon_core.environment:checking '/home/ubuntu_ros2/model_ws/install/nav2_pso_planner' for CMake config files
[0.763s] Level 1:colcon.colcon_core.shell:create_environment_hook('nav2_pso_planner', 'cmake_prefix_path')
[0.764s] INFO:colcon.colcon_core.shell:Creating environment hook '/home/ubuntu_ros2/model_ws/install/nav2_pso_planner/share/nav2_pso_planner/hook/cmake_prefix_path.ps1'
[0.764s] INFO:colcon.colcon_core.shell:Creating environment descriptor '/home/ubuntu_ros2/model_ws/install/nav2_pso_planner/share/nav2_pso_planner/hook/cmake_prefix_path.dsv'
[0.765s] INFO:colcon.colcon_core.shell:Creating environment hook '/home/ubuntu_ros2/model_ws/install/nav2_pso_planner/share/nav2_pso_planner/hook/cmake_prefix_path.sh'
[0.766s] Level 1:colcon.colcon_core.environment:checking '/home/ubuntu_ros2/model_ws/install/nav2_pso_planner/lib'
[0.766s] Level 1:colcon.colcon_core.shell:create_environment_hook('nav2_pso_planner', 'ld_library_path_lib')
[0.767s] INFO:colcon.colcon_core.shell:Creating environment hook '/home/ubuntu_ros2/model_ws/install/nav2_pso_planner/share/nav2_pso_planner/hook/ld_library_path_lib.ps1'
[0.768s] INFO:colcon.colcon_core.shell:Creating environment descriptor '/home/ubuntu_ros2/model_ws/install/nav2_pso_planner/share/nav2_pso_planner/hook/ld_library_path_lib.dsv'
[0.769s] INFO:colcon.colcon_core.shell:Creating environment hook '/home/ubuntu_ros2/model_ws/install/nav2_pso_planner/share/nav2_pso_planner/hook/ld_library_path_lib.sh'
[0.769s] Level 1:colcon.colcon_core.environment:checking '/home/ubuntu_ros2/model_ws/install/nav2_pso_planner/bin'
[0.770s] Level 1:colcon.colcon_core.environment:checking '/home/ubuntu_ros2/model_ws/install/nav2_pso_planner/lib/pkgconfig/nav2_pso_planner.pc'
[0.770s] Level 1:colcon.colcon_core.environment:checking '/home/ubuntu_ros2/model_ws/install/nav2_pso_planner/lib/python3.10/site-packages'
[0.770s] Level 1:colcon.colcon_core.environment:checking '/home/ubuntu_ros2/model_ws/install/nav2_pso_planner/bin'
[0.771s] INFO:colcon.colcon_core.shell:Creating package script '/home/ubuntu_ros2/model_ws/install/nav2_pso_planner/share/nav2_pso_planner/package.ps1'
[0.772s] INFO:colcon.colcon_core.shell:Creating package descriptor '/home/ubuntu_ros2/model_ws/install/nav2_pso_planner/share/nav2_pso_planner/package.dsv'
[0.773s] INFO:colcon.colcon_core.shell:Creating package script '/home/ubuntu_ros2/model_ws/install/nav2_pso_planner/share/nav2_pso_planner/package.sh'
[0.774s] INFO:colcon.colcon_core.shell:Creating package script '/home/ubuntu_ros2/model_ws/install/nav2_pso_planner/share/nav2_pso_planner/package.bash'
[0.774s] INFO:colcon.colcon_core.shell:Creating package script '/home/ubuntu_ros2/model_ws/install/nav2_pso_planner/share/nav2_pso_planner/package.zsh'
[0.775s] Level 1:colcon.colcon_core.environment:create_file_with_runtime_dependencies(/home/ubuntu_ros2/model_ws/install/nav2_pso_planner/share/colcon-core/packages/nav2_pso_planner)
[0.776s] DEBUG:colcon.colcon_parallel_executor.executor.parallel:closing loop
[0.777s] DEBUG:colcon.colcon_parallel_executor.executor.parallel:loop closed
[0.777s] DEBUG:colcon.colcon_parallel_executor.executor.parallel:run_until_complete finished with '0'
[0.777s] DEBUG:colcon.colcon_core.event_reactor:joining thread
[0.790s] INFO:colcon.colcon_core.plugin_system:Skipping extension 'colcon_notification.desktop_notification.terminal_notifier': Not used on non-Darwin systems
[0.791s] INFO:colcon.colcon_core.plugin_system:Skipping extension 'colcon_notification.desktop_notification.win32': Not used on non-Windows systems
[0.791s] INFO:colcon.colcon_notification.desktop_notification:Sending desktop notification using 'notify2'
[0.805s] DEBUG:colcon.colcon_core.event_reactor:joined thread
[0.806s] INFO:colcon.colcon_core.shell:Creating prefix script '/home/ubuntu_ros2/model_ws/install/local_setup.ps1'
[0.809s] INFO:colcon.colcon_core.shell:Creating prefix util module '/home/ubuntu_ros2/model_ws/install/_local_setup_util_ps1.py'
[0.812s] INFO:colcon.colcon_core.shell:Creating prefix chain script '/home/ubuntu_ros2/model_ws/install/setup.ps1'
[0.820s] INFO:colcon.colcon_core.shell:Creating prefix script '/home/ubuntu_ros2/model_ws/install/local_setup.sh'
[0.821s] INFO:colcon.colcon_core.shell:Creating prefix util module '/home/ubuntu_ros2/model_ws/install/_local_setup_util_sh.py'
[0.822s] INFO:colcon.colcon_core.shell:Creating prefix chain script '/home/ubuntu_ros2/model_ws/install/setup.sh'
[0.829s] INFO:colcon.colcon_core.shell:Creating prefix script '/home/ubuntu_ros2/model_ws/install/local_setup.bash'
[0.831s] INFO:colcon.colcon_core.shell:Creating prefix chain script '/home/ubuntu_ros2/model_ws/install/setup.bash'
[0.838s] INFO:colcon.colcon_core.shell:Creating prefix script '/home/ubuntu_ros2/model_ws/install/local_setup.zsh'
[0.838s] INFO:colcon.colcon_core.shell:Creating prefix chain script '/home/ubuntu_ros2/model_ws/install/setup.zsh'
